Log file open, 05/22/22 18:53:38
LogWindows: Failed to load 'aqProf.dll' (GetLastError=126)
LogWindows: File 'aqProf.dll' does not exist
LogWindows: Failed to load 'VtuneApi.dll' (GetLastError=126)
LogWindows: File 'VtuneApi.dll' does not exist
LogWindows: Failed to load 'VtuneApi32e.dll' (GetLastError=126)
LogWindows: File 'VtuneApi32e.dll' does not exist
LogConsoleResponse: Display: Failed to find resolution value strings in scalability ini. Falling back to default.
LogConsoleResponse: Display: Failed to find resolution value strings in scalability ini. Falling back to default.
LogInit: Display: Running engine for game: HorrorEngine
LogPlatformFile: Not using cached read wrapper
LogTaskGraph: Started task graph with 5 named threads and 23 total threads with 3 sets of task threads.
LogStats: Stats thread started at 0.330393
LogICUInternationalization: ICU TimeZone Detection - Raw Offset: +9:00, Platform Override: ''
LogInit: Display: Loading text-based GConfig....
LogPluginManager: Mounting plugin MeshPainting
LogPluginManager: Mounting plugin XGEController
LogPluginManager: Mounting plugin Paper2D
LogPluginManager: Mounting plugin LiveLink
LogPluginManager: Mounting plugin EnvironmentQueryEditor
LogPluginManager: Mounting plugin AISupport
LogPluginManager: Mounting plugin CameraShakePreviewer
LogPluginManager: Mounting plugin LightPropagationVolume
LogPluginManager: Mounting plugin GameplayCameras
LogPluginManager: Mounting plugin OodleData
LogPluginManager: Mounting plugin OodleNetwork
LogPluginManager: Mounting plugin AnimationSharing
LogPluginManager: Mounting plugin CLionSourceCodeAccess
LogPluginManager: Mounting plugin CodeLiteSourceCodeAccess
LogPluginManager: Mounting plugin KDevelopSourceCodeAccess
LogPluginManager: Mounting plugin GitSourceControl
LogPluginManager: Mounting plugin NullSourceCodeAccess
LogPluginManager: Mounting plugin PerforceSourceControl
LogPluginManager: Mounting plugin PixWinPlugin
LogPluginManager: Mounting plugin PlasticSourceControl
LogPluginManager: Mounting plugin PluginUtils
LogPluginManager: Mounting plugin PropertyAccessNode
LogPluginManager: Mounting plugin SubversionSourceControl
LogPluginManager: Mounting plugin RiderSourceCodeAccess
LogPluginManager: Mounting plugin TextureFormatOodle
LogPluginManager: Mounting plugin UObjectPlugin
LogPluginManager: Mounting plugin VisualStudioCodeSourceCodeAccess
LogPluginManager: Mounting plugin VisualStudioSourceCodeAccess
LogPluginManager: Mounting plugin XCodeSourceCodeAccess
LogPluginManager: Mounting plugin AssetManagerEditor
LogPluginManager: Mounting plugin CryptoKeys
LogPluginManager: Mounting plugin CurveEditorTools
LogPluginManager: Mounting plugin DataValidation
LogPluginManager: Mounting plugin FacialAnimation
LogPluginManager: Mounting plugin GameplayTagsEditor
LogPluginManager: Mounting plugin GeometryMode
LogPluginManager: Mounting plugin MacGraphicsSwitching
LogPluginManager: Mounting plugin MaterialAnalyzer
LogPluginManager: Mounting plugin MobileLauncherProfileWizard
LogPluginManager: Mounting plugin PluginBrowser
LogPluginManager: Mounting plugin SpeedTreeImporter
LogPluginManager: Mounting plugin DatasmithContent
LogPluginManager: Mounting plugin VariantManagerContent
LogPluginManager: Mounting plugin AlembicImporter
LogPluginManager: Mounting plugin Niagara
LogPluginManager: Mounting plugin AutomationUtils
LogPluginManager: Mounting plugin BackChannel
LogPluginManager: Mounting plugin ChaosCloth
LogPluginManager: Mounting plugin ChaosClothEditor
LogPluginManager: Mounting plugin ChaosEditor
LogPluginManager: Mounting plugin ChaosNiagara
LogPluginManager: Mounting plugin ChaosSolverPlugin
LogPluginManager: Mounting plugin CharacterAI
LogPluginManager: Mounting plugin GeometryCache
LogPluginManager: Mounting plugin GeometryCollectionPlugin
LogPluginManager: Mounting plugin LuminPlatformFeatures
LogPluginManager: Mounting plugin MagicLeap
LogPluginManager: Mounting plugin MagicLeapLightEstimation
LogPluginManager: Mounting plugin MagicLeapMedia
LogPluginManager: Mounting plugin MagicLeapPassableWorld
LogPluginManager: Mounting plugin MLSDK
LogPluginManager: Mounting plugin AndroidMedia
LogPluginManager: Mounting plugin GeometryProcessing
LogPluginManager: Mounting plugin AvfMedia
LogPluginManager: Mounting plugin MediaCompositing
LogPluginManager: Mounting plugin ImgMedia
LogPluginManager: Mounting plugin MediaPlayerEditor
LogPluginManager: Mounting plugin WebMMedia
LogPluginManager: Mounting plugin WmfMedia
LogPluginManager: Mounting plugin OpenImageDenoise
LogPluginManager: Mounting plugin PlanarCut
LogPluginManager: Mounting plugin MotoSynth
LogPluginManager: Mounting plugin PlatformCrypto
LogPluginManager: Mounting plugin ProxyLODPlugin
LogPluginManager: Mounting plugin PythonScriptPlugin
LogPluginManager: Mounting plugin SkeletalReduction
LogPluginManager: Mounting plugin TcpMessaging
LogPluginManager: Mounting plugin UdpMessaging
LogPluginManager: Mounting plugin ActorSequence
LogPluginManager: Mounting plugin LevelSequenceEditor
LogPluginManager: Mounting plugin MatineeToLevelSequence
LogPluginManager: Mounting plugin TemplateSequence
LogPluginManager: Mounting plugin OnlineSubsystem
LogPluginManager: Mounting plugin OnlineSubsystemNull
LogPluginManager: Mounting plugin OnlineSubsystemUtils
LogPluginManager: Mounting plugin LauncherChunkInstaller
LogPluginManager: Mounting plugin ActorLayerUtilities
LogPluginManager: Mounting plugin AndroidPermission
LogPluginManager: Mounting plugin AndroidMoviePlayer
LogPluginManager: Mounting plugin AndroidDeviceProfileSelector
LogPluginManager: Mounting plugin AppleImageUtils
LogPluginManager: Mounting plugin AppleMoviePlayer
LogPluginManager: Mounting plugin AudioCapture
LogPluginManager: Mounting plugin AssetTags
LogPluginManager: Mounting plugin AudioSynesthesia
LogPluginManager: Mounting plugin CableComponent
LogPluginManager: Mounting plugin CustomMeshComponent
LogPluginManager: Mounting plugin ChunkDownloader
LogPluginManager: Mounting plugin ArchVisCharacter
LogPluginManager: Mounting plugin ExampleDeviceProfileSelector
LogPluginManager: Mounting plugin EditableMesh
LogPluginManager: Mounting plugin GoogleCloudMessaging
LogPluginManager: Mounting plugin GooglePAD
LogPluginManager: Mounting plugin IOSDeviceProfileSelector
LogPluginManager: Mounting plugin LocationServicesBPLibrary
LogPluginManager: Mounting plugin LinuxDeviceProfileSelector
LogPluginManager: Mounting plugin MobilePatchingUtils
LogPluginManager: Mounting plugin OpenXREyeTracker
LogPluginManager: Mounting plugin OpenXR
LogPluginManager: Mounting plugin OpenXRHandTracking
LogPluginManager: Mounting plugin PhysXVehicles
LogPluginManager: Mounting plugin PostSplashScreen
LogPluginManager: Mounting plugin ProceduralMeshComponent
LogPluginManager: Mounting plugin PropertyAccessEditor
LogPluginManager: Mounting plugin RuntimePhysXCooking
LogPluginManager: Mounting plugin SignificanceManager
LogPluginManager: Mounting plugin SoundFields
LogPluginManager: Mounting plugin Synthesis
LogPluginManager: Mounting plugin WebMMoviePlayer
LogPluginManager: Mounting plugin WindowsMoviePlayer
LogPluginManager: Mounting plugin ScreenshotTools
LogPluginManager: Mounting plugin Takes
LogPluginManager: Mounting plugin ContentBrowserAssetDataSource
LogPluginManager: Mounting plugin ContentBrowserClassDataSource
LogPluginManager: Mounting plugin ContentBrowserFileDataSource
LogPluginManager: Mounting plugin OnlineSubsystemGooglePlay
LogPluginManager: Mounting plugin OnlineSubsystemIOS
LogPluginManager: Mounting plugin OculusVR
LogPluginManager: Mounting plugin SteamVR
PixWinPlugin: PIX capture plugin failed to initialize! Check that the process is launched from PIX.
LogInit: Using libcurl 7.55.1-DEV
LogInit:  - built for x86_64-pc-win32
LogInit:  - supports SSL with OpenSSL/1.1.1
LogInit:  - supports HTTP deflate (compression) using libz 1.2.8
LogInit:  - other features:
LogInit:      CURL_VERSION_SSL
LogInit:      CURL_VERSION_LIBZ
LogInit:      CURL_VERSION_IPV6
LogInit:      CURL_VERSION_ASYNCHDNS
LogInit:      CURL_VERSION_LARGEFILE
LogInit:      CURL_VERSION_IDN
LogInit:  CurlRequestOptions (configurable via config and command line):
LogInit:  - bVerifyPeer = true  - Libcurl will verify peer certificate
LogInit:  - bUseHttpProxy = false  - Libcurl will NOT use HTTP proxy
LogInit:  - bDontReuseConnections = false  - Libcurl will reuse connections
LogInit:  - MaxHostConnections = 16  - Libcurl will limit the number of connections to a host
LogInit:  - LocalHostAddr = Default
LogInit:  - BufferSize = 65536
LogOnline: OSS: Creating online subsystem instance for: NULL
LogInit: WinSock: version 1.1 (2.2), MaxSocks=32767, MaxUdp=65467
LogOnline: OSS: TryLoadSubsystemAndSetDefault: Loaded subsystem for module [NULL]
LogOculusPluginWrapper: OculusPlugin initialized successfully
LogHMD: Failed initializing OVRPlugin 1.59.0
LogInit: Build: ++UE4+Release-4.27-CL-18319896
LogInit: Engine Version: 4.27.2-18319896+++UE4+Release-4.27
LogInit: Compatible Engine Version: 4.27.0-17155196+++UE4+Release-4.27
LogInit: Net CL: 17155196
LogInit: OS: Windows 10 (Release 2009) (), CPU: Intel(R) Core(TM) i7-10510U CPU @ 1.80GHz, GPU: Intel(R) UHD Graphics
LogInit: Compiled (64-bit): Nov 30 2021 07:12:08
LogInit: Compiled with Visual C++: 19.24.28315.00
LogInit: Build Configuration: Development
LogInit: Branch Name: ++UE4+Release-4.27
LogInit: Command Line:  /Game/HorrorEngine/Maps/EscapeRoom -game -PIEVIACONSOLE -Multiprocess "GameUserSettingsINI=C:/Users/SW/Documents/Unreal Projects/HorrorEngine/Saved/Config/Windows/PIEGameUserSettings0.ini" -MultiprocessSaveConfig -forcepassthrough -messaging -SessionName="Play in Standalone Game" -windowed -ResX=1280 -ResY=720
LogInit: Base Directory: C:/Program Files/Epic Games/UE_4.27/Engine/Binaries/Win64/
LogInit: Allocator: TBB
LogInit: Installed Engine Build: 1
LogDevObjectVersion: Number of dev versions registered: 29
LogDevObjectVersion:   Dev-Blueprints (B0D832E4-1F89-4F0D-ACCF-7EB736FD4AA2): 10
LogDevObjectVersion:   Dev-Build (E1C64328-A22C-4D53-A36C-8E866417BD8C): 0
LogDevObjectVersion:   Dev-Core (375EC13C-06E4-48FB-B500-84F0262A717E): 4
LogDevObjectVersion:   Dev-Editor (E4B068ED-F494-42E9-A231-DA0B2E46BB41): 40
LogDevObjectVersion:   Dev-Framework (CFFC743F-43B0-4480-9391-14DF171D2073): 37
LogDevObjectVersion:   Dev-Mobile (B02B49B5-BB20-44E9-A304-32B752E40360): 3
LogDevObjectVersion:   Dev-Networking (A4E4105C-59A1-49B5-A7C5-40C4547EDFEE): 0
LogDevObjectVersion:   Dev-Online (39C831C9-5AE6-47DC-9A44-9C173E1C8E7C): 0
LogDevObjectVersion:   Dev-Physics (78F01B33-EBEA-4F98-B9B4-84EACCB95AA2): 14
LogDevObjectVersion:   Dev-Platform (6631380F-2D4D-43E0-8009-CF276956A95A): 0
LogDevObjectVersion:   Dev-Rendering (12F88B9F-8875-4AFC-A67C-D90C383ABD29): 45
LogDevObjectVersion:   Dev-Sequencer (7B5AE74C-D270-4C10-A958-57980B212A5A): 13
LogDevObjectVersion:   Dev-VR (D7296918-1DD6-4BDD-9DE2-64A83CC13884): 3
LogDevObjectVersion:   Dev-LoadTimes (C2A15278-BFE7-4AFE-6C17-90FF531DF755): 1
LogDevObjectVersion:   Private-Geometry (6EACA3D4-40EC-4CC1-B786-8BED09428FC5): 3
LogDevObjectVersion:   Dev-AnimPhys (29E575DD-E0A3-4627-9D10-D276232CDCEA): 17
LogDevObjectVersion:   Dev-Anim (AF43A65D-7FD3-4947-9873-3E8ED9C1BB05): 15
LogDevObjectVersion:   Dev-ReflectionCapture (6B266CEC-1EC7-4B8F-A30B-E4D90942FC07): 1
LogDevObjectVersion:   Dev-Automation (0DF73D61-A23F-47EA-B727-89E90C41499A): 1
LogDevObjectVersion:   FortniteMain (601D1886-AC64-4F84-AA16-D3DE0DEAC7D6): 47
LogDevObjectVersion:   FortniteRelease (E7086368-6B23-4C58-8439-1B7016265E91): 1
LogDevObjectVersion:   Dev-Enterprise (9DFFBCD6-494F-0158-E221-12823C92A888): 10
LogDevObjectVersion:   Dev-Niagara (F2AED0AC-9AFE-416F-8664-AA7FFA26D6FC): 1
LogDevObjectVersion:   Dev-Destruction (174F1F0B-B4C6-45A5-B13F-2EE8D0FB917D): 10
LogDevObjectVersion:   Dev-Physics-Ext (35F94A83-E258-406C-A318-09F59610247C): 41
LogDevObjectVersion:   Dev-PhysicsMaterial-Chaos (B68FC16E-8B1B-42E2-B453-215C058844FE): 1
LogDevObjectVersion:   Dev-CineCamera (B2E18506-4273-CFC2-A54E-F4BB758BBA07): 1
LogDevObjectVersion:   Dev-VirtualProduction (64F58936-FD1B-42BA-BA96-7289D5D0FA4E): 1
LogDevObjectVersion:   Dev-MediaFramework (6F0ED827-A609-4895-9C91-998D90180EA4): 2
LogInit: Presizing for max 25165824 objects, including 0 objects not considered by GC, pre-allocating 0 bytes for permanent pool.
LogConfig: Applying CVar settings from Section [/Script/Engine.StreamingSettings] File [C:/Users/SW/Documents/Unreal Projects/HorrorEngine/Saved/Config/Windows/Engine.ini]
LogConfig: Setting CVar [[s.MinBulkDataSizeForAsyncLoading:131072]]
LogConfig: Setting CVar [[s.AsyncLoadingThreadEnabled:0]]
LogConfig: Setting CVar [[s.EventDrivenLoaderEnabled:1]]
LogConfig: Setting CVar [[s.WarnIfTimeLimitExceeded:0]]
LogConfig: Setting CVar [[s.TimeLimitExceededMultiplier:1.5]]
LogConfig: Setting CVar [[s.TimeLimitExceededMinTime:0.005]]
LogConfig: Setting CVar [[s.UseBackgroundLevelStreaming:1]]
LogConfig: Setting CVar [[s.PriorityAsyncLoadingExtraTime:15.0]]
LogConfig: Setting CVar [[s.LevelStreamingActorsUpdateTimeLimit:5.0]]
LogConfig: Setting CVar [[s.PriorityLevelStreamingActorsUpdateExtraTime:5.0]]
LogConfig: Setting CVar [[s.LevelStreamingComponentsRegistrationGranularity:10]]
LogConfig: Setting CVar [[s.UnregisterComponentsTimeLimit:1.0]]
LogConfig: Setting CVar [[s.LevelStreamingComponentsUnregistrationGranularity:5]]
LogConfig: Setting CVar [[s.FlushStreamingOnExit:1]]
LogInit: Object subsystem initialized
LogConfig: Setting CVar [[con.DebugEarlyDefault:1]]
LogConfig: Setting CVar [[r.setres:1280x720]]
[2022.05.22-09.53.39:398][  0]LogConfig: Setting CVar [[con.DebugEarlyDefault:1]]
[2022.05.22-09.53.39:398][  0]LogConfig: Setting CVar [[r.setres:1280x720]]
[2022.05.22-09.53.39:398][  0]LogConfig: Applying CVar settings from Section [/Script/Engine.RendererSettings] File [C:/Users/SW/Documents/Unreal Projects/HorrorEngine/Saved/Config/Windows/Engine.ini]
[2022.05.22-09.53.39:398][  0]LogConfig: Setting CVar [[r.GPUCrashDebugging:0]]
[2022.05.22-09.53.39:399][  0]LogConfig: Setting CVar [[r.ReflectionCaptureResolution:128]]
[2022.05.22-09.53.39:399][  0]LogConfig: Setting CVar [[r.ReflectionEnvironmentLightmapMixBasedOnRoughness:1]]
[2022.05.22-09.53.39:399][  0]LogConfig: Setting CVar [[r.AllowOcclusionQueries:1]]
[2022.05.22-09.53.39:399][  0]LogConfig: Setting CVar [[r.TextureStreaming:1]]
[2022.05.22-09.53.39:399][  0]LogConfig: Applying CVar settings from Section [/Script/Engine.RendererOverrideSettings] File [C:/Users/SW/Documents/Unreal Projects/HorrorEngine/Saved/Config/Windows/Engine.ini]
[2022.05.22-09.53.39:399][  0]LogConfig: Applying CVar settings from Section [/Script/Engine.StreamingSettings] File [C:/Users/SW/Documents/Unreal Projects/HorrorEngine/Saved/Config/Windows/Engine.ini]
[2022.05.22-09.53.39:399][  0]LogConfig: Setting CVar [[s.MinBulkDataSizeForAsyncLoading:131072]]
[2022.05.22-09.53.39:399][  0]LogConfig: Setting CVar [[s.AsyncLoadingThreadEnabled:0]]
[2022.05.22-09.53.39:399][  0]LogConfig: Setting CVar [[s.EventDrivenLoaderEnabled:1]]
[2022.05.22-09.53.39:399][  0]LogConfig: Setting CVar [[s.WarnIfTimeLimitExceeded:0]]
[2022.05.22-09.53.39:399][  0]LogConfig: Setting CVar [[s.TimeLimitExceededMultiplier:1.5]]
[2022.05.22-09.53.39:399][  0]LogConfig: Setting CVar [[s.TimeLimitExceededMinTime:0.005]]
[2022.05.22-09.53.39:399][  0]LogConfig: Setting CVar [[s.UseBackgroundLevelStreaming:1]]
[2022.05.22-09.53.39:399][  0]LogConfig: Setting CVar [[s.PriorityAsyncLoadingExtraTime:15.0]]
[2022.05.22-09.53.39:399][  0]LogConfig: Setting CVar [[s.LevelStreamingActorsUpdateTimeLimit:5.0]]
[2022.05.22-09.53.39:399][  0]LogConfig: Setting CVar [[s.PriorityLevelStreamingActorsUpdateExtraTime:5.0]]
[2022.05.22-09.53.39:399][  0]LogConfig: Setting CVar [[s.LevelStreamingComponentsRegistrationGranularity:10]]
[2022.05.22-09.53.39:399][  0]LogConfig: Setting CVar [[s.UnregisterComponentsTimeLimit:1.0]]
[2022.05.22-09.53.39:399][  0]LogConfig: Setting CVar [[s.LevelStreamingComponentsUnregistrationGranularity:5]]
[2022.05.22-09.53.39:399][  0]LogConfig: Setting CVar [[s.FlushStreamingOnExit:1]]
[2022.05.22-09.53.39:399][  0]LogConfig: Applying CVar settings from Section [/Script/Engine.GarbageCollectionSettings] File [C:/Users/SW/Documents/Unreal Projects/HorrorEngine/Saved/Config/Windows/Engine.ini]
[2022.05.22-09.53.39:399][  0]LogConfig: Setting CVar [[gc.MaxObjectsNotConsideredByGC:1]]
[2022.05.22-09.53.39:399][  0]LogConfig: Setting CVar [[gc.SizeOfPermanentObjectPool:0]]
[2022.05.22-09.53.39:399][  0]LogConfig: Setting CVar [[gc.FlushStreamingOnGC:0]]
[2022.05.22-09.53.39:399][  0]LogConfig: Setting CVar [[gc.NumRetriesBeforeForcingGC:10]]
[2022.05.22-09.53.39:399][  0]LogConfig: Setting CVar [[gc.AllowParallelGC:1]]
[2022.05.22-09.53.39:399][  0]LogConfig: Setting CVar [[gc.TimeBetweenPurgingPendingKillObjects:61.1]]
[2022.05.22-09.53.39:399][  0]LogConfig: Setting CVar [[gc.MaxObjectsInEditor:25165824]]
[2022.05.22-09.53.39:399][  0]LogConfig: Setting CVar [[gc.IncrementalBeginDestroyEnabled:1]]
[2022.05.22-09.53.39:399][  0]LogConfig: Setting CVar [[gc.CreateGCClusters:1]]
[2022.05.22-09.53.39:399][  0]LogConfig: Setting CVar [[gc.MinGCClusterSize:5]]
[2022.05.22-09.53.39:399][  0]LogConfig: Setting CVar [[gc.ActorClusteringEnabled:0]]
[2022.05.22-09.53.39:399][  0]LogConfig: Setting CVar [[gc.BlueprintClusteringEnabled:0]]
[2022.05.22-09.53.39:399][  0]LogConfig: Setting CVar [[gc.UseDisregardForGCOnDedicatedServers:0]]
[2022.05.22-09.53.39:399][  0]LogConfig: Setting CVar [[gc.MultithreadedDestructionEnabled:1]]
[2022.05.22-09.53.39:399][  0]LogConfig: Applying CVar settings from Section [/Script/Engine.NetworkSettings] File [C:/Users/SW/Documents/Unreal Projects/HorrorEngine/Saved/Config/Windows/Engine.ini]
[2022.05.22-09.53.39:399][  0]LogConfig: Applying CVar settings from Section [/Script/UnrealEd.CookerSettings] File [C:/Users/SW/Documents/Unreal Projects/HorrorEngine/Saved/Config/Windows/Engine.ini]
[2022.05.22-09.53.39:409][  0]LogConfig: Applying CVar settings from Section [ViewDistanceQuality@3] File [C:/Users/SW/Documents/Unreal Projects/HorrorEngine/Saved/Config/Windows/Scalability.ini]
[2022.05.22-09.53.39:409][  0]LogConfig: Setting CVar [[r.SkeletalMeshLODBias:0]]
[2022.05.22-09.53.39:409][  0]LogConfig: Setting CVar [[r.ViewDistanceScale:1.0]]
[2022.05.22-09.53.39:409][  0]LogConfig: Applying CVar settings from Section [AntiAliasingQuality@3] File [C:/Users/SW/Documents/Unreal Projects/HorrorEngine/Saved/Config/Windows/Scalability.ini]
[2022.05.22-09.53.39:409][  0]LogConfig: Setting CVar [[r.PostProcessAAQuality:4]]
[2022.05.22-09.53.39:409][  0]LogConfig: Applying CVar settings from Section [ShadowQuality@3] File [C:/Users/SW/Documents/Unreal Projects/HorrorEngine/Saved/Config/Windows/Scalability.ini]
[2022.05.22-09.53.39:409][  0]LogConfig: Setting CVar [[r.LightFunctionQuality:1]]
[2022.05.22-09.53.39:409][  0]LogConfig: Setting CVar [[r.ShadowQuality:5]]
[2022.05.22-09.53.39:409][  0]LogConfig: Setting CVar [[r.Shadow.CSM.MaxCascades:10]]
[2022.05.22-09.53.39:409][  0]LogConfig: Setting CVar [[r.Shadow.MaxResolution:2048]]
[2022.05.22-09.53.39:409][  0]LogConfig: Setting CVar [[r.Shadow.MaxCSMResolution:2048]]
[2022.05.22-09.53.39:409][  0]LogConfig: Setting CVar [[r.Shadow.RadiusThreshold:0.01]]
[2022.05.22-09.53.39:409][  0]LogConfig: Setting CVar [[r.Shadow.DistanceScale:1.0]]
[2022.05.22-09.53.39:409][  0]LogConfig: Setting CVar [[r.Shadow.CSM.TransitionScale:1.0]]
[2022.05.22-09.53.39:409][  0]LogConfig: Setting CVar [[r.Shadow.PreShadowResolutionFactor:1.0]]
[2022.05.22-09.53.39:409][  0]LogConfig: Setting CVar [[r.DistanceFieldShadowing:1]]
[2022.05.22-09.53.39:409][  0]LogConfig: Setting CVar [[r.DistanceFieldAO:1]]
[2022.05.22-09.53.39:409][  0]LogConfig: Setting CVar [[r.AOQuality:2]]
[2022.05.22-09.53.39:409][  0]LogConfig: Setting CVar [[r.VolumetricFog:1]]
[2022.05.22-09.53.39:409][  0]LogConfig: Setting CVar [[r.VolumetricFog.GridPixelSize:8]]
[2022.05.22-09.53.39:409][  0]LogConfig: Setting CVar [[r.VolumetricFog.GridSizeZ:128]]
[2022.05.22-09.53.39:409][  0]LogConfig: Setting CVar [[r.VolumetricFog.HistoryMissSupersampleCount:4]]
[2022.05.22-09.53.39:409][  0]LogConfig: Setting CVar [[r.LightMaxDrawDistanceScale:1]]
[2022.05.22-09.53.39:409][  0]LogConfig: Setting CVar [[r.CapsuleShadows:1]]
[2022.05.22-09.53.39:409][  0]LogConfig: Applying CVar settings from Section [PostProcessQuality@3] File [C:/Users/SW/Documents/Unreal Projects/HorrorEngine/Saved/Config/Windows/Scalability.ini]
[2022.05.22-09.53.39:409][  0]LogConfig: Setting CVar [[r.MotionBlurQuality:4]]
[2022.05.22-09.53.39:409][  0]LogConfig: Setting CVar [[r.AmbientOcclusionMipLevelFactor:0.4]]
[2022.05.22-09.53.39:409][  0]LogConfig: Setting CVar [[r.AmbientOcclusionMaxQuality:100]]
[2022.05.22-09.53.39:409][  0]LogConfig: Setting CVar [[r.AmbientOcclusionLevels:-1]]
[2022.05.22-09.53.39:409][  0]LogConfig: Setting CVar [[r.AmbientOcclusionRadiusScale:1.0]]
[2022.05.22-09.53.39:409][  0]LogConfig: Setting CVar [[r.DepthOfFieldQuality:2]]
[2022.05.22-09.53.39:409][  0]LogConfig: Setting CVar [[r.RenderTargetPoolMin:400]]
[2022.05.22-09.53.39:409][  0]LogConfig: Setting CVar [[r.LensFlareQuality:2]]
[2022.05.22-09.53.39:409][  0]LogConfig: Setting CVar [[r.SceneColorFringeQuality:1]]
[2022.05.22-09.53.39:410][  0]LogConfig: Setting CVar [[r.EyeAdaptationQuality:2]]
[2022.05.22-09.53.39:410][  0]LogConfig: Setting CVar [[r.BloomQuality:5]]
[2022.05.22-09.53.39:410][  0]LogConfig: Setting CVar [[r.FastBlurThreshold:100]]
[2022.05.22-09.53.39:410][  0]LogConfig: Setting CVar [[r.Upscale.Quality:3]]
[2022.05.22-09.53.39:410][  0]LogConfig: Setting CVar [[r.Tonemapper.GrainQuantization:1]]
[2022.05.22-09.53.39:410][  0]LogConfig: Setting CVar [[r.LightShaftQuality:1]]
[2022.05.22-09.53.39:410][  0]LogConfig: Setting CVar [[r.Filter.SizeScale:1]]
[2022.05.22-09.53.39:410][  0]LogConfig: Setting CVar [[r.Tonemapper.Quality:5]]
[2022.05.22-09.53.39:410][  0]LogConfig: Setting CVar [[r.DOF.Gather.AccumulatorQuality:1        ; higher gathering accumulator quality]]
[2022.05.22-09.53.39:410][  0]LogConfig: Setting CVar [[r.DOF.Gather.PostfilterMethod:1          ; Median3x3 postfilering method]]
[2022.05.22-09.53.39:410][  0]LogConfig: Setting CVar [[r.DOF.Gather.EnableBokehSettings:0       ; no bokeh simulation when gathering]]
[2022.05.22-09.53.39:410][  0]LogConfig: Setting CVar [[r.DOF.Gather.RingCount:4                 ; medium number of samples when gathering]]
[2022.05.22-09.53.39:410][  0]LogConfig: Setting CVar [[r.DOF.Scatter.ForegroundCompositing:1    ; additive foreground scattering]]
[2022.05.22-09.53.39:410][  0]LogConfig: Setting CVar [[r.DOF.Scatter.BackgroundCompositing:2    ; additive background scattering]]
[2022.05.22-09.53.39:410][  0]LogConfig: Setting CVar [[r.DOF.Scatter.EnableBokehSettings:1      ; bokeh simulation when scattering]]
[2022.05.22-09.53.39:410][  0]LogConfig: Setting CVar [[r.DOF.Scatter.MaxSpriteRatio:0.1         ; only a maximum of 10% of scattered bokeh]]
[2022.05.22-09.53.39:410][  0]LogConfig: Setting CVar [[r.DOF.Recombine.Quality:1                ; cheap slight out of focus]]
[2022.05.22-09.53.39:410][  0]LogConfig: Setting CVar [[r.DOF.Recombine.EnableBokehSettings:0    ; no bokeh simulation on slight out of focus]]
[2022.05.22-09.53.39:410][  0]LogConfig: Setting CVar [[r.DOF.TemporalAAQuality:1                ; more stable temporal accumulation]]
[2022.05.22-09.53.39:410][  0]LogConfig: Setting CVar [[r.DOF.Kernel.MaxForegroundRadius:0.025]]
[2022.05.22-09.53.39:410][  0]LogConfig: Setting CVar [[r.DOF.Kernel.MaxBackgroundRadius:0.025]]
[2022.05.22-09.53.39:410][  0]LogConfig: Applying CVar settings from Section [TextureQuality@3] File [C:/Users/SW/Documents/Unreal Projects/HorrorEngine/Saved/Config/Windows/Scalability.ini]
[2022.05.22-09.53.39:410][  0]LogConfig: Setting CVar [[r.Streaming.MipBias:0]]
[2022.05.22-09.53.39:410][  0]LogConfig: Setting CVar [[r.Streaming.AmortizeCPUToGPUCopy:0]]
[2022.05.22-09.53.39:410][  0]LogConfig: Setting CVar [[r.Streaming.MaxNumTexturesToStreamPerFrame:0]]
[2022.05.22-09.53.39:410][  0]LogConfig: Setting CVar [[r.Streaming.Boost:1]]
[2022.05.22-09.53.39:410][  0]LogConfig: Setting CVar [[r.MaxAnisotropy:8]]
[2022.05.22-09.53.39:410][  0]LogConfig: Setting CVar [[r.VT.MaxAnisotropy:8]]
[2022.05.22-09.53.39:410][  0]LogConfig: Setting CVar [[r.Streaming.LimitPoolSizeToVRAM:0]]
[2022.05.22-09.53.39:410][  0]LogConfig: Setting CVar [[r.Streaming.PoolSize:1000]]
[2022.05.22-09.53.39:410][  0]LogConfig: Setting CVar [[r.Streaming.MaxEffectiveScreenSize:0]]
[2022.05.22-09.53.39:410][  0]LogConfig: Applying CVar settings from Section [EffectsQuality@3] File [C:/Users/SW/Documents/Unreal Projects/HorrorEngine/Saved/Config/Windows/Scalability.ini]
[2022.05.22-09.53.39:410][  0]LogConfig: Setting CVar [[r.TranslucencyLightingVolumeDim:64]]
[2022.05.22-09.53.39:410][  0]LogConfig: Setting CVar [[r.RefractionQuality:2]]
[2022.05.22-09.53.39:410][  0]LogConfig: Setting CVar [[r.SSR.Quality:3]]
[2022.05.22-09.53.39:410][  0]LogConfig: Setting CVar [[r.SSR.HalfResSceneColor:0]]
[2022.05.22-09.53.39:410][  0]LogConfig: Setting CVar [[r.SceneColorFormat:4]]
[2022.05.22-09.53.39:410][  0]LogConfig: Setting CVar [[r.DetailMode:2]]
[2022.05.22-09.53.39:410][  0]LogConfig: Setting CVar [[r.TranslucencyVolumeBlur:1]]
[2022.05.22-09.53.39:410][  0]LogConfig: Setting CVar [[r.MaterialQualityLevel:1 ; High quality]]
[2022.05.22-09.53.39:410][  0]LogConfig: Setting CVar [[r.AnisotropicMaterials:1]]
[2022.05.22-09.53.39:410][  0]LogConfig: Setting CVar [[r.SSS.Scale:1]]
[2022.05.22-09.53.39:410][  0]LogConfig: Setting CVar [[r.SSS.SampleSet:2]]
[2022.05.22-09.53.39:410][  0]LogConfig: Setting CVar [[r.SSS.Quality:1]]
[2022.05.22-09.53.39:410][  0]LogConfig: Setting CVar [[r.SSS.HalfRes:0]]
[2022.05.22-09.53.39:410][  0]LogConfig: Setting CVar [[r.SSGI.Quality:3]]
[2022.05.22-09.53.39:410][  0]LogConfig: Setting CVar [[r.EmitterSpawnRateScale:1.0]]
[2022.05.22-09.53.39:410][  0]LogConfig: Setting CVar [[r.ParticleLightQuality:2]]
[2022.05.22-09.53.39:410][  0]LogConfig: Setting CVar [[r.SkyAtmosphere.AerialPerspectiveLUT.FastApplyOnOpaque:1 ; Always have FastSkyLUT 1 in this case to avoid wrong sky]]
[2022.05.22-09.53.39:411][  0]LogConfig: Setting CVar [[r.SkyAtmosphere.AerialPerspectiveLUT.SampleCountMaxPerSlice:4]]
[2022.05.22-09.53.39:411][  0]LogConfig: Setting CVar [[r.SkyAtmosphere.AerialPerspectiveLUT.DepthResolution:16.0]]
[2022.05.22-09.53.39:411][  0]LogConfig: Setting CVar [[r.SkyAtmosphere.FastSkyLUT:1]]
[2022.05.22-09.53.39:411][  0]LogConfig: Setting CVar [[r.SkyAtmosphere.FastSkyLUT.SampleCountMin:4.0]]
[2022.05.22-09.53.39:411][  0]LogConfig: Setting CVar [[r.SkyAtmosphere.FastSkyLUT.SampleCountMax:128.0]]
[2022.05.22-09.53.39:411][  0]LogConfig: Setting CVar [[r.SkyAtmosphere.SampleCountMin:4.0]]
[2022.05.22-09.53.39:411][  0]LogConfig: Setting CVar [[r.SkyAtmosphere.SampleCountMax:128.0]]
[2022.05.22-09.53.39:411][  0]LogConfig: Setting CVar [[r.SkyAtmosphere.TransmittanceLUT.UseSmallFormat:0]]
[2022.05.22-09.53.39:411][  0]LogConfig: Setting CVar [[r.SkyAtmosphere.TransmittanceLUT.SampleCount:10.0]]
[2022.05.22-09.53.39:411][  0]LogConfig: Setting CVar [[r.SkyAtmosphere.MultiScatteringLUT.SampleCount:15.0]]
[2022.05.22-09.53.39:411][  0]LogConfig: Setting CVar [[r.SkyLight.RealTimeReflectionCapture:1]]
[2022.05.22-09.53.39:411][  0]LogConfig: Applying CVar settings from Section [FoliageQuality@3] File [C:/Users/SW/Documents/Unreal Projects/HorrorEngine/Saved/Config/Windows/Scalability.ini]
[2022.05.22-09.53.39:411][  0]LogConfig: Setting CVar [[foliage.DensityScale:1.0]]
[2022.05.22-09.53.39:411][  0]LogConfig: Setting CVar [[grass.DensityScale:1.0]]
[2022.05.22-09.53.39:411][  0]LogConfig: Applying CVar settings from Section [ShadingQuality@3] File [C:/Users/SW/Documents/Unreal Projects/HorrorEngine/Saved/Config/Windows/Scalability.ini]
[2022.05.22-09.53.39:411][  0]LogConfig: Setting CVar [[r.HairStrands.SkyLighting.IntegrationType:2]]
[2022.05.22-09.53.39:411][  0]LogConfig: Setting CVar [[r.HairStrands.SkyAO.SampleCount:4]]
[2022.05.22-09.53.39:411][  0]LogConfig: Setting CVar [[r.HairStrands.Visibility.MSAA.SamplePerPixel:4]]
[2022.05.22-09.53.39:411][  0]LogInit: Selected Device Profile: [Windows]
[2022.05.22-09.53.39:411][  0]LogInit: Applying CVar settings loaded from the selected device profile: [Windows]
[2022.05.22-09.53.39:411][  0]LogHAL: Display: Platform has ~ 16 GB [17012809728 / 17179869184 / 16], which maps to Larger [LargestMinGB=32, LargerMinGB=12, DefaultMinGB=8, SmallerMinGB=6, SmallestMinGB=0)
[2022.05.22-09.53.39:411][  0]LogInit: Going up to parent DeviceProfile []
[2022.05.22-09.53.39:411][  0]LogConfig: Applying CVar settings from Section [ViewDistanceQuality@3] File [C:/Users/SW/Documents/Unreal Projects/HorrorEngine/Saved/Config/Windows/Scalability.ini]
[2022.05.22-09.53.39:411][  0]LogConfig: Setting CVar [[r.SkeletalMeshLODBias:0]]
[2022.05.22-09.53.39:411][  0]LogConfig: Setting CVar [[r.ViewDistanceScale:1.0]]
[2022.05.22-09.53.39:411][  0]LogConfig: Applying CVar settings from Section [AntiAliasingQuality@3] File [C:/Users/SW/Documents/Unreal Projects/HorrorEngine/Saved/Config/Windows/Scalability.ini]
[2022.05.22-09.53.39:411][  0]LogConfig: Setting CVar [[r.PostProcessAAQuality:4]]
[2022.05.22-09.53.39:411][  0]LogConfig: Applying CVar settings from Section [ShadowQuality@3] File [C:/Users/SW/Documents/Unreal Projects/HorrorEngine/Saved/Config/Windows/Scalability.ini]
[2022.05.22-09.53.39:411][  0]LogConfig: Setting CVar [[r.LightFunctionQuality:1]]
[2022.05.22-09.53.39:411][  0]LogConfig: Setting CVar [[r.ShadowQuality:5]]
[2022.05.22-09.53.39:411][  0]LogConfig: Setting CVar [[r.Shadow.CSM.MaxCascades:10]]
[2022.05.22-09.53.39:411][  0]LogConfig: Setting CVar [[r.Shadow.MaxResolution:2048]]
[2022.05.22-09.53.39:411][  0]LogConfig: Setting CVar [[r.Shadow.MaxCSMResolution:2048]]
[2022.05.22-09.53.39:411][  0]LogConfig: Setting CVar [[r.Shadow.RadiusThreshold:0.01]]
[2022.05.22-09.53.39:411][  0]LogConfig: Setting CVar [[r.Shadow.DistanceScale:1.0]]
[2022.05.22-09.53.39:411][  0]LogConfig: Setting CVar [[r.Shadow.CSM.TransitionScale:1.0]]
[2022.05.22-09.53.39:411][  0]LogConfig: Setting CVar [[r.Shadow.PreShadowResolutionFactor:1.0]]
[2022.05.22-09.53.39:411][  0]LogConfig: Setting CVar [[r.DistanceFieldShadowing:1]]
[2022.05.22-09.53.39:411][  0]LogConfig: Setting CVar [[r.DistanceFieldAO:1]]
[2022.05.22-09.53.39:411][  0]LogConfig: Setting CVar [[r.AOQuality:2]]
[2022.05.22-09.53.39:411][  0]LogConfig: Setting CVar [[r.VolumetricFog:1]]
[2022.05.22-09.53.39:411][  0]LogConfig: Setting CVar [[r.VolumetricFog.GridPixelSize:8]]
[2022.05.22-09.53.39:411][  0]LogConfig: Setting CVar [[r.VolumetricFog.GridSizeZ:128]]
[2022.05.22-09.53.39:411][  0]LogConfig: Setting CVar [[r.VolumetricFog.HistoryMissSupersampleCount:4]]
[2022.05.22-09.53.39:411][  0]LogConfig: Setting CVar [[r.LightMaxDrawDistanceScale:1]]
[2022.05.22-09.53.39:412][  0]LogConfig: Setting CVar [[r.CapsuleShadows:1]]
[2022.05.22-09.53.39:412][  0]LogConfig: Applying CVar settings from Section [PostProcessQuality@3] File [C:/Users/SW/Documents/Unreal Projects/HorrorEngine/Saved/Config/Windows/Scalability.ini]
[2022.05.22-09.53.39:412][  0]LogConfig: Setting CVar [[r.MotionBlurQuality:4]]
[2022.05.22-09.53.39:412][  0]LogConfig: Setting CVar [[r.AmbientOcclusionMipLevelFactor:0.4]]
[2022.05.22-09.53.39:412][  0]LogConfig: Setting CVar [[r.AmbientOcclusionMaxQuality:100]]
[2022.05.22-09.53.39:412][  0]LogConfig: Setting CVar [[r.AmbientOcclusionLevels:-1]]
[2022.05.22-09.53.39:412][  0]LogConfig: Setting CVar [[r.AmbientOcclusionRadiusScale:1.0]]
[2022.05.22-09.53.39:412][  0]LogConfig: Setting CVar [[r.DepthOfFieldQuality:2]]
[2022.05.22-09.53.39:412][  0]LogConfig: Setting CVar [[r.RenderTargetPoolMin:400]]
[2022.05.22-09.53.39:412][  0]LogConfig: Setting CVar [[r.LensFlareQuality:2]]
[2022.05.22-09.53.39:412][  0]LogConfig: Setting CVar [[r.SceneColorFringeQuality:1]]
[2022.05.22-09.53.39:412][  0]LogConfig: Setting CVar [[r.EyeAdaptationQuality:2]]
[2022.05.22-09.53.39:412][  0]LogConfig: Setting CVar [[r.BloomQuality:5]]
[2022.05.22-09.53.39:412][  0]LogConfig: Setting CVar [[r.FastBlurThreshold:100]]
[2022.05.22-09.53.39:412][  0]LogConfig: Setting CVar [[r.Upscale.Quality:3]]
[2022.05.22-09.53.39:412][  0]LogConfig: Setting CVar [[r.Tonemapper.GrainQuantization:1]]
[2022.05.22-09.53.39:412][  0]LogConfig: Setting CVar [[r.LightShaftQuality:1]]
[2022.05.22-09.53.39:412][  0]LogConfig: Setting CVar [[r.Filter.SizeScale:1]]
[2022.05.22-09.53.39:412][  0]LogConfig: Setting CVar [[r.Tonemapper.Quality:5]]
[2022.05.22-09.53.39:412][  0]LogConfig: Setting CVar [[r.DOF.Gather.AccumulatorQuality:1        ; higher gathering accumulator quality]]
[2022.05.22-09.53.39:412][  0]LogConfig: Setting CVar [[r.DOF.Gather.PostfilterMethod:1          ; Median3x3 postfilering method]]
[2022.05.22-09.53.39:412][  0]LogConfig: Setting CVar [[r.DOF.Gather.EnableBokehSettings:0       ; no bokeh simulation when gathering]]
[2022.05.22-09.53.39:412][  0]LogConfig: Setting CVar [[r.DOF.Gather.RingCount:4                 ; medium number of samples when gathering]]
[2022.05.22-09.53.39:412][  0]LogConfig: Setting CVar [[r.DOF.Scatter.ForegroundCompositing:1    ; additive foreground scattering]]
[2022.05.22-09.53.39:412][  0]LogConfig: Setting CVar [[r.DOF.Scatter.BackgroundCompositing:2    ; additive background scattering]]
[2022.05.22-09.53.39:412][  0]LogConfig: Setting CVar [[r.DOF.Scatter.EnableBokehSettings:1      ; bokeh simulation when scattering]]
[2022.05.22-09.53.39:412][  0]LogConfig: Setting CVar [[r.DOF.Scatter.MaxSpriteRatio:0.1         ; only a maximum of 10% of scattered bokeh]]
[2022.05.22-09.53.39:412][  0]LogConfig: Setting CVar [[r.DOF.Recombine.Quality:1                ; cheap slight out of focus]]
[2022.05.22-09.53.39:412][  0]LogConfig: Setting CVar [[r.DOF.Recombine.EnableBokehSettings:0    ; no bokeh simulation on slight out of focus]]
[2022.05.22-09.53.39:412][  0]LogConfig: Setting CVar [[r.DOF.TemporalAAQuality:1                ; more stable temporal accumulation]]
[2022.05.22-09.53.39:412][  0]LogConfig: Setting CVar [[r.DOF.Kernel.MaxForegroundRadius:0.025]]
[2022.05.22-09.53.39:412][  0]LogConfig: Setting CVar [[r.DOF.Kernel.MaxBackgroundRadius:0.025]]
[2022.05.22-09.53.39:412][  0]LogConfig: Applying CVar settings from Section [TextureQuality@3] File [C:/Users/SW/Documents/Unreal Projects/HorrorEngine/Saved/Config/Windows/Scalability.ini]
[2022.05.22-09.53.39:412][  0]LogConfig: Setting CVar [[r.Streaming.MipBias:0]]
[2022.05.22-09.53.39:412][  0]LogConfig: Setting CVar [[r.Streaming.AmortizeCPUToGPUCopy:0]]
[2022.05.22-09.53.39:412][  0]LogConfig: Setting CVar [[r.Streaming.MaxNumTexturesToStreamPerFrame:0]]
[2022.05.22-09.53.39:412][  0]LogConfig: Setting CVar [[r.Streaming.Boost:1]]
[2022.05.22-09.53.39:412][  0]LogConfig: Setting CVar [[r.MaxAnisotropy:8]]
[2022.05.22-09.53.39:412][  0]LogConfig: Setting CVar [[r.VT.MaxAnisotropy:8]]
[2022.05.22-09.53.39:412][  0]LogConfig: Setting CVar [[r.Streaming.LimitPoolSizeToVRAM:0]]
[2022.05.22-09.53.39:412][  0]LogConfig: Setting CVar [[r.Streaming.PoolSize:1000]]
[2022.05.22-09.53.39:412][  0]LogConfig: Setting CVar [[r.Streaming.MaxEffectiveScreenSize:0]]
[2022.05.22-09.53.39:412][  0]LogConfig: Applying CVar settings from Section [EffectsQuality@3] File [C:/Users/SW/Documents/Unreal Projects/HorrorEngine/Saved/Config/Windows/Scalability.ini]
[2022.05.22-09.53.39:412][  0]LogConfig: Setting CVar [[r.TranslucencyLightingVolumeDim:64]]
[2022.05.22-09.53.39:412][  0]LogConfig: Setting CVar [[r.RefractionQuality:2]]
[2022.05.22-09.53.39:412][  0]LogConfig: Setting CVar [[r.SSR.Quality:3]]
[2022.05.22-09.53.39:412][  0]LogConfig: Setting CVar [[r.SSR.HalfResSceneColor:0]]
[2022.05.22-09.53.39:412][  0]LogConfig: Setting CVar [[r.SceneColorFormat:4]]
[2022.05.22-09.53.39:412][  0]LogConfig: Setting CVar [[r.DetailMode:2]]
[2022.05.22-09.53.39:412][  0]LogConfig: Setting CVar [[r.TranslucencyVolumeBlur:1]]
[2022.05.22-09.53.39:412][  0]LogConfig: Setting CVar [[r.MaterialQualityLevel:1 ; High quality]]
[2022.05.22-09.53.39:412][  0]LogConfig: Setting CVar [[r.AnisotropicMaterials:1]]
[2022.05.22-09.53.39:412][  0]LogConfig: Setting CVar [[r.SSS.Scale:1]]
[2022.05.22-09.53.39:412][  0]LogConfig: Setting CVar [[r.SSS.SampleSet:2]]
[2022.05.22-09.53.39:412][  0]LogConfig: Setting CVar [[r.SSS.Quality:1]]
[2022.05.22-09.53.39:412][  0]LogConfig: Setting CVar [[r.SSS.HalfRes:0]]
[2022.05.22-09.53.39:413][  0]LogConfig: Setting CVar [[r.SSGI.Quality:3]]
[2022.05.22-09.53.39:413][  0]LogConfig: Setting CVar [[r.EmitterSpawnRateScale:1.0]]
[2022.05.22-09.53.39:413][  0]LogConfig: Setting CVar [[r.ParticleLightQuality:2]]
[2022.05.22-09.53.39:413][  0]LogConfig: Setting CVar [[r.SkyAtmosphere.AerialPerspectiveLUT.FastApplyOnOpaque:1 ; Always have FastSkyLUT 1 in this case to avoid wrong sky]]
[2022.05.22-09.53.39:413][  0]LogConfig: Setting CVar [[r.SkyAtmosphere.AerialPerspectiveLUT.SampleCountMaxPerSlice:4]]
[2022.05.22-09.53.39:413][  0]LogConfig: Setting CVar [[r.SkyAtmosphere.AerialPerspectiveLUT.DepthResolution:16.0]]
[2022.05.22-09.53.39:413][  0]LogConfig: Setting CVar [[r.SkyAtmosphere.FastSkyLUT:1]]
[2022.05.22-09.53.39:413][  0]LogConfig: Setting CVar [[r.SkyAtmosphere.FastSkyLUT.SampleCountMin:4.0]]
[2022.05.22-09.53.39:413][  0]LogConfig: Setting CVar [[r.SkyAtmosphere.FastSkyLUT.SampleCountMax:128.0]]
[2022.05.22-09.53.39:413][  0]LogConfig: Setting CVar [[r.SkyAtmosphere.SampleCountMin:4.0]]
[2022.05.22-09.53.39:413][  0]LogConfig: Setting CVar [[r.SkyAtmosphere.SampleCountMax:128.0]]
[2022.05.22-09.53.39:413][  0]LogConfig: Setting CVar [[r.SkyAtmosphere.TransmittanceLUT.UseSmallFormat:0]]
[2022.05.22-09.53.39:413][  0]LogConfig: Setting CVar [[r.SkyAtmosphere.TransmittanceLUT.SampleCount:10.0]]
[2022.05.22-09.53.39:413][  0]LogConfig: Setting CVar [[r.SkyAtmosphere.MultiScatteringLUT.SampleCount:15.0]]
[2022.05.22-09.53.39:413][  0]LogConfig: Setting CVar [[r.SkyLight.RealTimeReflectionCapture:1]]
[2022.05.22-09.53.39:413][  0]LogConfig: Applying CVar settings from Section [FoliageQuality@3] File [C:/Users/SW/Documents/Unreal Projects/HorrorEngine/Saved/Config/Windows/Scalability.ini]
[2022.05.22-09.53.39:413][  0]LogConfig: Setting CVar [[foliage.DensityScale:1.0]]
[2022.05.22-09.53.39:413][  0]LogConfig: Setting CVar [[grass.DensityScale:1.0]]
[2022.05.22-09.53.39:413][  0]LogConfig: Applying CVar settings from Section [ShadingQuality@3] File [C:/Users/SW/Documents/Unreal Projects/HorrorEngine/Saved/Config/Windows/Scalability.ini]
[2022.05.22-09.53.39:413][  0]LogConfig: Setting CVar [[r.HairStrands.SkyLighting.IntegrationType:2]]
[2022.05.22-09.53.39:413][  0]LogConfig: Setting CVar [[r.HairStrands.SkyAO.SampleCount:4]]
[2022.05.22-09.53.39:413][  0]LogConfig: Setting CVar [[r.HairStrands.Visibility.MSAA.SamplePerPixel:4]]
[2022.05.22-09.53.39:413][  0]LogConfig: Applying CVar settings from Section [Startup] File [../../../Engine/Config/ConsoleVariables.ini]
[2022.05.22-09.53.39:414][  0]LogConfig: Setting CVar [[net.UseAdaptiveNetUpdateFrequency:0]]
[2022.05.22-09.53.39:414][  0]LogConfig: Setting CVar [[p.chaos.AllowCreatePhysxBodies:1]]
[2022.05.22-09.53.39:414][  0]LogConfig: Setting CVar [[fx.SkipVectorVMBackendOptimizations:1]]
[2022.05.22-09.53.39:414][  0]LogConfig: Applying CVar settings from Section [ConsoleVariables] File [C:/Users/SW/Documents/Unreal Projects/HorrorEngine/Saved/Config/Windows/Engine.ini]
[2022.05.22-09.53.39:414][  0]LogConfig: Applying CVar settings from Section [ConsoleVariables] File [C:/Users/SW/Documents/Unreal Projects/HorrorEngine/Saved/Config/Windows/Editor.ini]
[2022.05.22-09.53.39:414][  0]LogInit: Computer: DESKTOP-KEQHGKA
[2022.05.22-09.53.39:414][  0]LogInit: User: SW
[2022.05.22-09.53.39:414][  0]LogInit: CPU Page size=4096, Cores=4
[2022.05.22-09.53.39:414][  0]LogInit: High frequency timer resolution =10.000000 MHz
[2022.05.22-09.53.39:415][  0]LogMemory: Memory total: Physical=15.8GB (16GB approx)
[2022.05.22-09.53.39:415][  0]LogMemory: Platform Memory Stats for Windows
[2022.05.22-09.53.39:415][  0]LogMemory: Process Physical Memory: 142.56 MB used, 142.57 MB peak
[2022.05.22-09.53.39:415][  0]LogMemory: Process Virtual Memory: 112.48 MB used, 112.48 MB peak
[2022.05.22-09.53.39:415][  0]LogMemory: Physical Memory: 9477.49 MB used,  6747.19 MB free, 16224.68 MB total
[2022.05.22-09.53.39:415][  0]LogMemory: Virtual Memory: 134214328.00 MB used,  3397.45 MB free, 134217728.00 MB total
[2022.05.22-09.53.39:423][  0]LogWindows: WindowsPlatformFeatures enabled
[2022.05.22-09.53.39:487][  0]LogInit: Physics initialised using underlying interface: PhysX
[2022.05.22-09.53.39:487][  0]LogInit: Using OS detected language (ko-KR).
[2022.05.22-09.53.39:487][  0]LogInit: Using OS detected locale (ko-KR).
[2022.05.22-09.53.39:496][  0]LogTextLocalizationManager: No specific localization for 'ko-KR' exists, so the 'ko' localization will be used.
[2022.05.22-09.53.39:744][  0]LogWindowsTextInputMethodSystem: Display: IME system deactivated.
[2022.05.22-09.53.39:766][  0]LogSlate: New Slate User Created.  User Index 0, Is Virtual User: 0
[2022.05.22-09.53.39:766][  0]LogSlate: Slate User Registered.  User Index 0, Is Virtual User: 0
[2022.05.22-09.53.39:785][  0]LogD3D11RHI: Loaded GFSDK_Aftermath_Lib.x64.dll
[2022.05.22-09.53.39:808][  0]LogHMD: Failed to initialize OpenVR with code 110
[2022.05.22-09.53.39:808][  0]LogD3D11RHI: D3D11 min allowed feature level: 11_0
[2022.05.22-09.53.39:808][  0]LogD3D11RHI: D3D11 max allowed feature level: 11_0
[2022.05.22-09.53.39:808][  0]LogD3D11RHI: D3D11 adapters:
[2022.05.22-09.53.39:941][  0]LogD3D11RHI:    0. 'NVIDIA GeForce GTX 1650' (Feature Level 11_0)
[2022.05.22-09.53.39:941][  0]LogD3D11RHI:       3964/0/8112 MB DedicatedVideo/DedicatedSystem/SharedSystem, Outputs:1, VendorId:0x10de
[2022.05.22-09.53.39:966][  0]LogD3D11RHI:    1. 'Intel(R) UHD Graphics' (Feature Level 11_0)
[2022.05.22-09.53.39:966][  0]LogD3D11RHI:       128/0/8112 MB DedicatedVideo/DedicatedSystem/SharedSystem, Outputs:0, VendorId:0x8086
[2022.05.22-09.53.39:968][  0]LogD3D11RHI:    2. 'Microsoft Basic Render Driver' (Feature Level 11_0)
[2022.05.22-09.53.39:968][  0]LogD3D11RHI:       0/0/8112 MB DedicatedVideo/DedicatedSystem/SharedSystem, Outputs:0, VendorId:0x1414
[2022.05.22-09.53.39:968][  0]LogD3D11RHI: Chosen D3D11 Adapter:
[2022.05.22-09.53.39:968][  0]LogD3D11RHI:     Description : NVIDIA GeForce GTX 1650
[2022.05.22-09.53.39:968][  0]LogD3D11RHI:     VendorId    : 10de
[2022.05.22-09.53.39:968][  0]LogD3D11RHI:     DeviceId    : 1f91
[2022.05.22-09.53.39:968][  0]LogD3D11RHI:     SubSysId    : 3871854
[2022.05.22-09.53.39:968][  0]LogD3D11RHI:     Revision    : 00a1
[2022.05.22-09.53.39:968][  0]LogD3D11RHI:     DedicatedVideoMemory : 4156555264 bytes
[2022.05.22-09.53.39:968][  0]LogD3D11RHI:     DedicatedSystemMemory : 0 bytes
[2022.05.22-09.53.39:969][  0]LogD3D11RHI:     SharedSystemMemory : 8506404864 bytes
[2022.05.22-09.53.39:969][  0]LogD3D11RHI:     AdapterLuid : 0 56435
[2022.05.22-09.53.39:975][  0]LogD3D11RHI: Creating new Direct3DDevice
[2022.05.22-09.53.39:975][  0]LogD3D11RHI:     GPU DeviceId: 0x1f91 (for the marketing name, search the web for "GPU Device Id")
[2022.05.22-09.53.39:975][  0]LogWindows: EnumDisplayDevices:
[2022.05.22-09.53.39:975][  0]LogWindows:    0. 'Intel(R) UHD Graphics' (P:1 D:1)
[2022.05.22-09.53.39:975][  0]LogWindows:    1. 'Intel(R) UHD Graphics' (P:0 D:0)
[2022.05.22-09.53.39:975][  0]LogWindows:    2. 'Intel(R) UHD Graphics' (P:0 D:0)
[2022.05.22-09.53.39:976][  0]LogWindows: DebugString: PrimaryIsNotTheChoosenAdapter PrimaryIsNotTheChoosenAdapter PrimaryIsNotTheChoosenAdapter FoundDriverCount:0 
[2022.05.22-09.53.39:976][  0]LogD3D11RHI:     Adapter Name: NVIDIA GeForce GTX 1650
[2022.05.22-09.53.39:976][  0]LogD3D11RHI:   Driver Version: Unknown (internal:Unknown, unified:Unknown)
[2022.05.22-09.53.39:976][  0]LogD3D11RHI:      Driver Date: Unknown
[2022.05.22-09.53.39:976][  0]LogRHI: Texture pool is 2774 MB (70% of 3964 MB)
[2022.05.22-09.53.39:976][  0]LogD3D11RHI: Creating D3DDevice using adapter:
[2022.05.22-09.53.39:976][  0]LogD3D11RHI:     Description : NVIDIA GeForce GTX 1650
[2022.05.22-09.53.39:976][  0]LogD3D11RHI:     VendorId    : 10de
[2022.05.22-09.53.39:976][  0]LogD3D11RHI:     DeviceId    : 1f91
[2022.05.22-09.53.39:976][  0]LogD3D11RHI:     SubSysId    : 3871854
[2022.05.22-09.53.39:976][  0]LogD3D11RHI:     Revision    : 00a1
[2022.05.22-09.53.39:976][  0]LogD3D11RHI:     DedicatedVideoMemory : 4156555264 bytes
[2022.05.22-09.53.39:976][  0]LogD3D11RHI:     DedicatedSystemMemory : 0 bytes
[2022.05.22-09.53.39:976][  0]LogD3D11RHI:     SharedSystemMemory : 8506404864 bytes
[2022.05.22-09.53.39:976][  0]LogD3D11RHI:     AdapterLuid : 0 56435
[2022.05.22-09.53.40:087][  0]LogD3D11RHI: RHI has support for 64 bit atomics
[2022.05.22-09.53.40:087][  0]LogD3D11RHI: Async texture creation enabled
[2022.05.22-09.53.40:087][  0]LogD3D11RHI: Array index from any shader is supported
[2022.05.22-09.53.40:107][  0]LogD3D11RHI: GPU Timing Frequency: 1000.000000 (Debug: 2 1)
[2022.05.22-09.53.40:163][  0]LogRHI: GeForceNow SDK initialized: 1
[2022.05.22-09.53.40:663][  0]LogTargetPlatformManager: Display: Loaded TargetPlatform 'WindowsNoEditor'
[2022.05.22-09.53.40:673][  0]LogTargetPlatformManager: Display: Loaded TargetPlatform 'Windows'
[2022.05.22-09.53.40:683][  0]LogTargetPlatformManager: Display: Loaded TargetPlatform 'WindowsClient'
[2022.05.22-09.53.40:689][  0]LogTargetPlatformManager: Display: Loaded TargetPlatform 'WindowsServer'
[2022.05.22-09.53.40:690][  0]LogTargetPlatformManager: Display: Building Assets For Windows
[2022.05.22-09.53.40:701][  0]LogAudioDebug: Display: Lib vorbis DLL was dynamically loaded.
[2022.05.22-09.53.40:757][  0]LogTextureFormatOodle: Display: Oodle Texture 2.9.0 init RDO Off
[2022.05.22-09.53.40:810][  0]LogRendererCore: Ray tracing is disabled. Reason: r.RayTracing=0.
[2022.05.22-09.53.40:810][  0]LogShaderCompilers: Guid format shader working directory is -23 characters bigger than the processId version (../../../../../../Users/SW/Documents/Unreal Projects/HorrorEngine/Intermediate/Shaders/WorkingDirectory/10432/).
[2022.05.22-09.53.40:810][  0]LogShaderCompilers: Cleaned the shader compiler working directory 'C:/Users/SW/AppData/Local/Temp/UnrealShaderWorkingDir/BEE226454EE9AECD3DB9CC9573C9C780/'.
[2022.05.22-09.53.40:810][  0]LogXGEController: Cannot use XGE Controller as Incredibuild is not installed on this machine.
[2022.05.22-09.53.40:811][  0]LogShaderCompilers: Cannot use XGE Shader Compiler as Incredibuild is not installed on this machine.
[2022.05.22-09.53.40:811][  0]LogShaderCompilers: Display: Using Local Shader Compiler.
[2022.05.22-09.53.42:226][  0]LogDerivedDataCache: Display: Max Cache Size: 512 MB
[2022.05.22-09.53.42:351][  0]LogDerivedDataCache: Loaded boot cache 0.13s 94MB C:/Users/SW/AppData/Local/UnrealEngine/4.27/DerivedDataCache/Boot.ddc.
[2022.05.22-09.53.42:351][  0]LogDerivedDataCache: Display: Loaded Boot cache: C:/Users/SW/AppData/Local/UnrealEngine/4.27/DerivedDataCache/Boot.ddc
[2022.05.22-09.53.42:351][  0]LogDerivedDataCache: FDerivedDataBackendGraph:  Pak pak cache file ../../../../../../Users/SW/Documents/Unreal Projects/HorrorEngine/DerivedDataCache/DDC.ddp not found, will not use a pak cache.
[2022.05.22-09.53.42:352][  0]LogDerivedDataCache: Unable to find inner node Pak for hierarchical cache Hierarchy.
[2022.05.22-09.53.42:352][  0]LogDerivedDataCache: FDerivedDataBackendGraph:  CompressedPak pak cache file ../../../../../../Users/SW/Documents/Unreal Projects/HorrorEngine/DerivedDataCache/Compressed.ddp not found, will not use a pak cache.
[2022.05.22-09.53.42:352][  0]LogDerivedDataCache: Unable to find inner node CompressedPak for hierarchical cache Hierarchy.
[2022.05.22-09.53.42:384][  0]LogDerivedDataCache: Display: Pak cache opened for reading ../../../Engine/DerivedDataCache/Compressed.ddp.
[2022.05.22-09.53.42:384][  0]LogDerivedDataCache: FDerivedDataBackendGraph:  EnterprisePak pak cache file ../../../Enterprise/DerivedDataCache/Compressed.ddp not found, will not use a pak cache.
[2022.05.22-09.53.42:384][  0]LogDerivedDataCache: Unable to find inner node EnterprisePak for hierarchical cache Hierarchy.
[2022.05.22-09.53.42:402][  0]LogDerivedDataCache: Speed tests for C:/Users/SW/AppData/Local/UnrealEngine/Common/DerivedDataCache took 0.02 seconds
[2022.05.22-09.53.42:402][  0]LogDerivedDataCache: Display: Performance to C:/Users/SW/AppData/Local/UnrealEngine/Common/DerivedDataCache: Latency=0.09ms. RandomReadSpeed=141.82MBs, RandomWriteSpeed=90.24MBs. Assigned SpeedClass 'Local'
[2022.05.22-09.53.42:404][  0]LogDerivedDataCache: Using Local data cache path C:/Users/SW/AppData/Local/UnrealEngine/Common/DerivedDataCache: Writable
[2022.05.22-09.53.42:404][  0]LogDerivedDataCache: Shared data cache path not found in *engine.ini, will not use an Shared cache.
[2022.05.22-09.53.42:404][  0]LogDerivedDataCache: Unable to find inner node Shared for hierarchical cache Hierarchy.
[2022.05.22-09.53.42:473][  0]LogSlate: Using FreeType 2.10.0
[2022.05.22-09.53.42:474][  0]LogSlate: SlateFontServices - WITH_FREETYPE: 1, WITH_HARFBUZZ: 1
[2022.05.22-09.53.42:626][  0]LogInit: Using OS detected language (ko-KR).
[2022.05.22-09.53.42:626][  0]LogInit: Using OS detected locale (ko-KR).
[2022.05.22-09.53.42:627][  0]LogTextLocalizationManager: No localization for 'ko-KR' exists, so 'en' will be used for the language.
[2022.05.22-09.53.42:627][  0]LogTextLocalizationManager: No localization for 'ko-KR' exists, so 'en' will be used for the locale.
[2022.05.22-09.53.42:627][  0]LogSlate: FontCache flush requested. Reason: Culture for localization was changed
[2022.05.22-09.53.42:627][  0]LogSlate: FontCache flush requested. Reason: Culture for localization was changed
[2022.05.22-09.53.42:632][  0]LogAssetRegistry: FAssetRegistry took 0.0033 seconds to start up
[2022.05.22-09.53.42:864][  0]LogTextLocalizationManager: Compacting localization data took   0.01ms
[2022.05.22-09.53.42:864][  0]LogPackageLocalizationCache: Processed 27 localized package path(s) for 1 prioritized culture(s) in 0.001447 seconds
[2022.05.22-09.53.42:945][  0]LogInit: Selected Device Profile: [Windows]
[2022.05.22-09.53.42:945][  0]LogInit: Active device profile: [0000024D0FB8D500][0000024D082E98C0 49] Windows
[2022.05.22-09.53.42:945][  0]LogInit: Profiles: [0000024D0FB8D500][0000024D082E98C0 49] Windows, [0000024D0FB62C00][0000024D082EDA00 49] WindowsNoEditor, [0000024D0FB8EF00][0000024D082F1B40 49] WindowsServer, [0000024D0FB61B00][0000024D0E03A140 49] WindowsClient, [0000024D0FB8E100][0000024D0E03E2C0 49] IOS, [0000024D0FB61500][0000024D0E042440 49] iPadAir, [0000024D0FB8DB00][0000024D0E0465C0 49] iPadAir2, [0000024D0FB09000][0000024D0E04E880 49] IPadPro, [0000024D0FB09100][0000024D0E04A8C0 49] iPadAir3, [0000024D0FB60300][0000024D0E052A40 49] iPadAir4, [0000024D0FB0BA00][0000024D0E056BC0 49] iPadMini2, [0000024D0FBE0500][0000024D0E05AD40 49] iPadMini3, [0000024D0FB0BF00][0000024D0E05EEC0 49] iPadMini4, [0000024D0FB63600][0000024D0E063040 49] iPadMini5, [0000024D0FB34A00][0000024D0E06B300 49] iPhone6, [0000024D0FB34B00][0000024D0E067340 49] iPodTouch6, [0000024D0FB8ED00][0000024D0E073600 49] iPhone7, [0000024D0FB8DA00][0000024D0E06F640 49] iPodTouch7, [0000024D0FB34500][0000024D0E0777C0 49] iPhone5S, [0000024D0FB09900][0000024D082F5900 49] iPhone6Plus, [0000024D0FB8F900][0000024D0E07BA40 49] iPhone6S, [0000024D0FB0B700][0000024D0DC81B80 49] iPhone6SPlus, [0000024D0FB8D000][0000024D0DC84140 49] iPhone7Plus, [0000024D0FB0A400][0000024D0DC8C2C0 49] iPhoneSE, [0000024D0FB8C200][0000024D0DC90440 49] iPhone8, [0000024D0FB08500][0000024D0DC945C0 49] iPhone8Plus, [0000024D0FB8FB00][0000024D0DC98740 49] iPhoneX, [0000024D0FB09C00][0000024D0DC9C8C0 49] iPhoneXS, [0000024D0FB8EE00][0000024D0DCA0A40 49] iPhoneXSMax, [0000024D0FB0A700][0000024D0DCA4BC0 49] iPhoneXR, [0000024D0FB8E900][0000024D0DCA8D40 49] iPhone11, [0000024D0FB09E00][0000024D0DCACEC0 49] iPhone11Pro, [0000024D0FB8F500][0000024D0DCB1040 49] iPhone11ProMax, [0000024D0FB08300][0000024D0DCB51C0 49] iPhoneSE2, [0000024D0FB8E600][0000024D0DCB9340 49] iPhone12Mini, [0000024D0FB0BB00][0000024D0DCBD4C0 49] iPhone12, [0000024D0FB8DF00][0000024D0DCC1640 49] iPhone12Pro, [0000024D0FB08600][0000024D0DCC57C0 49] iPhone12ProMax, [0000024D0FB8C100][0000024D0DCC9940 49] iPadPro105, [0000024D0FB0A100][0000024D086E5AC0 49] iPadPro129, [0000024D0FB8DC00][0000024D0DC89C00 49] iPadPro97, [0000024D0FB0A500][0000024D086E81C0 49] iPadPro2_129, [0000024D0FB8D200][0000024D086EC300 49] iPad5, [0000024D0FB0B600][0000024D086F4480 49] iPad6, [0000024D0FB8C300][0000024D086F8600 49] iPad7, [0000024D0FB0AF00][0000024D086FC780 49] iPad8, [0000024D0FB8C600][0000024D08700900 49] iPadPro11, [0000024D0FB09500][0000024D08704A80 49] iPadPro2_11, [0000024D0FB8F000][0000024D08708C00 49] iPadPro3_129, [0000024D0FB09700][0000024D0870CD80 49] iPadPro4_129, [0000024D0FB8E500][0000024D08710F00 49] AppleTV, [0000024D0FB08C00][0000024D08715080 49] AppleTV4K, [0000024D0FB8FF00][0000024D08719200 49] TVOS, [0000024D0FB0B100][0000024D0871D380 49] Mac, [0000024D0FB8EC00][0000024D08721500 49] MacClient, [0000024D0FB0AB00][0000024D08725680 49] MacNoEditor, [0000024D0FB8E300][0000024D08729800 49] MacServer, [0000024D0FB0AA00][0000024D0872D980 49] Linux, [0000024D0FB8C500][0000024D08731B00 49] LinuxAArch64, [0000024D0FB09800][0000024D08734100 49] LinuxNoEditor, [0000024D0FB8D600][0000024D086F0240 49] LinuxAArch64NoEditor, [0000024D0FB0BE00][0000024D08738380 49] LinuxClient, [0000024D0FB8F700][0000024D0873C4C0 49] LinuxAArch64Client, [0000024D0FB08100][0000024D08744640 49] LinuxServer, [0000024D0FB8EB00][0000024D087487C0 49] LinuxAArch64Server, [0000024D0FBE0A00][0000024D0874C940 49] Android, [0000024D0FB8EA00][0000024D08750AC0 49] Android_Low, [0000024D0FB60A00][0000024D08754C40 49] Android_Mid, [0000024D0FB36E00][0000024D08758DC0 49] Android_High, [0000024D0FB60800][0000024D0875CF40 49] Android_Default, [0000024D0FB36F00][0000024D087610C0 49] Android_Adreno4xx, [0000024D0FB62800][0000024D08765240 49] Android_Adreno5xx_Low, [0000024D0FB36A00][0000024D087693C0 49] Android_Adreno5xx, [0000024D0FB62A00][0000024D0876D540 49] Android_Adreno6xx, [0000024D0FB35800][0000024D087716C0 49] Android_Adreno6xx_Vulkan, [0000024D0FB60900][0000024D08775840 49] Android_Mali_T6xx, [0000024D0FB34E00][0000024D087799C0 49] Android_Mali_T7xx, [0000024D0FB63400][0000024D0877DB40 49] Android_Mali_T8xx, [0000024D0FB37100][0000024D08780140 49] Android_Mali_G71, [0000024D0FB61700][0000024D087842C0 49] Android_Mali_G72, [0000024D0FB34700][0000024D08740400 49] Android_Mali_G72_Vulkan, [0000024D0FB60B00][0000024D08788540 49] Android_Mali_G76, [0000024D0FB37A00][0000024D0878C680 49] Android_Mali_G76_Vulkan, [0000024D0FB60D00][0000024D087907C0 49] Android_Mali_G77, [0000024D0FB36300][0000024D08798940 49] Android_Mali_G77_Vulkan, [0000024D0FB60700][0000024D0879CAC0 49] Android_Mali_G78, [0000024D0FB35300][0000024D087A0C40 49] Android_Mali_G78_Vulkan, [0000024D0FB62600][0000024D087A4DC0 49] Android_Mali_G710, [0000024D0FB34400][0000024D087A8F40 49] Android_Mali_G710_Vulkan, [0000024D0FB60200][0000024D087AD0C0 49] Android_Vulkan_SM5, [0000024D0FB36700][0000024D087B1240 49] Android_PowerVR_G6xxx, [0000024D0FB62900][0000024D087B53C0 49] Android_PowerVR_GT7xxx, [0000024D0FB35B00][0000024D087B9540 49] Android_PowerVR_GE8xxx, [0000024D0FB60F00][0000024D087BD6C0 49] Android_PowerVR_GM9xxx, [0000024D0FB8D700][0000024D087C1840 49] Android_PowerVR_GM9xxx_Vulkan, [0000024D0FB61200][0000024D087C59C0 49] Android_TegraK1, [0000024D0FB8CF00][0000024D087C9B40 49] Android_Unknown_Vulkan, [0000024D0FB61A00][0000024D087CC140 49] Lumin, [0000024D0FB8CB00][0000024D087D02C0 49] Lumin_Desktop, [0000024D0FB63E00][0000024D087D4440 49] HoloLens, 
[2022.05.22-09.53.42:989][  0]LogMeshReduction: Using QuadricMeshReduction for automatic static mesh reduction
[2022.05.22-09.53.42:989][  0]LogMeshReduction: Using SimplygonMeshReduction for automatic skeletal mesh reduction
[2022.05.22-09.53.42:989][  0]LogMeshReduction: Using ProxyLODMeshReduction for automatic mesh merging
[2022.05.22-09.53.42:989][  0]LogMeshReduction: No distributed automatic mesh merging module available
[2022.05.22-09.53.42:989][  0]LogMeshMerging: No distributed automatic mesh merging module available
[2022.05.22-09.53.43:110][  0]LogNetVersion: HorrorEngine 1.0.0, NetCL: 17155196, EngineNetVer: 17, GameNetVer: 0 (Checksum: 1306834812)
[2022.05.22-09.53.43:367][  0]LogTexture: Default maximum texture size for cubemaps generated from long-lat sources has been changed from 512 to unlimited. In order to preserve old behaiour for '/Engine/MapTemplates/Sky/DaylightAmbientCubemap.DaylightAmbientCubemap', its maximum texture size has been explicitly set to 512.
[2022.05.22-09.53.43:421][  0]LogHMD: PokeAHoleMaterial loaded successfully
[2022.05.22-09.53.43:521][  0]LogMoviePlayer: Initializing movie player
[2022.05.22-09.53.43:624][  0]LogNiagaraDebuggerClient: Niagara Debugger Client Initialized | Session: 2D1FDF6646AB019836E954BBC5FFAEAC | Instance: 183AFB2F41B914917F488886667C271E (DESKTOP-KEQHGKA-10432).
[2022.05.22-09.53.43:643][  0]LogCollectionManager: Loaded 0 collections in 0.001412 seconds
[2022.05.22-09.53.43:645][  0]LogFileCache: Scanning file cache for directory 'C:/Users/SW/Documents/Unreal Projects/HorrorEngine/Saved/Collections/' took 0.00s
[2022.05.22-09.53.43:645][  0]LogFileCache: Scanning file cache for directory 'C:/Users/SW/Documents/Unreal Projects/HorrorEngine/Content/Developers/SW/Collections/' took 0.00s
[2022.05.22-09.53.43:645][  0]LogFileCache: Scanning file cache for directory 'C:/Users/SW/Documents/Unreal Projects/HorrorEngine/Content/Collections/' took 0.00s
[2022.05.22-09.53.43:645][  0]LogCollectionManager: Fixed up redirectors for 0 collections in 0.000002 seconds (updated 0 objects)
[2022.05.22-09.53.43:740][  0]LogPython: Using Python 3.7.7
[2022.05.22-09.53.44:174][  0]LogTcpMessaging: Initializing TcpMessaging bridge
[2022.05.22-09.53.44:178][  0]LogUdpMessaging: Initializing bridge on interface 0.0.0.0:0 to multicast group 230.0.0.1:6666.
[2022.05.22-09.53.44:259][  0]SourceControl: Source control is disabled
[2022.05.22-09.53.44:259][  0]SourceControl: Source control is disabled
[2022.05.22-09.53.44:263][  0]SourceControl: Source control is disabled
[2022.05.22-09.53.44:268][  0]LogUProjectInfo: Found projects:
[2022.05.22-09.53.44:358][  0]LogOpenImageDenoise: OIDN starting up
[2022.05.22-09.53.44:368][  0]LogAndroidPermission: UAndroidPermissionCallbackProxy::GetInstance
[2022.05.22-09.53.44:380][  0]LogAudioCaptureCore: Display: No Audio Capture implementations found. Audio input will be silent.
[2022.05.22-09.53.44:380][  0]LogAudioCaptureCore: Display: No Audio Capture implementations found. Audio input will be silent.
[2022.05.22-09.53.44:451][  0]LogOcInput: OculusInput pre-init called
[2022.05.22-09.53.44:459][  0]LogUObjectArray: 22121 objects as part of root set at end of initial load.
[2022.05.22-09.53.44:459][  0]LogUObjectAllocator: 5975632 out of 0 bytes used by permanent object pool.
[2022.05.22-09.53.44:459][  0]LogUObjectArray: CloseDisregardForGC: 0/0 objects in disregard for GC pool
[2022.05.22-09.53.44:500][  0]LogEngine: Initializing Engine...
[2022.05.22-09.53.44:502][  0]LogHMD: Failed to enumerate extensions. Please check that you have a valid OpenXR runtime installed.
[2022.05.22-09.53.44:502][  0]LogHMD: Failed to initialize OpenVR with code 110
[2022.05.22-09.53.44:502][  0]LogMagicLeap: Warning: VR disabled because ZI is not enabled.  To enable, in the editor, Edit -> Project Settings -> Plugins -> Magic Leap Plugin -> Enable Zero Iteration
[2022.05.22-09.53.44:504][  0]LogStats: UGameplayTagsManager::InitializeManager -  0.000 s
[2022.05.22-09.53.44:596][  0]LogInit: Initializing FReadOnlyCVARCache
[2022.05.22-09.53.44:596][  0]LogAudio: Display: Initializing Audio Device Manager...
[2022.05.22-09.53.44:600][  0]LogAudio: Display: Loading Default Audio Settings Objects...
[2022.05.22-09.53.44:600][  0]LogAudio: Display: No default SoundConcurrencyObject specified (or failed to load).
[2022.05.22-09.53.44:601][  0]LogAudio: Display: Audio Device Manager Initialized
[2022.05.22-09.53.44:601][  0]LogAudio: Display: Creating Audio Device:                 Id: 1, Scope: Shared, Realtime: True
[2022.05.22-09.53.44:601][  0]LogAudioMixer: Display: Audio Mixer Platform Settings:
[2022.05.22-09.53.44:601][  0]LogAudioMixer: Display: 	Sample Rate:						  48000
[2022.05.22-09.53.44:601][  0]LogAudioMixer: Display: 	Callback Buffer Frame Size Requested: 1024
[2022.05.22-09.53.44:601][  0]LogAudioMixer: Display: 	Callback Buffer Frame Size To Use:	  1024
[2022.05.22-09.53.44:601][  0]LogAudioMixer: Display: 	Number of buffers to queue:			  2
[2022.05.22-09.53.44:601][  0]LogAudioMixer: Display: 	Max Channels (voices):				  32
[2022.05.22-09.53.44:601][  0]LogAudioMixer: Display: 	Number of Async Source Workers:		  0
[2022.05.22-09.53.44:601][  0]LogAudio: Display: AudioDevice MaxSources: 32
[2022.05.22-09.53.44:601][  0]LogAudio: Display: Audio Spatialization Plugin: None (built-in).
[2022.05.22-09.53.44:601][  0]LogAudio: Display: Audio Reverb Plugin: None (built-in).
[2022.05.22-09.53.44:601][  0]LogAudio: Display: Audio Occlusion Plugin: None (built-in).
[2022.05.22-09.53.44:601][  0]LogAudioMixer: Display: Initializing audio mixer.
[2022.05.22-09.53.44:612][  0]LogAudioMixer: Display: 0: FrontLeft
[2022.05.22-09.53.44:612][  0]LogAudioMixer: Display: 1: FrontRight
[2022.05.22-09.53.44:649][  0]LogAudioMixer: Display: Using Audio Device 스피커(Realtek(R) Audio)
[2022.05.22-09.53.44:654][  0]LogAudioMixer: Display: Initializing Sound Submixes...
[2022.05.22-09.53.44:656][  0]LogAudioMixer: Display: Creating Master Submix 'MasterSubmixDefault'
[2022.05.22-09.53.44:656][  0]LogAudioMixer: Display: Creating Master Submix 'MasterReverbSubmixDefault'
[2022.05.22-09.53.44:657][  0]LogAudioMixer: Display: Creating Master Submix 'MasterEQSubmixDefault'
[2022.05.22-09.53.44:657][  0]LogAudioMixer: FMixerPlatformXAudio2::StartAudioStream() called
[2022.05.22-09.53.44:657][  0]LogAudioMixer: Display: Output buffers initialized: Frames=1024, Channels=2, Samples=2048
[2022.05.22-09.53.44:658][  0]LogAudioMixer: Display: Starting AudioMixerPlatformInterface::RunInternal()
[2022.05.22-09.53.44:658][  0]LogAudioMixer: Display: FMixerPlatformXAudio2::SubmitBuffer() called for the first time
[2022.05.22-09.53.44:658][  0]LogInit: FAudioDevice initialized.
[2022.05.22-09.53.44:659][  0]LogNetVersion: Set ProjectVersion to 2. Version Checksum will be recalculated on next use.
[2022.05.22-09.53.44:660][  0]LogInit: Texture streaming: Enabled
[2022.05.22-09.53.44:842][  0]LogLinker: Warning: Unable to load PhysicsSerializer with outer InstancedStaticMeshComponent /Game/HorrorEngine/Blueprints/UsableAssets/Electronics/KeycardControl.KeycardControl_C:KeycardControl_GEN_VARIABLE because its class does not exist
[2022.05.22-09.53.45:058][  0]LogLinker: Warning: Unable to load PhysicsSerializer with outer InstancedStaticMeshComponent /Game/HorrorEngine/Blueprints/UsableAssets/DoorsAndFurnitures/LadderAdvanced.LadderAdvanced_C:LadderBottom_GEN_VARIABLE because its class does not exist
[2022.05.22-09.53.45:058][  0]LogLinker: Warning: Unable to load PhysicsSerializer with outer InstancedStaticMeshComponent /Game/HorrorEngine/Blueprints/UsableAssets/DoorsAndFurnitures/LadderAdvanced.LadderAdvanced_C:LadderConnect_GEN_VARIABLE because its class does not exist
[2022.05.22-09.53.45:058][  0]LogLinker: Warning: Unable to load PhysicsSerializer with outer InstancedStaticMeshComponent /Game/HorrorEngine/Blueprints/UsableAssets/DoorsAndFurnitures/LadderAdvanced.LadderAdvanced_C:LadderMiddle_GEN_VARIABLE because its class does not exist
[2022.05.22-09.53.45:058][  0]LogLinker: Warning: Unable to load PhysicsSerializer with outer InstancedStaticMeshComponent /Game/HorrorEngine/Blueprints/UsableAssets/DoorsAndFurnitures/LadderAdvanced.LadderAdvanced_C:LadderTop_GEN_VARIABLE because its class does not exist
[2022.05.22-09.53.46:337][  0]LogBlueprint: Warning: [AssetLog] C:\Users\SW\Documents\Unreal Projects\HorrorEngine\Content\HorrorEngine\HorrorEngine.uasset: [Compiler] 기본값이 아닌  Method  입력 핀이  PostProcessSettings 의 멤버 설정  노드에 더 이상 존재하지 않습니다. 노드를 새로고치거나 핀을 기본값으로 리셋시켜 제거하세요.
[2022.05.22-09.53.49:145][  0]LogUObjectGlobals: Warning: Failed to load '/Game/HorrorEngine/Blueprints/Structures/HorrorEvent/HorrorEventsMasterFix': Can't find file.
[2022.05.22-09.53.49:145][  0]LogUObjectGlobals: Warning: Failed to load '/Game/HorrorEngine/Blueprints/Structures/HorrorEvent/HorrorEventsMasterFix': Can't find file.
[2022.05.22-09.53.49:145][  0]LogUObjectGlobals: Warning: Failed to find object 'Object /Game/HorrorEngine/Blueprints/Structures/HorrorEvent/HorrorEventsMasterFix.HorrorEventsMasterFix'
[2022.05.22-09.53.49:187][  0]LogUObjectGlobals: Warning: Failed to load '/Game/HorrorEngine/Blueprints/Structures/HorrorEvent/HorrorEventFix': Can't find file.
[2022.05.22-09.53.49:188][  0]LogUObjectGlobals: Warning: Failed to load '/Game/HorrorEngine/Blueprints/Structures/HorrorEvent/HorrorEventFix': Can't find file.
[2022.05.22-09.53.49:188][  0]LogUObjectGlobals: Warning: Failed to find object 'Object /Game/HorrorEngine/Blueprints/Structures/HorrorEvent/HorrorEventFix.HorrorEventFix'
[2022.05.22-09.53.49:254][  0]LogAudio: Display: Audio Device (ID: 1) registered with world 'Untitled'.
[2022.05.22-09.53.49:255][  0]LogSlate: Updating window title bar state: overlay mode, drag disabled, window buttons hidden, title bar hidden
[2022.05.22-09.53.49:255][  0]LogInit: Display: Game Engine Initialized.
[2022.05.22-09.53.49:256][  0]LogNiagaraEditor: GEditor isn't valid! Particle reset commands will not work for Niagara components!
[2022.05.22-09.53.49:458][  0]LogInit: Display: Starting Game.
[2022.05.22-09.53.49:458][  0]LogNet: Browse: /Game/HorrorEngine/Maps/EscapeRoom?Name=Player
[2022.05.22-09.53.49:458][  0]LogLoad: LoadMap: /Game/HorrorEngine/Maps/EscapeRoom?Name=Player
[2022.05.22-09.53.49:458][  0]LogWorld: BeginTearingDown for /Temp/Untitled_0
[2022.05.22-09.53.49:464][  0]LogWorld: UWorld::CleanupWorld for Untitled, bSessionEnded=true, bCleanupResources=true
[2022.05.22-09.53.49:464][  0]LogSlate: InvalidateAllWidgets triggered.  All widgets were invalidated
[2022.05.22-09.53.49:519][  0]LogAudio: Display: Audio Device unregistered from world 'None'.
[2022.05.22-09.53.49:576][  0]LogUObjectHash: Compacting FUObjectHashTables data took   4.72ms
[2022.05.22-09.53.49:907][  0]LogAudio: Display: Audio Device (ID: 1) registered with world 'EscapeRoom'.
[2022.05.22-09.53.49:921][  0]LogAIModule: Creating AISystem for world EscapeRoom
[2022.05.22-09.53.49:970][  0]LogLoad: Game class is 'HorrorEngineGameMode_C'
[2022.05.22-09.53.49:980][  0]Warning:  applied to a non-external Texture2D sampler. This may work by chance on some platforms but is not portable. Please change sampler type to 'External'. Parameter 'Texture' (slot 0) in material 'HE_TvGlow'
[2022.05.22-09.53.49:980][  0]Warning:  applied to a non-external Texture2D sampler. This may work by chance on some platforms but is not portable. Please change sampler type to 'External'. Parameter 'Texture' (slot 0) in material 'HE_TvGlow'
[2022.05.22-09.53.49:980][  0]Warning:  applied to a non-external Texture2D sampler. This may work by chance on some platforms but is not portable. Please change sampler type to 'External'. Parameter 'Texture' (slot 0) in material 'HE_TvGlow'
[2022.05.22-09.53.49:980][  0]Warning:  applied to a non-external Texture2D sampler. This may work by chance on some platforms but is not portable. Please change sampler type to 'External'. Parameter 'Texture' (slot 0) in material 'HE_VhsGlow'
[2022.05.22-09.53.49:980][  0]Warning:  applied to a non-external Texture2D sampler. This may work by chance on some platforms but is not portable. Please change sampler type to 'External'. Parameter 'Texture' (slot 0) in material 'HE_VhsGlow'
[2022.05.22-09.53.49:980][  0]Warning:  applied to a non-external Texture2D sampler. This may work by chance on some platforms but is not portable. Please change sampler type to 'External'. Parameter 'Texture' (slot 0) in material 'HE_VhsGlow'
[2022.05.22-09.53.49:980][  0]LogWorld: Bringing World /Game/HorrorEngine/Maps/EscapeRoom.EscapeRoom up for play (max tick rate 0) at 2022.05.22-18.53.49
[2022.05.22-09.53.49:980][  0]LogWorld: Bringing up level for play took: 0.007591
[2022.05.22-09.53.49:982][  0]LogSpawn: Warning: SpawnActor failed because no class was specified
[2022.05.22-09.53.49:990][  0]LogStreaming: Warning: Failed to read file '../../../../../../Users/SW/Documents/Unreal Projects/HorrorEngine/Saved/SaveGames/SaveSlotList.sav' error.
[2022.05.22-09.53.49:995][  0]LogLoad: Took 0.536306 seconds to LoadMap(/Game/HorrorEngine/Maps/EscapeRoom)
[2022.05.22-09.53.50:059][  0]LogSlate: Took 0.000332 seconds to synchronously load lazily loaded font '../../../Engine/Content/Slate/Fonts/Roboto-Regular.ttf' (155K)
[2022.05.22-09.53.50:125][  0]LogRenderer: Reallocating scene render targets to support 1280x720 Format 10 NumSamples 1 (Frame:1).
[2022.05.22-09.53.50:125][  0]LogInit: Display: Engine is initialized. Leaving FEngineLoop::Init()
[2022.05.22-09.53.50:125][  0]LogLoad: (Engine Initialization) Total time: 12.83 seconds
[2022.05.22-09.53.50:125][  0]LogLoad: (Engine Initialization) Total Blueprint compile time: 0.00 seconds
[2022.05.22-09.53.50:136][  0]LogContentStreaming: Texture pool size now 1000 MB
[2022.05.22-09.53.50:144][  0]LogSlate: InvalidateAllWidgets triggered.  All widgets were invalidated
[2022.05.22-09.53.50:978][  1]LogSlate: Took 0.000587 seconds to synchronously load lazily loaded font '../../../Engine/Content/Slate/Fonts/Roboto-Regular.ttf' (155K)
[2022.05.22-09.53.51:567][  4]LogD3D11RHI: Timed out while waiting for GPU to catch up. (0.5 s) (ErrorCode 00000001) (00000000)
