Log file open, 05/22/22 15:09:35
LogWindows: Failed to load 'aqProf.dll' (GetLastError=126)
LogWindows: File 'aqProf.dll' does not exist
LogWindows: Failed to load 'VtuneApi.dll' (GetLastError=126)
LogWindows: File 'VtuneApi.dll' does not exist
LogWindows: Failed to load 'VtuneApi32e.dll' (GetLastError=126)
LogWindows: File 'VtuneApi32e.dll' does not exist
LogConsoleResponse: Display: Failed to find resolution value strings in scalability ini. Falling back to default.
LogConsoleResponse: Display: Failed to find resolution value strings in scalability ini. Falling back to default.
LogInit: Display: Running engine for game: EscapeRoom
LogPlatformFile: Not using cached read wrapper
LogTaskGraph: Started task graph with 5 named threads and 23 total threads with 3 sets of task threads.
LogStats: Stats thread started at 1.056011
LogICUInternationalization: ICU TimeZone Detection - Raw Offset: +9:00, Platform Override: ''
LogInit: Display: Loading text-based GConfig....
LogPluginManager: Mounting plugin MeshPainting
LogPluginManager: Mounting plugin XGEController
LogPluginManager: Mounting plugin Paper2D
LogPluginManager: Mounting plugin LiveLink
LogPluginManager: Mounting plugin AISupport
LogPluginManager: Mounting plugin EnvironmentQueryEditor
LogPluginManager: Mounting plugin LightPropagationVolume
LogPluginManager: Mounting plugin OodleData
LogPluginManager: Mounting plugin OodleNetwork
LogPluginManager: Mounting plugin AnimationSharing
LogPluginManager: Mounting plugin CLionSourceCodeAccess
LogPluginManager: Mounting plugin CodeLiteSourceCodeAccess
LogPluginManager: Mounting plugin GitSourceControl
LogPluginManager: Mounting plugin NullSourceCodeAccess
LogPluginManager: Mounting plugin KDevelopSourceCodeAccess
LogPluginManager: Mounting plugin PixWinPlugin
LogPluginManager: Mounting plugin PerforceSourceControl
LogPluginManager: Mounting plugin PlasticSourceControl
LogPluginManager: Mounting plugin PropertyAccessNode
LogPluginManager: Mounting plugin PluginUtils
LogPluginManager: Mounting plugin SubversionSourceControl
LogPluginManager: Mounting plugin TextureFormatOodle
LogPluginManager: Mounting plugin VisualStudioCodeSourceCodeAccess
LogPluginManager: Mounting plugin UObjectPlugin
LogPluginManager: Mounting plugin RiderSourceCodeAccess
LogPluginManager: Mounting plugin XCodeSourceCodeAccess
LogPluginManager: Mounting plugin DatasmithContent
LogPluginManager: Mounting plugin VariantManagerContent
LogPluginManager: Mounting plugin Niagara
LogPluginManager: Mounting plugin AlembicImporter
LogPluginManager: Mounting plugin AutomationUtils
LogPluginManager: Mounting plugin ChaosCloth
LogPluginManager: Mounting plugin BackChannel
LogPluginManager: Mounting plugin ChaosClothEditor
LogPluginManager: Mounting plugin ChaosEditor
LogPluginManager: Mounting plugin ChaosNiagara
LogPluginManager: Mounting plugin ChaosSolverPlugin
LogPluginManager: Mounting plugin CharacterAI
LogPluginManager: Mounting plugin VisualStudioSourceCodeAccess
LogPluginManager: Mounting plugin AndroidMedia
LogPluginManager: Mounting plugin AvfMedia
LogPluginManager: Mounting plugin GeometryCache
LogPluginManager: Mounting plugin GeometryCollectionPlugin
LogPluginManager: Mounting plugin ImgMedia
LogPluginManager: Mounting plugin MediaCompositing
LogPluginManager: Mounting plugin MediaPlayerEditor
LogPluginManager: Mounting plugin WebMMedia
LogPluginManager: Mounting plugin LuminPlatformFeatures
LogPluginManager: Mounting plugin WmfMedia
LogPluginManager: Mounting plugin MagicLeap
LogPluginManager: Mounting plugin MagicLeapLightEstimation
LogPluginManager: Mounting plugin MagicLeapMedia
LogPluginManager: Mounting plugin MagicLeapPassableWorld
LogPluginManager: Mounting plugin MLSDK
LogPluginManager: Mounting plugin GeometryProcessing
LogPluginManager: Mounting plugin MotoSynth
LogPluginManager: Mounting plugin OpenImageDenoise
LogPluginManager: Mounting plugin PlanarCut
LogPluginManager: Mounting plugin PlatformCrypto
LogPluginManager: Mounting plugin ProxyLODPlugin
LogPluginManager: Mounting plugin PythonScriptPlugin
LogPluginManager: Mounting plugin SkeletalReduction
LogPluginManager: Mounting plugin UdpMessaging
LogPluginManager: Mounting plugin ActorSequence
LogPluginManager: Mounting plugin LevelSequenceEditor
LogPluginManager: Mounting plugin MatineeToLevelSequence
LogPluginManager: Mounting plugin TemplateSequence
LogPluginManager: Mounting plugin OnlineSubsystem
LogPluginManager: Mounting plugin OnlineSubsystemNull
LogPluginManager: Mounting plugin OnlineSubsystemUtils
LogPluginManager: Mounting plugin TcpMessaging
LogPluginManager: Mounting plugin LauncherChunkInstaller
LogPluginManager: Mounting plugin ActorLayerUtilities
LogPluginManager: Mounting plugin AndroidDeviceProfileSelector
LogPluginManager: Mounting plugin AndroidMoviePlayer
LogPluginManager: Mounting plugin AndroidPermission
LogPluginManager: Mounting plugin AppleImageUtils
LogPluginManager: Mounting plugin AppleMoviePlayer
LogPluginManager: Mounting plugin ArchVisCharacter
LogPluginManager: Mounting plugin AssetTags
LogPluginManager: Mounting plugin AudioCapture
LogPluginManager: Mounting plugin AudioSynesthesia
LogPluginManager: Mounting plugin CableComponent
LogPluginManager: Mounting plugin ChunkDownloader
LogPluginManager: Mounting plugin CustomMeshComponent
LogPluginManager: Mounting plugin EditableMesh
LogPluginManager: Mounting plugin ExampleDeviceProfileSelector
LogPluginManager: Mounting plugin GoogleCloudMessaging
LogPluginManager: Mounting plugin GooglePAD
LogPluginManager: Mounting plugin IOSDeviceProfileSelector
LogPluginManager: Mounting plugin LinuxDeviceProfileSelector
LogPluginManager: Mounting plugin LocationServicesBPLibrary
LogPluginManager: Mounting plugin MobilePatchingUtils
LogPluginManager: Mounting plugin OpenXREyeTracker
LogPluginManager: Mounting plugin OpenXRHandTracking
LogPluginManager: Mounting plugin PhysXVehicles
LogPluginManager: Mounting plugin OpenXR
LogPluginManager: Mounting plugin ScreenshotTools
LogPluginManager: Mounting plugin PostSplashScreen
LogPluginManager: Mounting plugin PropertyAccessEditor
LogPluginManager: Mounting plugin RuntimePhysXCooking
LogPluginManager: Mounting plugin ProceduralMeshComponent
LogPluginManager: Mounting plugin SignificanceManager
LogPluginManager: Mounting plugin SoundFields
LogPluginManager: Mounting plugin Synthesis
LogPluginManager: Mounting plugin WebMMoviePlayer
LogPluginManager: Mounting plugin WindowsMoviePlayer
LogPluginManager: Mounting plugin Takes
LogPluginManager: Mounting plugin CameraShakePreviewer
LogPluginManager: Mounting plugin GameplayCameras
LogPluginManager: Mounting plugin AssetManagerEditor
LogPluginManager: Mounting plugin CurveEditorTools
LogPluginManager: Mounting plugin DataValidation
LogPluginManager: Mounting plugin FacialAnimation
LogPluginManager: Mounting plugin GameplayTagsEditor
LogPluginManager: Mounting plugin GeometryMode
LogPluginManager: Mounting plugin MacGraphicsSwitching
LogPluginManager: Mounting plugin MaterialAnalyzer
LogPluginManager: Mounting plugin MobileLauncherProfileWizard
LogPluginManager: Mounting plugin PluginBrowser
LogPluginManager: Mounting plugin SpeedTreeImporter
LogPluginManager: Mounting plugin CryptoKeys
LogPluginManager: Mounting plugin OnlineSubsystemGooglePlay
LogPluginManager: Mounting plugin OnlineSubsystemIOS
LogPluginManager: Mounting plugin OculusVR
LogPluginManager: Mounting plugin SteamVR
LogPluginManager: Mounting plugin ContentBrowserAssetDataSource
LogPluginManager: Mounting plugin ContentBrowserClassDataSource
LogPluginManager: Mounting plugin ContentBrowserFileDataSource
PixWinPlugin: PIX capture plugin failed to initialize! Check that the process is launched from PIX.
LogInit: Using libcurl 7.55.1-DEV
LogInit:  - built for x86_64-pc-win32
LogInit:  - supports SSL with OpenSSL/1.1.1
LogInit:  - supports HTTP deflate (compression) using libz 1.2.8
LogInit:  - other features:
LogInit:      CURL_VERSION_SSL
LogInit:      CURL_VERSION_LIBZ
LogInit:      CURL_VERSION_IPV6
LogInit:      CURL_VERSION_ASYNCHDNS
LogInit:      CURL_VERSION_LARGEFILE
LogInit:      CURL_VERSION_IDN
LogInit:  CurlRequestOptions (configurable via config and command line):
LogInit:  - bVerifyPeer = true  - Libcurl will verify peer certificate
LogInit:  - bUseHttpProxy = false  - Libcurl will NOT use HTTP proxy
LogInit:  - bDontReuseConnections = false  - Libcurl will reuse connections
LogInit:  - MaxHostConnections = 16  - Libcurl will limit the number of connections to a host
LogInit:  - LocalHostAddr = Default
LogInit:  - BufferSize = 65536
LogOnline: OSS: Creating online subsystem instance for: NULL
LogInit: WinSock: version 1.1 (2.2), MaxSocks=32767, MaxUdp=65467
LogOnline: OSS: TryLoadSubsystemAndSetDefault: Loaded subsystem for module [NULL]
LogOculusPluginWrapper: OculusPlugin initialized successfully
LogHMD: Failed initializing OVRPlugin 1.59.0
LogInit: Build: ++UE4+Release-4.27-CL-18319896
LogInit: Engine Version: 4.27.2-18319896+++UE4+Release-4.27
LogInit: Compatible Engine Version: 4.27.0-17155196+++UE4+Release-4.27
LogInit: Net CL: 17155196
LogInit: OS: Windows 10 (Release 2009) (), CPU: Intel(R) Core(TM) i7-10510U CPU @ 1.80GHz, GPU: Intel(R) UHD Graphics
LogInit: Compiled (64-bit): Nov 30 2021 07:12:08
LogInit: Compiled with Visual C++: 19.24.28315.00
LogInit: Build Configuration: Development
LogInit: Branch Name: ++UE4+Release-4.27
LogInit: Command Line: 
LogInit: Base Directory: C:/Program Files/Epic Games/UE_4.27/Engine/Binaries/Win64/
LogInit: Allocator: TBB
LogInit: Installed Engine Build: 1
LogDevObjectVersion: Number of dev versions registered: 29
LogDevObjectVersion:   Dev-Blueprints (B0D832E4-1F89-4F0D-ACCF-7EB736FD4AA2): 10
LogDevObjectVersion:   Dev-Build (E1C64328-A22C-4D53-A36C-8E866417BD8C): 0
LogDevObjectVersion:   Dev-Core (375EC13C-06E4-48FB-B500-84F0262A717E): 4
LogDevObjectVersion:   Dev-Editor (E4B068ED-F494-42E9-A231-DA0B2E46BB41): 40
LogDevObjectVersion:   Dev-Framework (CFFC743F-43B0-4480-9391-14DF171D2073): 37
LogDevObjectVersion:   Dev-Mobile (B02B49B5-BB20-44E9-A304-32B752E40360): 3
LogDevObjectVersion:   Dev-Networking (A4E4105C-59A1-49B5-A7C5-40C4547EDFEE): 0
LogDevObjectVersion:   Dev-Online (39C831C9-5AE6-47DC-9A44-9C173E1C8E7C): 0
LogDevObjectVersion:   Dev-Physics (78F01B33-EBEA-4F98-B9B4-84EACCB95AA2): 14
LogDevObjectVersion:   Dev-Platform (6631380F-2D4D-43E0-8009-CF276956A95A): 0
LogDevObjectVersion:   Dev-Rendering (12F88B9F-8875-4AFC-A67C-D90C383ABD29): 45
LogDevObjectVersion:   Dev-Sequencer (7B5AE74C-D270-4C10-A958-57980B212A5A): 13
LogDevObjectVersion:   Dev-VR (D7296918-1DD6-4BDD-9DE2-64A83CC13884): 3
LogDevObjectVersion:   Dev-LoadTimes (C2A15278-BFE7-4AFE-6C17-90FF531DF755): 1
LogDevObjectVersion:   Private-Geometry (6EACA3D4-40EC-4CC1-B786-8BED09428FC5): 3
LogDevObjectVersion:   Dev-AnimPhys (29E575DD-E0A3-4627-9D10-D276232CDCEA): 17
LogDevObjectVersion:   Dev-Anim (AF43A65D-7FD3-4947-9873-3E8ED9C1BB05): 15
LogDevObjectVersion:   Dev-ReflectionCapture (6B266CEC-1EC7-4B8F-A30B-E4D90942FC07): 1
LogDevObjectVersion:   Dev-Automation (0DF73D61-A23F-47EA-B727-89E90C41499A): 1
LogDevObjectVersion:   FortniteMain (601D1886-AC64-4F84-AA16-D3DE0DEAC7D6): 47
LogDevObjectVersion:   FortniteRelease (E7086368-6B23-4C58-8439-1B7016265E91): 1
LogDevObjectVersion:   Dev-Enterprise (9DFFBCD6-494F-0158-E221-12823C92A888): 10
LogDevObjectVersion:   Dev-Niagara (F2AED0AC-9AFE-416F-8664-AA7FFA26D6FC): 1
LogDevObjectVersion:   Dev-Destruction (174F1F0B-B4C6-45A5-B13F-2EE8D0FB917D): 10
LogDevObjectVersion:   Dev-Physics-Ext (35F94A83-E258-406C-A318-09F59610247C): 41
LogDevObjectVersion:   Dev-PhysicsMaterial-Chaos (B68FC16E-8B1B-42E2-B453-215C058844FE): 1
LogDevObjectVersion:   Dev-CineCamera (B2E18506-4273-CFC2-A54E-F4BB758BBA07): 1
LogDevObjectVersion:   Dev-VirtualProduction (64F58936-FD1B-42BA-BA96-7289D5D0FA4E): 1
LogDevObjectVersion:   Dev-MediaFramework (6F0ED827-A609-4895-9C91-998D90180EA4): 2
LogInit: Presizing for max 25165824 objects, including 0 objects not considered by GC, pre-allocating 0 bytes for permanent pool.
LogConfig: Applying CVar settings from Section [/Script/Engine.StreamingSettings] File [C:/Users/SW/Desktop/EscapeRoom/Saved/Config/Windows/Engine.ini]
LogConfig: Setting CVar [[s.MinBulkDataSizeForAsyncLoading:131072]]
LogConfig: Setting CVar [[s.AsyncLoadingThreadEnabled:0]]
LogConfig: Setting CVar [[s.EventDrivenLoaderEnabled:1]]
LogConfig: Setting CVar [[s.WarnIfTimeLimitExceeded:0]]
LogConfig: Setting CVar [[s.TimeLimitExceededMultiplier:1.5]]
LogConfig: Setting CVar [[s.TimeLimitExceededMinTime:0.005]]
LogConfig: Setting CVar [[s.UseBackgroundLevelStreaming:1]]
LogConfig: Setting CVar [[s.PriorityAsyncLoadingExtraTime:15.0]]
LogConfig: Setting CVar [[s.LevelStreamingActorsUpdateTimeLimit:5.0]]
LogConfig: Setting CVar [[s.PriorityLevelStreamingActorsUpdateExtraTime:5.0]]
LogConfig: Setting CVar [[s.LevelStreamingComponentsRegistrationGranularity:10]]
LogConfig: Setting CVar [[s.UnregisterComponentsTimeLimit:1.0]]
LogConfig: Setting CVar [[s.LevelStreamingComponentsUnregistrationGranularity:5]]
LogConfig: Setting CVar [[s.FlushStreamingOnExit:1]]
LogInit: Object subsystem initialized
LogConfig: Setting CVar [[con.DebugEarlyDefault:1]]
LogConfig: Setting CVar [[r.setres:1280x720]]
[2022.05.22-06.09.38:400][  0]LogConfig: Setting CVar [[r.VSync:0]]
[2022.05.22-06.09.38:400][  0]LogConfig: Setting CVar [[r.RHICmdBypass:0]]
[2022.05.22-06.09.38:400][  0]LogConfig: Applying CVar settings from Section [/Script/Engine.RendererSettings] File [C:/Users/SW/Desktop/EscapeRoom/Saved/Config/Windows/Engine.ini]
[2022.05.22-06.09.38:400][  0]LogConfig: Setting CVar [[r.GPUCrashDebugging:0]]
[2022.05.22-06.09.38:400][  0]LogConfig: Applying CVar settings from Section [/Script/Engine.RendererOverrideSettings] File [C:/Users/SW/Desktop/EscapeRoom/Saved/Config/Windows/Engine.ini]
[2022.05.22-06.09.38:400][  0]LogConfig: Applying CVar settings from Section [/Script/Engine.StreamingSettings] File [C:/Users/SW/Desktop/EscapeRoom/Saved/Config/Windows/Engine.ini]
[2022.05.22-06.09.38:400][  0]LogConfig: Setting CVar [[s.MinBulkDataSizeForAsyncLoading:131072]]
[2022.05.22-06.09.38:401][  0]LogConfig: Setting CVar [[s.AsyncLoadingThreadEnabled:0]]
[2022.05.22-06.09.38:401][  0]LogConfig: Setting CVar [[s.EventDrivenLoaderEnabled:1]]
[2022.05.22-06.09.38:401][  0]LogConfig: Setting CVar [[s.WarnIfTimeLimitExceeded:0]]
[2022.05.22-06.09.38:401][  0]LogConfig: Setting CVar [[s.TimeLimitExceededMultiplier:1.5]]
[2022.05.22-06.09.38:401][  0]LogConfig: Setting CVar [[s.TimeLimitExceededMinTime:0.005]]
[2022.05.22-06.09.38:401][  0]LogConfig: Setting CVar [[s.UseBackgroundLevelStreaming:1]]
[2022.05.22-06.09.38:401][  0]LogConfig: Setting CVar [[s.PriorityAsyncLoadingExtraTime:15.0]]
[2022.05.22-06.09.38:401][  0]LogConfig: Setting CVar [[s.LevelStreamingActorsUpdateTimeLimit:5.0]]
[2022.05.22-06.09.38:401][  0]LogConfig: Setting CVar [[s.PriorityLevelStreamingActorsUpdateExtraTime:5.0]]
[2022.05.22-06.09.38:401][  0]LogConfig: Setting CVar [[s.LevelStreamingComponentsRegistrationGranularity:10]]
[2022.05.22-06.09.38:401][  0]LogConfig: Setting CVar [[s.UnregisterComponentsTimeLimit:1.0]]
[2022.05.22-06.09.38:401][  0]LogConfig: Setting CVar [[s.LevelStreamingComponentsUnregistrationGranularity:5]]
[2022.05.22-06.09.38:401][  0]LogConfig: Setting CVar [[s.FlushStreamingOnExit:1]]
[2022.05.22-06.09.38:401][  0]LogConfig: Applying CVar settings from Section [/Script/Engine.GarbageCollectionSettings] File [C:/Users/SW/Desktop/EscapeRoom/Saved/Config/Windows/Engine.ini]
[2022.05.22-06.09.38:401][  0]LogConfig: Setting CVar [[gc.MaxObjectsNotConsideredByGC:1]]
[2022.05.22-06.09.38:401][  0]LogConfig: Setting CVar [[gc.SizeOfPermanentObjectPool:0]]
[2022.05.22-06.09.38:401][  0]LogConfig: Setting CVar [[gc.FlushStreamingOnGC:0]]
[2022.05.22-06.09.38:401][  0]LogConfig: Setting CVar [[gc.NumRetriesBeforeForcingGC:10]]
[2022.05.22-06.09.38:401][  0]LogConfig: Setting CVar [[gc.AllowParallelGC:1]]
[2022.05.22-06.09.38:401][  0]LogConfig: Setting CVar [[gc.TimeBetweenPurgingPendingKillObjects:61.1]]
[2022.05.22-06.09.38:401][  0]LogConfig: Setting CVar [[gc.MaxObjectsInEditor:25165824]]
[2022.05.22-06.09.38:401][  0]LogConfig: Setting CVar [[gc.IncrementalBeginDestroyEnabled:1]]
[2022.05.22-06.09.38:401][  0]LogConfig: Setting CVar [[gc.CreateGCClusters:1]]
[2022.05.22-06.09.38:401][  0]LogConfig: Setting CVar [[gc.MinGCClusterSize:5]]
[2022.05.22-06.09.38:401][  0]LogConfig: Setting CVar [[gc.ActorClusteringEnabled:0]]
[2022.05.22-06.09.38:401][  0]LogConfig: Setting CVar [[gc.BlueprintClusteringEnabled:0]]
[2022.05.22-06.09.38:401][  0]LogConfig: Setting CVar [[gc.UseDisregardForGCOnDedicatedServers:0]]
[2022.05.22-06.09.38:401][  0]LogConfig: Setting CVar [[gc.MultithreadedDestructionEnabled:1]]
[2022.05.22-06.09.38:401][  0]LogConfig: Applying CVar settings from Section [/Script/Engine.NetworkSettings] File [C:/Users/SW/Desktop/EscapeRoom/Saved/Config/Windows/Engine.ini]
[2022.05.22-06.09.38:401][  0]LogConfig: Applying CVar settings from Section [/Script/UnrealEd.CookerSettings] File [C:/Users/SW/Desktop/EscapeRoom/Saved/Config/Windows/Engine.ini]
[2022.05.22-06.09.38:426][  0]LogConfig: Applying CVar settings from Section [ViewDistanceQuality@3] File [C:/Users/SW/Desktop/EscapeRoom/Saved/Config/Windows/Scalability.ini]
[2022.05.22-06.09.38:426][  0]LogConfig: Setting CVar [[r.SkeletalMeshLODBias:0]]
[2022.05.22-06.09.38:426][  0]LogConfig: Setting CVar [[r.ViewDistanceScale:1.0]]
[2022.05.22-06.09.38:426][  0]LogConfig: Applying CVar settings from Section [AntiAliasingQuality@3] File [C:/Users/SW/Desktop/EscapeRoom/Saved/Config/Windows/Scalability.ini]
[2022.05.22-06.09.38:426][  0]LogConfig: Setting CVar [[r.PostProcessAAQuality:4]]
[2022.05.22-06.09.38:426][  0]LogConfig: Applying CVar settings from Section [ShadowQuality@3] File [C:/Users/SW/Desktop/EscapeRoom/Saved/Config/Windows/Scalability.ini]
[2022.05.22-06.09.38:426][  0]LogConfig: Setting CVar [[r.LightFunctionQuality:1]]
[2022.05.22-06.09.38:426][  0]LogConfig: Setting CVar [[r.ShadowQuality:5]]
[2022.05.22-06.09.38:426][  0]LogConfig: Setting CVar [[r.Shadow.CSM.MaxCascades:10]]
[2022.05.22-06.09.38:426][  0]LogConfig: Setting CVar [[r.Shadow.MaxResolution:2048]]
[2022.05.22-06.09.38:426][  0]LogConfig: Setting CVar [[r.Shadow.MaxCSMResolution:2048]]
[2022.05.22-06.09.38:426][  0]LogConfig: Setting CVar [[r.Shadow.RadiusThreshold:0.01]]
[2022.05.22-06.09.38:426][  0]LogConfig: Setting CVar [[r.Shadow.DistanceScale:1.0]]
[2022.05.22-06.09.38:426][  0]LogConfig: Setting CVar [[r.Shadow.CSM.TransitionScale:1.0]]
[2022.05.22-06.09.38:426][  0]LogConfig: Setting CVar [[r.Shadow.PreShadowResolutionFactor:1.0]]
[2022.05.22-06.09.38:426][  0]LogConfig: Setting CVar [[r.DistanceFieldShadowing:1]]
[2022.05.22-06.09.38:426][  0]LogConfig: Setting CVar [[r.DistanceFieldAO:1]]
[2022.05.22-06.09.38:426][  0]LogConfig: Setting CVar [[r.AOQuality:2]]
[2022.05.22-06.09.38:426][  0]LogConfig: Setting CVar [[r.VolumetricFog:1]]
[2022.05.22-06.09.38:426][  0]LogConfig: Setting CVar [[r.VolumetricFog.GridPixelSize:8]]
[2022.05.22-06.09.38:426][  0]LogConfig: Setting CVar [[r.VolumetricFog.GridSizeZ:128]]
[2022.05.22-06.09.38:426][  0]LogConfig: Setting CVar [[r.VolumetricFog.HistoryMissSupersampleCount:4]]
[2022.05.22-06.09.38:426][  0]LogConfig: Setting CVar [[r.LightMaxDrawDistanceScale:1]]
[2022.05.22-06.09.38:427][  0]LogConfig: Setting CVar [[r.CapsuleShadows:1]]
[2022.05.22-06.09.38:427][  0]LogConfig: Applying CVar settings from Section [PostProcessQuality@3] File [C:/Users/SW/Desktop/EscapeRoom/Saved/Config/Windows/Scalability.ini]
[2022.05.22-06.09.38:427][  0]LogConfig: Setting CVar [[r.MotionBlurQuality:4]]
[2022.05.22-06.09.38:427][  0]LogConfig: Setting CVar [[r.AmbientOcclusionMipLevelFactor:0.4]]
[2022.05.22-06.09.38:427][  0]LogConfig: Setting CVar [[r.AmbientOcclusionMaxQuality:100]]
[2022.05.22-06.09.38:427][  0]LogConfig: Setting CVar [[r.AmbientOcclusionLevels:-1]]
[2022.05.22-06.09.38:427][  0]LogConfig: Setting CVar [[r.AmbientOcclusionRadiusScale:1.0]]
[2022.05.22-06.09.38:427][  0]LogConfig: Setting CVar [[r.DepthOfFieldQuality:2]]
[2022.05.22-06.09.38:427][  0]LogConfig: Setting CVar [[r.RenderTargetPoolMin:400]]
[2022.05.22-06.09.38:427][  0]LogConfig: Setting CVar [[r.LensFlareQuality:2]]
[2022.05.22-06.09.38:427][  0]LogConfig: Setting CVar [[r.SceneColorFringeQuality:1]]
[2022.05.22-06.09.38:427][  0]LogConfig: Setting CVar [[r.EyeAdaptationQuality:2]]
[2022.05.22-06.09.38:427][  0]LogConfig: Setting CVar [[r.BloomQuality:5]]
[2022.05.22-06.09.38:427][  0]LogConfig: Setting CVar [[r.FastBlurThreshold:100]]
[2022.05.22-06.09.38:427][  0]LogConfig: Setting CVar [[r.Upscale.Quality:3]]
[2022.05.22-06.09.38:427][  0]LogConfig: Setting CVar [[r.Tonemapper.GrainQuantization:1]]
[2022.05.22-06.09.38:427][  0]LogConfig: Setting CVar [[r.LightShaftQuality:1]]
[2022.05.22-06.09.38:427][  0]LogConfig: Setting CVar [[r.Filter.SizeScale:1]]
[2022.05.22-06.09.38:427][  0]LogConfig: Setting CVar [[r.Tonemapper.Quality:5]]
[2022.05.22-06.09.38:427][  0]LogConfig: Setting CVar [[r.DOF.Gather.AccumulatorQuality:1        ; higher gathering accumulator quality]]
[2022.05.22-06.09.38:427][  0]LogConfig: Setting CVar [[r.DOF.Gather.PostfilterMethod:1          ; Median3x3 postfilering method]]
[2022.05.22-06.09.38:427][  0]LogConfig: Setting CVar [[r.DOF.Gather.EnableBokehSettings:0       ; no bokeh simulation when gathering]]
[2022.05.22-06.09.38:427][  0]LogConfig: Setting CVar [[r.DOF.Gather.RingCount:4                 ; medium number of samples when gathering]]
[2022.05.22-06.09.38:427][  0]LogConfig: Setting CVar [[r.DOF.Scatter.ForegroundCompositing:1    ; additive foreground scattering]]
[2022.05.22-06.09.38:427][  0]LogConfig: Setting CVar [[r.DOF.Scatter.BackgroundCompositing:2    ; additive background scattering]]
[2022.05.22-06.09.38:427][  0]LogConfig: Setting CVar [[r.DOF.Scatter.EnableBokehSettings:1      ; bokeh simulation when scattering]]
[2022.05.22-06.09.38:427][  0]LogConfig: Setting CVar [[r.DOF.Scatter.MaxSpriteRatio:0.1         ; only a maximum of 10% of scattered bokeh]]
[2022.05.22-06.09.38:427][  0]LogConfig: Setting CVar [[r.DOF.Recombine.Quality:1                ; cheap slight out of focus]]
[2022.05.22-06.09.38:427][  0]LogConfig: Setting CVar [[r.DOF.Recombine.EnableBokehSettings:0    ; no bokeh simulation on slight out of focus]]
[2022.05.22-06.09.38:427][  0]LogConfig: Setting CVar [[r.DOF.TemporalAAQuality:1                ; more stable temporal accumulation]]
[2022.05.22-06.09.38:427][  0]LogConfig: Setting CVar [[r.DOF.Kernel.MaxForegroundRadius:0.025]]
[2022.05.22-06.09.38:427][  0]LogConfig: Setting CVar [[r.DOF.Kernel.MaxBackgroundRadius:0.025]]
[2022.05.22-06.09.38:427][  0]LogConfig: Applying CVar settings from Section [TextureQuality@3] File [C:/Users/SW/Desktop/EscapeRoom/Saved/Config/Windows/Scalability.ini]
[2022.05.22-06.09.38:428][  0]LogConfig: Setting CVar [[r.Streaming.MipBias:0]]
[2022.05.22-06.09.38:428][  0]LogConfig: Setting CVar [[r.Streaming.AmortizeCPUToGPUCopy:0]]
[2022.05.22-06.09.38:428][  0]LogConfig: Setting CVar [[r.Streaming.MaxNumTexturesToStreamPerFrame:0]]
[2022.05.22-06.09.38:428][  0]LogConfig: Setting CVar [[r.Streaming.Boost:1]]
[2022.05.22-06.09.38:428][  0]LogConfig: Setting CVar [[r.MaxAnisotropy:8]]
[2022.05.22-06.09.38:428][  0]LogConfig: Setting CVar [[r.VT.MaxAnisotropy:8]]
[2022.05.22-06.09.38:428][  0]LogConfig: Setting CVar [[r.Streaming.LimitPoolSizeToVRAM:0]]
[2022.05.22-06.09.38:428][  0]LogConfig: Setting CVar [[r.Streaming.PoolSize:1000]]
[2022.05.22-06.09.38:428][  0]LogConfig: Setting CVar [[r.Streaming.MaxEffectiveScreenSize:0]]
[2022.05.22-06.09.38:428][  0]LogConfig: Applying CVar settings from Section [EffectsQuality@3] File [C:/Users/SW/Desktop/EscapeRoom/Saved/Config/Windows/Scalability.ini]
[2022.05.22-06.09.38:428][  0]LogConfig: Setting CVar [[r.TranslucencyLightingVolumeDim:64]]
[2022.05.22-06.09.38:428][  0]LogConfig: Setting CVar [[r.RefractionQuality:2]]
[2022.05.22-06.09.38:428][  0]LogConfig: Setting CVar [[r.SSR.Quality:3]]
[2022.05.22-06.09.38:428][  0]LogConfig: Setting CVar [[r.SSR.HalfResSceneColor:0]]
[2022.05.22-06.09.38:428][  0]LogConfig: Setting CVar [[r.SceneColorFormat:4]]
[2022.05.22-06.09.38:428][  0]LogConfig: Setting CVar [[r.DetailMode:2]]
[2022.05.22-06.09.38:428][  0]LogConfig: Setting CVar [[r.TranslucencyVolumeBlur:1]]
[2022.05.22-06.09.38:428][  0]LogConfig: Setting CVar [[r.MaterialQualityLevel:1 ; High quality]]
[2022.05.22-06.09.38:428][  0]LogConfig: Setting CVar [[r.AnisotropicMaterials:1]]
[2022.05.22-06.09.38:428][  0]LogConfig: Setting CVar [[r.SSS.Scale:1]]
[2022.05.22-06.09.38:428][  0]LogConfig: Setting CVar [[r.SSS.SampleSet:2]]
[2022.05.22-06.09.38:428][  0]LogConfig: Setting CVar [[r.SSS.Quality:1]]
[2022.05.22-06.09.38:428][  0]LogConfig: Setting CVar [[r.SSS.HalfRes:0]]
[2022.05.22-06.09.38:428][  0]LogConfig: Setting CVar [[r.SSGI.Quality:3]]
[2022.05.22-06.09.38:428][  0]LogConfig: Setting CVar [[r.EmitterSpawnRateScale:1.0]]
[2022.05.22-06.09.38:428][  0]LogConfig: Setting CVar [[r.ParticleLightQuality:2]]
[2022.05.22-06.09.38:428][  0]LogConfig: Setting CVar [[r.SkyAtmosphere.AerialPerspectiveLUT.FastApplyOnOpaque:1 ; Always have FastSkyLUT 1 in this case to avoid wrong sky]]
[2022.05.22-06.09.38:428][  0]LogConfig: Setting CVar [[r.SkyAtmosphere.AerialPerspectiveLUT.SampleCountMaxPerSlice:4]]
[2022.05.22-06.09.38:428][  0]LogConfig: Setting CVar [[r.SkyAtmosphere.AerialPerspectiveLUT.DepthResolution:16.0]]
[2022.05.22-06.09.38:428][  0]LogConfig: Setting CVar [[r.SkyAtmosphere.FastSkyLUT:1]]
[2022.05.22-06.09.38:428][  0]LogConfig: Setting CVar [[r.SkyAtmosphere.FastSkyLUT.SampleCountMin:4.0]]
[2022.05.22-06.09.38:428][  0]LogConfig: Setting CVar [[r.SkyAtmosphere.FastSkyLUT.SampleCountMax:128.0]]
[2022.05.22-06.09.38:428][  0]LogConfig: Setting CVar [[r.SkyAtmosphere.SampleCountMin:4.0]]
[2022.05.22-06.09.38:429][  0]LogConfig: Setting CVar [[r.SkyAtmosphere.SampleCountMax:128.0]]
[2022.05.22-06.09.38:429][  0]LogConfig: Setting CVar [[r.SkyAtmosphere.TransmittanceLUT.UseSmallFormat:0]]
[2022.05.22-06.09.38:429][  0]LogConfig: Setting CVar [[r.SkyAtmosphere.TransmittanceLUT.SampleCount:10.0]]
[2022.05.22-06.09.38:429][  0]LogConfig: Setting CVar [[r.SkyAtmosphere.MultiScatteringLUT.SampleCount:15.0]]
[2022.05.22-06.09.38:429][  0]LogConfig: Setting CVar [[r.SkyLight.RealTimeReflectionCapture:1]]
[2022.05.22-06.09.38:429][  0]LogConfig: Applying CVar settings from Section [FoliageQuality@3] File [C:/Users/SW/Desktop/EscapeRoom/Saved/Config/Windows/Scalability.ini]
[2022.05.22-06.09.38:429][  0]LogConfig: Setting CVar [[foliage.DensityScale:1.0]]
[2022.05.22-06.09.38:429][  0]LogConfig: Setting CVar [[grass.DensityScale:1.0]]
[2022.05.22-06.09.38:429][  0]LogConfig: Applying CVar settings from Section [ShadingQuality@3] File [C:/Users/SW/Desktop/EscapeRoom/Saved/Config/Windows/Scalability.ini]
[2022.05.22-06.09.38:429][  0]LogConfig: Setting CVar [[r.HairStrands.SkyLighting.IntegrationType:2]]
[2022.05.22-06.09.38:429][  0]LogConfig: Setting CVar [[r.HairStrands.SkyAO.SampleCount:4]]
[2022.05.22-06.09.38:429][  0]LogConfig: Setting CVar [[r.HairStrands.Visibility.MSAA.SamplePerPixel:4]]
[2022.05.22-06.09.38:429][  0]LogInit: Selected Device Profile: [Windows]
[2022.05.22-06.09.38:430][  0]LogInit: Applying CVar settings loaded from the selected device profile: [Windows]
[2022.05.22-06.09.38:430][  0]LogHAL: Display: Platform has ~ 16 GB [17012809728 / 17179869184 / 16], which maps to Larger [LargestMinGB=32, LargerMinGB=12, DefaultMinGB=8, SmallerMinGB=6, SmallestMinGB=0)
[2022.05.22-06.09.38:430][  0]LogInit: Going up to parent DeviceProfile []
[2022.05.22-06.09.38:431][  0]LogConfig: Applying CVar settings from Section [ViewDistanceQuality@3] File [C:/Users/SW/Desktop/EscapeRoom/Saved/Config/Windows/Scalability.ini]
[2022.05.22-06.09.38:431][  0]LogConfig: Setting CVar [[r.SkeletalMeshLODBias:0]]
[2022.05.22-06.09.38:431][  0]LogConfig: Setting CVar [[r.ViewDistanceScale:1.0]]
[2022.05.22-06.09.38:431][  0]LogConfig: Applying CVar settings from Section [AntiAliasingQuality@3] File [C:/Users/SW/Desktop/EscapeRoom/Saved/Config/Windows/Scalability.ini]
[2022.05.22-06.09.38:431][  0]LogConfig: Setting CVar [[r.PostProcessAAQuality:4]]
[2022.05.22-06.09.38:431][  0]LogConfig: Applying CVar settings from Section [ShadowQuality@3] File [C:/Users/SW/Desktop/EscapeRoom/Saved/Config/Windows/Scalability.ini]
[2022.05.22-06.09.38:431][  0]LogConfig: Setting CVar [[r.LightFunctionQuality:1]]
[2022.05.22-06.09.38:431][  0]LogConfig: Setting CVar [[r.ShadowQuality:5]]
[2022.05.22-06.09.38:431][  0]LogConfig: Setting CVar [[r.Shadow.CSM.MaxCascades:10]]
[2022.05.22-06.09.38:431][  0]LogConfig: Setting CVar [[r.Shadow.MaxResolution:2048]]
[2022.05.22-06.09.38:431][  0]LogConfig: Setting CVar [[r.Shadow.MaxCSMResolution:2048]]
[2022.05.22-06.09.38:431][  0]LogConfig: Setting CVar [[r.Shadow.RadiusThreshold:0.01]]
[2022.05.22-06.09.38:431][  0]LogConfig: Setting CVar [[r.Shadow.DistanceScale:1.0]]
[2022.05.22-06.09.38:431][  0]LogConfig: Setting CVar [[r.Shadow.CSM.TransitionScale:1.0]]
[2022.05.22-06.09.38:431][  0]LogConfig: Setting CVar [[r.Shadow.PreShadowResolutionFactor:1.0]]
[2022.05.22-06.09.38:431][  0]LogConfig: Setting CVar [[r.DistanceFieldShadowing:1]]
[2022.05.22-06.09.38:431][  0]LogConfig: Setting CVar [[r.DistanceFieldAO:1]]
[2022.05.22-06.09.38:431][  0]LogConfig: Setting CVar [[r.AOQuality:2]]
[2022.05.22-06.09.38:431][  0]LogConfig: Setting CVar [[r.VolumetricFog:1]]
[2022.05.22-06.09.38:431][  0]LogConfig: Setting CVar [[r.VolumetricFog.GridPixelSize:8]]
[2022.05.22-06.09.38:431][  0]LogConfig: Setting CVar [[r.VolumetricFog.GridSizeZ:128]]
[2022.05.22-06.09.38:431][  0]LogConfig: Setting CVar [[r.VolumetricFog.HistoryMissSupersampleCount:4]]
[2022.05.22-06.09.38:431][  0]LogConfig: Setting CVar [[r.LightMaxDrawDistanceScale:1]]
[2022.05.22-06.09.38:431][  0]LogConfig: Setting CVar [[r.CapsuleShadows:1]]
[2022.05.22-06.09.38:431][  0]LogConfig: Applying CVar settings from Section [PostProcessQuality@3] File [C:/Users/SW/Desktop/EscapeRoom/Saved/Config/Windows/Scalability.ini]
[2022.05.22-06.09.38:432][  0]LogConfig: Setting CVar [[r.MotionBlurQuality:4]]
[2022.05.22-06.09.38:432][  0]LogConfig: Setting CVar [[r.AmbientOcclusionMipLevelFactor:0.4]]
[2022.05.22-06.09.38:432][  0]LogConfig: Setting CVar [[r.AmbientOcclusionMaxQuality:100]]
[2022.05.22-06.09.38:432][  0]LogConfig: Setting CVar [[r.AmbientOcclusionLevels:-1]]
[2022.05.22-06.09.38:432][  0]LogConfig: Setting CVar [[r.AmbientOcclusionRadiusScale:1.0]]
[2022.05.22-06.09.38:432][  0]LogConfig: Setting CVar [[r.DepthOfFieldQuality:2]]
[2022.05.22-06.09.38:432][  0]LogConfig: Setting CVar [[r.RenderTargetPoolMin:400]]
[2022.05.22-06.09.38:432][  0]LogConfig: Setting CVar [[r.LensFlareQuality:2]]
[2022.05.22-06.09.38:432][  0]LogConfig: Setting CVar [[r.SceneColorFringeQuality:1]]
[2022.05.22-06.09.38:432][  0]LogConfig: Setting CVar [[r.EyeAdaptationQuality:2]]
[2022.05.22-06.09.38:432][  0]LogConfig: Setting CVar [[r.BloomQuality:5]]
[2022.05.22-06.09.38:432][  0]LogConfig: Setting CVar [[r.FastBlurThreshold:100]]
[2022.05.22-06.09.38:432][  0]LogConfig: Setting CVar [[r.Upscale.Quality:3]]
[2022.05.22-06.09.38:432][  0]LogConfig: Setting CVar [[r.Tonemapper.GrainQuantization:1]]
[2022.05.22-06.09.38:432][  0]LogConfig: Setting CVar [[r.LightShaftQuality:1]]
[2022.05.22-06.09.38:432][  0]LogConfig: Setting CVar [[r.Filter.SizeScale:1]]
[2022.05.22-06.09.38:432][  0]LogConfig: Setting CVar [[r.Tonemapper.Quality:5]]
[2022.05.22-06.09.38:432][  0]LogConfig: Setting CVar [[r.DOF.Gather.AccumulatorQuality:1        ; higher gathering accumulator quality]]
[2022.05.22-06.09.38:432][  0]LogConfig: Setting CVar [[r.DOF.Gather.PostfilterMethod:1          ; Median3x3 postfilering method]]
[2022.05.22-06.09.38:432][  0]LogConfig: Setting CVar [[r.DOF.Gather.EnableBokehSettings:0       ; no bokeh simulation when gathering]]
[2022.05.22-06.09.38:432][  0]LogConfig: Setting CVar [[r.DOF.Gather.RingCount:4                 ; medium number of samples when gathering]]
[2022.05.22-06.09.38:432][  0]LogConfig: Setting CVar [[r.DOF.Scatter.ForegroundCompositing:1    ; additive foreground scattering]]
[2022.05.22-06.09.38:432][  0]LogConfig: Setting CVar [[r.DOF.Scatter.BackgroundCompositing:2    ; additive background scattering]]
[2022.05.22-06.09.38:432][  0]LogConfig: Setting CVar [[r.DOF.Scatter.EnableBokehSettings:1      ; bokeh simulation when scattering]]
[2022.05.22-06.09.38:432][  0]LogConfig: Setting CVar [[r.DOF.Scatter.MaxSpriteRatio:0.1         ; only a maximum of 10% of scattered bokeh]]
[2022.05.22-06.09.38:432][  0]LogConfig: Setting CVar [[r.DOF.Recombine.Quality:1                ; cheap slight out of focus]]
[2022.05.22-06.09.38:432][  0]LogConfig: Setting CVar [[r.DOF.Recombine.EnableBokehSettings:0    ; no bokeh simulation on slight out of focus]]
[2022.05.22-06.09.38:432][  0]LogConfig: Setting CVar [[r.DOF.TemporalAAQuality:1                ; more stable temporal accumulation]]
[2022.05.22-06.09.38:432][  0]LogConfig: Setting CVar [[r.DOF.Kernel.MaxForegroundRadius:0.025]]
[2022.05.22-06.09.38:432][  0]LogConfig: Setting CVar [[r.DOF.Kernel.MaxBackgroundRadius:0.025]]
[2022.05.22-06.09.38:432][  0]LogConfig: Applying CVar settings from Section [TextureQuality@3] File [C:/Users/SW/Desktop/EscapeRoom/Saved/Config/Windows/Scalability.ini]
[2022.05.22-06.09.38:432][  0]LogConfig: Setting CVar [[r.Streaming.MipBias:0]]
[2022.05.22-06.09.38:432][  0]LogConfig: Setting CVar [[r.Streaming.AmortizeCPUToGPUCopy:0]]
[2022.05.22-06.09.38:432][  0]LogConfig: Setting CVar [[r.Streaming.MaxNumTexturesToStreamPerFrame:0]]
[2022.05.22-06.09.38:432][  0]LogConfig: Setting CVar [[r.Streaming.Boost:1]]
[2022.05.22-06.09.38:433][  0]LogConfig: Setting CVar [[r.MaxAnisotropy:8]]
[2022.05.22-06.09.38:433][  0]LogConfig: Setting CVar [[r.VT.MaxAnisotropy:8]]
[2022.05.22-06.09.38:433][  0]LogConfig: Setting CVar [[r.Streaming.LimitPoolSizeToVRAM:0]]
[2022.05.22-06.09.38:433][  0]LogConfig: Setting CVar [[r.Streaming.PoolSize:1000]]
[2022.05.22-06.09.38:433][  0]LogConfig: Setting CVar [[r.Streaming.MaxEffectiveScreenSize:0]]
[2022.05.22-06.09.38:433][  0]LogConfig: Applying CVar settings from Section [EffectsQuality@3] File [C:/Users/SW/Desktop/EscapeRoom/Saved/Config/Windows/Scalability.ini]
[2022.05.22-06.09.38:433][  0]LogConfig: Setting CVar [[r.TranslucencyLightingVolumeDim:64]]
[2022.05.22-06.09.38:433][  0]LogConfig: Setting CVar [[r.RefractionQuality:2]]
[2022.05.22-06.09.38:433][  0]LogConfig: Setting CVar [[r.SSR.Quality:3]]
[2022.05.22-06.09.38:433][  0]LogConfig: Setting CVar [[r.SSR.HalfResSceneColor:0]]
[2022.05.22-06.09.38:433][  0]LogConfig: Setting CVar [[r.SceneColorFormat:4]]
[2022.05.22-06.09.38:433][  0]LogConfig: Setting CVar [[r.DetailMode:2]]
[2022.05.22-06.09.38:433][  0]LogConfig: Setting CVar [[r.TranslucencyVolumeBlur:1]]
[2022.05.22-06.09.38:433][  0]LogConfig: Setting CVar [[r.MaterialQualityLevel:1 ; High quality]]
[2022.05.22-06.09.38:433][  0]LogConfig: Setting CVar [[r.AnisotropicMaterials:1]]
[2022.05.22-06.09.38:433][  0]LogConfig: Setting CVar [[r.SSS.Scale:1]]
[2022.05.22-06.09.38:433][  0]LogConfig: Setting CVar [[r.SSS.SampleSet:2]]
[2022.05.22-06.09.38:433][  0]LogConfig: Setting CVar [[r.SSS.Quality:1]]
[2022.05.22-06.09.38:433][  0]LogConfig: Setting CVar [[r.SSS.HalfRes:0]]
[2022.05.22-06.09.38:433][  0]LogConfig: Setting CVar [[r.SSGI.Quality:3]]
[2022.05.22-06.09.38:433][  0]LogConfig: Setting CVar [[r.EmitterSpawnRateScale:1.0]]
[2022.05.22-06.09.38:433][  0]LogConfig: Setting CVar [[r.ParticleLightQuality:2]]
[2022.05.22-06.09.38:433][  0]LogConfig: Setting CVar [[r.SkyAtmosphere.AerialPerspectiveLUT.FastApplyOnOpaque:1 ; Always have FastSkyLUT 1 in this case to avoid wrong sky]]
[2022.05.22-06.09.38:433][  0]LogConfig: Setting CVar [[r.SkyAtmosphere.AerialPerspectiveLUT.SampleCountMaxPerSlice:4]]
[2022.05.22-06.09.38:433][  0]LogConfig: Setting CVar [[r.SkyAtmosphere.AerialPerspectiveLUT.DepthResolution:16.0]]
[2022.05.22-06.09.38:433][  0]LogConfig: Setting CVar [[r.SkyAtmosphere.FastSkyLUT:1]]
[2022.05.22-06.09.38:433][  0]LogConfig: Setting CVar [[r.SkyAtmosphere.FastSkyLUT.SampleCountMin:4.0]]
[2022.05.22-06.09.38:433][  0]LogConfig: Setting CVar [[r.SkyAtmosphere.FastSkyLUT.SampleCountMax:128.0]]
[2022.05.22-06.09.38:433][  0]LogConfig: Setting CVar [[r.SkyAtmosphere.SampleCountMin:4.0]]
[2022.05.22-06.09.38:433][  0]LogConfig: Setting CVar [[r.SkyAtmosphere.SampleCountMax:128.0]]
[2022.05.22-06.09.38:433][  0]LogConfig: Setting CVar [[r.SkyAtmosphere.TransmittanceLUT.UseSmallFormat:0]]
[2022.05.22-06.09.38:433][  0]LogConfig: Setting CVar [[r.SkyAtmosphere.TransmittanceLUT.SampleCount:10.0]]
[2022.05.22-06.09.38:433][  0]LogConfig: Setting CVar [[r.SkyAtmosphere.MultiScatteringLUT.SampleCount:15.0]]
[2022.05.22-06.09.38:433][  0]LogConfig: Setting CVar [[r.SkyLight.RealTimeReflectionCapture:1]]
[2022.05.22-06.09.38:433][  0]LogConfig: Applying CVar settings from Section [FoliageQuality@3] File [C:/Users/SW/Desktop/EscapeRoom/Saved/Config/Windows/Scalability.ini]
[2022.05.22-06.09.38:434][  0]LogConfig: Setting CVar [[foliage.DensityScale:1.0]]
[2022.05.22-06.09.38:434][  0]LogConfig: Setting CVar [[grass.DensityScale:1.0]]
[2022.05.22-06.09.38:434][  0]LogConfig: Applying CVar settings from Section [ShadingQuality@3] File [C:/Users/SW/Desktop/EscapeRoom/Saved/Config/Windows/Scalability.ini]
[2022.05.22-06.09.38:434][  0]LogConfig: Setting CVar [[r.HairStrands.SkyLighting.IntegrationType:2]]
[2022.05.22-06.09.38:434][  0]LogConfig: Setting CVar [[r.HairStrands.SkyAO.SampleCount:4]]
[2022.05.22-06.09.38:434][  0]LogConfig: Setting CVar [[r.HairStrands.Visibility.MSAA.SamplePerPixel:4]]
[2022.05.22-06.09.38:434][  0]LogConfig: Applying CVar settings from Section [Startup] File [../../../Engine/Config/ConsoleVariables.ini]
[2022.05.22-06.09.38:436][  0]LogConfig: Setting CVar [[net.UseAdaptiveNetUpdateFrequency:0]]
[2022.05.22-06.09.38:436][  0]LogConfig: Setting CVar [[p.chaos.AllowCreatePhysxBodies:1]]
[2022.05.22-06.09.38:436][  0]LogConfig: Setting CVar [[fx.SkipVectorVMBackendOptimizations:1]]
[2022.05.22-06.09.38:436][  0]LogConfig: Applying CVar settings from Section [ConsoleVariables] File [C:/Users/SW/Desktop/EscapeRoom/Saved/Config/Windows/Engine.ini]
[2022.05.22-06.09.38:436][  0]LogConfig: Applying CVar settings from Section [ConsoleVariables] File [C:/Users/SW/Desktop/EscapeRoom/Saved/Config/Windows/Editor.ini]
[2022.05.22-06.09.38:437][  0]LogInit: Computer: DESKTOP-KEQHGKA
[2022.05.22-06.09.38:437][  0]LogInit: User: SW
[2022.05.22-06.09.38:437][  0]LogInit: CPU Page size=4096, Cores=4
[2022.05.22-06.09.38:437][  0]LogInit: High frequency timer resolution =10.000000 MHz
[2022.05.22-06.09.38:437][  0]LogMemory: Memory total: Physical=15.8GB (16GB approx)
[2022.05.22-06.09.38:437][  0]LogMemory: Platform Memory Stats for Windows
[2022.05.22-06.09.38:437][  0]LogMemory: Process Physical Memory: 143.41 MB used, 143.42 MB peak
[2022.05.22-06.09.38:437][  0]LogMemory: Process Virtual Memory: 126.32 MB used, 126.32 MB peak
[2022.05.22-06.09.38:437][  0]LogMemory: Physical Memory: 7101.85 MB used,  9122.83 MB free, 16224.68 MB total
[2022.05.22-06.09.38:437][  0]LogMemory: Virtual Memory: 134207768.00 MB used,  9956.52 MB free, 134217728.00 MB total
[2022.05.22-06.09.38:451][  0]LogWindows: WindowsPlatformFeatures enabled
[2022.05.22-06.09.38:683][  0]LogInit: Physics initialised using underlying interface: PhysX
[2022.05.22-06.09.38:689][  0]LogInit: Using OS detected language (ko-KR).
[2022.05.22-06.09.38:689][  0]LogInit: Using OS detected locale (ko-KR).
[2022.05.22-06.09.38:717][  0]LogTextLocalizationManager: No specific localization for 'ko-KR' exists, so the 'ko' localization will be used.
[2022.05.22-06.09.39:165][  0]LogInit: Setting process to per monitor DPI aware
[2022.05.22-06.09.39:215][  0]LogWindowsTextInputMethodSystem: Display: IME system deactivated.
[2022.05.22-06.09.39:342][  0]LogSlate: New Slate User Created.  User Index 0, Is Virtual User: 0
[2022.05.22-06.09.39:342][  0]LogSlate: Slate User Registered.  User Index 0, Is Virtual User: 0
[2022.05.22-06.09.45:329][  0]LogD3D11RHI: Loaded GFSDK_Aftermath_Lib.x64.dll
[2022.05.22-06.09.45:360][  0]LogHMD: Failed to initialize OpenVR with code 110
[2022.05.22-06.09.45:360][  0]LogD3D11RHI: D3D11 min allowed feature level: 11_0
[2022.05.22-06.09.45:360][  0]LogD3D11RHI: D3D11 max allowed feature level: 11_0
[2022.05.22-06.09.45:360][  0]LogD3D11RHI: D3D11 adapters:
[2022.05.22-06.09.45:619][  0]LogD3D11RHI:    0. 'NVIDIA GeForce GTX 1650' (Feature Level 11_0)
[2022.05.22-06.09.45:619][  0]LogD3D11RHI:       3964/0/8112 MB DedicatedVideo/DedicatedSystem/SharedSystem, Outputs:1, VendorId:0x10de
[2022.05.22-06.09.45:647][  0]LogD3D11RHI:    1. 'Intel(R) UHD Graphics' (Feature Level 11_0)
[2022.05.22-06.09.45:647][  0]LogD3D11RHI:       128/0/8112 MB DedicatedVideo/DedicatedSystem/SharedSystem, Outputs:0, VendorId:0x8086
[2022.05.22-06.09.45:649][  0]LogD3D11RHI:    2. 'Microsoft Basic Render Driver' (Feature Level 11_0)
[2022.05.22-06.09.45:649][  0]LogD3D11RHI:       0/0/8112 MB DedicatedVideo/DedicatedSystem/SharedSystem, Outputs:0, VendorId:0x1414
[2022.05.22-06.09.45:649][  0]LogD3D11RHI: Chosen D3D11 Adapter:
[2022.05.22-06.09.45:649][  0]LogD3D11RHI:     Description : NVIDIA GeForce GTX 1650
[2022.05.22-06.09.45:650][  0]LogD3D11RHI:     VendorId    : 10de
[2022.05.22-06.09.45:650][  0]LogD3D11RHI:     DeviceId    : 1f91
[2022.05.22-06.09.45:650][  0]LogD3D11RHI:     SubSysId    : 3871854
[2022.05.22-06.09.45:650][  0]LogD3D11RHI:     Revision    : 00a1
[2022.05.22-06.09.45:650][  0]LogD3D11RHI:     DedicatedVideoMemory : 4156555264 bytes
[2022.05.22-06.09.45:650][  0]LogD3D11RHI:     DedicatedSystemMemory : 0 bytes
[2022.05.22-06.09.45:650][  0]LogD3D11RHI:     SharedSystemMemory : 8506404864 bytes
[2022.05.22-06.09.45:650][  0]LogD3D11RHI:     AdapterLuid : 0 56435
[2022.05.22-06.09.45:656][  0]LogD3D11RHI: Creating new Direct3DDevice
[2022.05.22-06.09.45:656][  0]LogD3D11RHI:     GPU DeviceId: 0x1f91 (for the marketing name, search the web for "GPU Device Id")
[2022.05.22-06.09.45:656][  0]LogWindows: EnumDisplayDevices:
[2022.05.22-06.09.45:656][  0]LogWindows:    0. 'Intel(R) UHD Graphics' (P:1 D:1)
[2022.05.22-06.09.45:656][  0]LogWindows:    1. 'Intel(R) UHD Graphics' (P:0 D:0)
[2022.05.22-06.09.45:657][  0]LogWindows:    2. 'Intel(R) UHD Graphics' (P:0 D:0)
[2022.05.22-06.09.45:657][  0]LogWindows: DebugString: PrimaryIsNotTheChoosenAdapter PrimaryIsNotTheChoosenAdapter PrimaryIsNotTheChoosenAdapter FoundDriverCount:0 
[2022.05.22-06.09.45:657][  0]LogD3D11RHI:     Adapter Name: NVIDIA GeForce GTX 1650
[2022.05.22-06.09.45:657][  0]LogD3D11RHI:   Driver Version: Unknown (internal:Unknown, unified:Unknown)
[2022.05.22-06.09.45:657][  0]LogD3D11RHI:      Driver Date: Unknown
[2022.05.22-06.09.45:657][  0]LogRHI: Texture pool is 2774 MB (70% of 3964 MB)
[2022.05.22-06.09.45:658][  0]LogD3D11RHI: Creating D3DDevice using adapter:
[2022.05.22-06.09.45:658][  0]LogD3D11RHI:     Description : NVIDIA GeForce GTX 1650
[2022.05.22-06.09.45:658][  0]LogD3D11RHI:     VendorId    : 10de
[2022.05.22-06.09.45:658][  0]LogD3D11RHI:     DeviceId    : 1f91
[2022.05.22-06.09.45:658][  0]LogD3D11RHI:     SubSysId    : 3871854
[2022.05.22-06.09.45:658][  0]LogD3D11RHI:     Revision    : 00a1
[2022.05.22-06.09.45:658][  0]LogD3D11RHI:     DedicatedVideoMemory : 4156555264 bytes
[2022.05.22-06.09.45:658][  0]LogD3D11RHI:     DedicatedSystemMemory : 0 bytes
[2022.05.22-06.09.45:658][  0]LogD3D11RHI:     SharedSystemMemory : 8506404864 bytes
[2022.05.22-06.09.45:658][  0]LogD3D11RHI:     AdapterLuid : 0 56435
[2022.05.22-06.09.45:763][  0]LogD3D11RHI: RHI has support for 64 bit atomics
[2022.05.22-06.09.45:764][  0]LogD3D11RHI: Async texture creation enabled
[2022.05.22-06.09.45:764][  0]LogD3D11RHI: Array index from any shader is supported
[2022.05.22-06.09.45:796][  0]LogD3D11RHI: GPU Timing Frequency: 1000.000000 (Debug: 2 1)
[2022.05.22-06.09.45:878][  0]LogRHI: GeForceNow SDK initialized: 1
[2022.05.22-06.09.46:434][  0]LogTargetPlatformManager: Display: Loaded TargetPlatform 'AllDesktop'
[2022.05.22-06.09.46:484][  0]LogTargetPlatformManager: Display: Loaded TargetPlatform 'Android'
[2022.05.22-06.09.46:484][  0]LogTargetPlatformManager: Display: Loaded TargetPlatform 'Android_ASTC'
[2022.05.22-06.09.46:484][  0]LogTargetPlatformManager: Display: Loaded TargetPlatform 'Android_DXT'
[2022.05.22-06.09.46:484][  0]LogTargetPlatformManager: Display: Loaded TargetPlatform 'Android_ETC2'
[2022.05.22-06.09.46:484][  0]LogTargetPlatformManager: Display: Loaded TargetPlatform 'AndroidClient'
[2022.05.22-06.09.46:484][  0]LogTargetPlatformManager: Display: Loaded TargetPlatform 'Android_ASTCClient'
[2022.05.22-06.09.46:484][  0]LogTargetPlatformManager: Display: Loaded TargetPlatform 'Android_DXTClient'
[2022.05.22-06.09.46:484][  0]LogTargetPlatformManager: Display: Loaded TargetPlatform 'Android_ETC2Client'
[2022.05.22-06.09.46:484][  0]LogTargetPlatformManager: Display: Loaded TargetPlatform 'Android_Multi'
[2022.05.22-06.09.46:484][  0]LogTargetPlatformManager: Display: Loaded TargetPlatform 'Android_MultiClient'
[2022.05.22-06.09.46:536][  0]LogTargetPlatformManager: Display: Loaded TargetPlatform 'IOSClient'
[2022.05.22-06.09.46:536][  0]LogTargetPlatformManager: Display: Loaded TargetPlatform 'IOS'
[2022.05.22-06.09.46:568][  0]LogTargetPlatformManager: Display: Loaded TargetPlatform 'Linux'
[2022.05.22-06.09.46:584][  0]LogTargetPlatformManager: Display: Loaded TargetPlatform 'LinuxNoEditor'
[2022.05.22-06.09.46:600][  0]LogTargetPlatformManager: Display: Loaded TargetPlatform 'LinuxClient'
[2022.05.22-06.09.46:616][  0]LogTargetPlatformManager: Display: Loaded TargetPlatform 'LinuxServer'
[2022.05.22-06.09.46:655][  0]LogTargetPlatformManager: Display: Loaded TargetPlatform 'LinuxAArch64NoEditor'
[2022.05.22-06.09.46:672][  0]LogTargetPlatformManager: Display: Loaded TargetPlatform 'LinuxAArch64Client'
[2022.05.22-06.09.46:689][  0]LogTargetPlatformManager: Display: Loaded TargetPlatform 'LinuxAArch64Server'
[2022.05.22-06.09.46:755][  0]LogTargetPlatformManager: Display: Loaded TargetPlatform 'Lumin'
[2022.05.22-06.09.46:755][  0]LogTargetPlatformManager: Display: Loaded TargetPlatform 'LuminClient'
[2022.05.22-06.09.46:769][  0]LogTargetPlatformManager: Display: Loaded TargetPlatform 'MacNoEditor'
[2022.05.22-06.09.46:777][  0]LogTargetPlatformManager: Display: Loaded TargetPlatform 'Mac'
[2022.05.22-06.09.46:783][  0]LogTargetPlatformManager: Display: Loaded TargetPlatform 'MacClient'
[2022.05.22-06.09.46:790][  0]LogTargetPlatformManager: Display: Loaded TargetPlatform 'MacServer'
[2022.05.22-06.09.46:809][  0]LogTargetPlatformManager: Display: Loaded TargetPlatform 'TVOSClient'
[2022.05.22-06.09.46:809][  0]LogTargetPlatformManager: Display: Loaded TargetPlatform 'TVOS'
[2022.05.22-06.09.46:828][  0]LogTargetPlatformManager: Display: Loaded TargetPlatform 'WindowsNoEditor'
[2022.05.22-06.09.46:837][  0]LogTargetPlatformManager: Display: Loaded TargetPlatform 'Windows'
[2022.05.22-06.09.46:847][  0]LogTargetPlatformManager: Display: Loaded TargetPlatform 'WindowsClient'
[2022.05.22-06.09.46:857][  0]LogTargetPlatformManager: Display: Loaded TargetPlatform 'WindowsServer'
[2022.05.22-06.09.46:857][  0]LogTargetPlatformManager: Display: Building Assets For Windows
[2022.05.22-06.09.46:875][  0]LogAudioDebug: Display: Lib vorbis DLL was dynamically loaded.
[2022.05.22-06.09.46:969][  0]LogTextureFormatOodle: Display: Oodle Texture 2.9.0 init RDO Off
[2022.05.22-06.09.47:114][  0]LogRendererCore: Ray tracing is disabled. Reason: r.RayTracing=0.
[2022.05.22-06.09.47:116][  0]LogShaderCompilers: Guid format shader working directory is -2 characters bigger than the processId version (../../../../../../Users/SW/Desktop/EscapeRoom/Intermediate/Shaders/WorkingDirectory/6200/).
[2022.05.22-06.09.47:116][  0]LogShaderCompilers: Cleaned the shader compiler working directory 'C:/Users/SW/AppData/Local/Temp/UnrealShaderWorkingDir/EC2496B340924C42CD13B2B9DC4F09F3/'.
[2022.05.22-06.09.47:117][  0]LogXGEController: Cannot use XGE Controller as Incredibuild is not installed on this machine.
[2022.05.22-06.09.47:118][  0]LogShaderCompilers: Cannot use XGE Shader Compiler as Incredibuild is not installed on this machine.
[2022.05.22-06.09.47:118][  0]LogShaderCompilers: Display: Using Local Shader Compiler.
[2022.05.22-06.09.52:719][  0]LogDerivedDataCache: Display: Max Cache Size: 512 MB
[2022.05.22-06.09.52:848][  0]LogDerivedDataCache: Loaded boot cache 0.13s 96MB C:/Users/SW/AppData/Local/UnrealEngine/4.27/DerivedDataCache/Boot.ddc.
[2022.05.22-06.09.52:848][  0]LogDerivedDataCache: Display: Loaded Boot cache: C:/Users/SW/AppData/Local/UnrealEngine/4.27/DerivedDataCache/Boot.ddc
[2022.05.22-06.09.52:848][  0]LogDerivedDataCache: FDerivedDataBackendGraph:  Pak pak cache file ../../../../../../Users/SW/Desktop/EscapeRoom/DerivedDataCache/DDC.ddp not found, will not use a pak cache.
[2022.05.22-06.09.52:848][  0]LogDerivedDataCache: Unable to find inner node Pak for hierarchical cache Hierarchy.
[2022.05.22-06.09.52:848][  0]LogDerivedDataCache: FDerivedDataBackendGraph:  CompressedPak pak cache file ../../../../../../Users/SW/Desktop/EscapeRoom/DerivedDataCache/Compressed.ddp not found, will not use a pak cache.
[2022.05.22-06.09.52:848][  0]LogDerivedDataCache: Unable to find inner node CompressedPak for hierarchical cache Hierarchy.
[2022.05.22-06.09.52:875][  0]LogDerivedDataCache: Display: Pak cache opened for reading ../../../Engine/DerivedDataCache/Compressed.ddp.
[2022.05.22-06.09.52:875][  0]LogDerivedDataCache: FDerivedDataBackendGraph:  EnterprisePak pak cache file ../../../Enterprise/DerivedDataCache/Compressed.ddp not found, will not use a pak cache.
[2022.05.22-06.09.52:875][  0]LogDerivedDataCache: Unable to find inner node EnterprisePak for hierarchical cache Hierarchy.
[2022.05.22-06.09.52:891][  0]LogDerivedDataCache: Speed tests for C:/Users/SW/AppData/Local/UnrealEngine/Common/DerivedDataCache took 0.02 seconds
[2022.05.22-06.09.52:891][  0]LogDerivedDataCache: Display: Performance to C:/Users/SW/AppData/Local/UnrealEngine/Common/DerivedDataCache: Latency=0.09ms. RandomReadSpeed=137.92MBs, RandomWriteSpeed=113.24MBs. Assigned SpeedClass 'Local'
[2022.05.22-06.09.52:892][  0]LogDerivedDataCache: Using Local data cache path C:/Users/SW/AppData/Local/UnrealEngine/Common/DerivedDataCache: Writable
[2022.05.22-06.09.52:892][  0]LogDerivedDataCache: Shared data cache path not found in *engine.ini, will not use an Shared cache.
[2022.05.22-06.09.52:892][  0]LogDerivedDataCache: Unable to find inner node Shared for hierarchical cache Hierarchy.
[2022.05.22-06.09.53:009][  0]LogSlate: Using FreeType 2.10.0
[2022.05.22-06.09.53:027][  0]LogSlate: SlateFontServices - WITH_FREETYPE: 1, WITH_HARFBUZZ: 1
[2022.05.22-06.09.53:111][  0]LogAssetRegistry: FAssetRegistry took 0.0108 seconds to start up
[2022.05.22-06.09.53:662][  0]LogInit: Selected Device Profile: [Windows]
[2022.05.22-06.09.53:662][  0]LogInit: Active device profile: [000001560E614B00][0000015600EFA700 49] Windows
[2022.05.22-06.09.53:662][  0]LogInit: Profiles: [000001560E614B00][0000015600EFA700 49] Windows, [000001560E5E2100][000001560AF7A840 49] WindowsNoEditor, [000001560E615900][000001560D40E980 49] WindowsServer, [000001560E5E2E00][000001560D842B00 49] WindowsClient, [000001560E617C00][000001560D846C80 49] IOS, [000001560E5E0F00][000001560D84AE00 49] iPadAir, [000001560E617E00][000001560D84EF80 49] iPadAir2, [000001560ED78C00][000001560D857240 49] IPadPro, [000001560ED78D00][000001560D853280 49] iPadAir3, [000001560E5E3B00][000001560D85B400 49] iPadAir4, [000001560ED7B600][000001560AF27580 49] iPadMini2, [000001560E5E3200][000001560AF2B700 49] iPadMini3, [000001560ED7B800][000001560AF2F880 49] iPadMini4, [000001560E5E3800][000001560AF33A00 49] iPadMini5, [000001560E5AC600][000001560AF3A140 49] iPhone6, [000001560E5AC700][000001560AF36180 49] iPodTouch6, [000001560E616900][000001560AF42440 49] iPhone7, [000001560E616800][000001560AF3E480 49] iPodTouch7, [000001560E5AC100][000001560AF46600 49] iPhone5S, [000001560ED78700][000001560D1F2740 49] iPhone6Plus, [000001560E5AE500][000001560AF4A880 49] iPhone6S, [000001560ED79300][000001560D4C09C0 49] iPhone6SPlus, [000001560E5AFB00][000001560D4C4B00 49] iPhone7Plus, [000001560ED7B500][000001560D4CCC80 49] iPhoneSE, [000001560E616600][000001560D4D0E00 49] iPhone8, [000001560ED78600][000001560D4D4F80 49] iPhone8Plus, [000001560E616200][000001560D4D9100 49] iPhoneX, [000001560ED7B300][000001560D4DD280 49] iPhoneXS, [000001560E617400][000001560D4E1400 49] iPhoneXSMax, [000001560ED7AD00][000001560D4E5580 49] iPhoneXR, [000001560E614200][000001560D4E9700 49] iPhone11, [000001560ED79E00][000001560D4ED880 49] iPhone11Pro, [000001560E616A00][000001560D4F1A00 49] iPhone11ProMax, [000001560ED7B700][000001560D3D3B80 49] iPhoneSE2, [000001560E614D00][000001560D3D6180 49] iPhone12Mini, [000001560ED79F00][000001560D3DA300 49] iPhone12, [000001560E614700][000001560D3DE480 49] iPhone12Pro, [000001560ED79400][000001560D3E2600 49] iPhone12ProMax, [000001560E614C00][000001560D3E6780 49] iPadPro105, [000001560ED79700][000001560D3EA900 49] iPadPro129, [000001560E614100][000001560D4C8A40 49] iPadPro97, [000001560ED7BC00][000001560D3EEB80 49] iPadPro2_129, [000001560E614800][000001560D3F2CC0 49] iPad5, [000001560ED7B100][000001560D3FAE40 49] iPad6, [000001560E614500][000001560D3FEFC0 49] iPad7, [000001560ED7A800][000001560D403140 49] iPad8, [000001560E615500][000001560D4072C0 49] iPadPro11, [000001560ED79500][000001560D40B440 49] iPadPro2_11, [000001560E614F00][000001560D5335C0 49] iPadPro3_129, [000001560ED7AC00][000001560D537740 49] iPadPro4_129, [000001560E616500][000001560D53B8C0 49] AppleTV, [000001560ED79100][000001560D53FA40 49] AppleTV4K, [000001560E614400][000001560D543BC0 49] TVOS, [000001560ED7A600][000001560D5461C0 49] Mac, [000001560E617D00][000001560D54A340 49] MacClient, [000001560ED79800][000001560D54E4C0 49] MacNoEditor, [000001560E617100][000001560D552640 49] MacServer, [000001560ED7B900][000001560D5567C0 49] Linux, [000001560E614900][000001560D55A940 49] LinuxAArch64, [000001560ED7BF00][000001560D55EAC0 49] LinuxNoEditor, [000001560E615B00][000001560D3F6C00 49] LinuxAArch64NoEditor, [000001560ED7B400][000001560D562D40 49] LinuxClient, [000001560E615C00][000001560D566E80 49] LinuxAArch64Client, [000001560ED79D00][000001560D56AFC0 49] LinuxServer, [000001560E616F00][000001560D573140 49] LinuxAArch64Server, [000001560ED78500][000001560D5772C0 49] Android, [000001560E615E00][000001560D57B440 49] Android_Low, [000001560ED7B000][000001560D57F5C0 49] Android_Mid, [000001560E616400][000001560D583740 49] Android_High, [000001560ED78800][000001560D5878C0 49] Android_Default, [000001560E617200][000001560D58BA40 49] Android_Adreno4xx, [000001560E5E2400][000001560D58FBC0 49] Android_Adreno5xx_Low, [000001560E5ADC00][000001560D5921C0 49] Android_Adreno5xx, [000001560E5E3D00][000001560D596340 49] Android_Adreno6xx, [000001560E5AEB00][000001560D59A4C0 49] Android_Adreno6xx_Vulkan, [000001560E5E3E00][000001560D59E640 49] Android_Mali_T6xx, [000001560E5ACF00][000001560D5A27C0 49] Android_Mali_T7xx, [000001560E5E1300][000001560D5A6940 49] Android_Mali_T8xx, [000001560E5ADF00][000001560D5AAAC0 49] Android_Mali_G71, [000001560E5E1C00][000001560D5AEC40 49] Android_Mali_G72, [000001560E5AE400][000001560D56ED80 49] Android_Mali_G72_Vulkan, [000001560E5E3600][000001560D5B2EC0 49] Android_Mali_G76, [000001560E5AE100][000001560D5B7000 49] Android_Mali_G76_Vulkan, [000001560E5E1B00][000001560D5BB140 49] Android_Mali_G77, [000001560E5ACA00][000001560D5C32C0 49] Android_Mali_G77_Vulkan, [000001560E5E3400][000001560D5C7440 49] Android_Mali_G78, [000001560E5AD300][000001560D5CB5C0 49] Android_Mali_G78_Vulkan, [000001560E5E2900][000001560D5CF740 49] Android_Mali_G710, [000001560E5AFD00][000001560D5D38C0 49] Android_Mali_G710_Vulkan, [000001560E5E1E00][000001560D5D7A40 49] Android_Vulkan_SM5, [000001560E5AC900][000001560D5DBBC0 49] Android_PowerVR_G6xxx, [000001560E5E1F00][000001560D5DE1C0 49] Android_PowerVR_GT7xxx, [000001560E5AE700][000001560D5E2340 49] Android_PowerVR_GE8xxx, [000001560E5E2300][000001560D5E64C0 49] Android_PowerVR_GM9xxx, [000001560E5AF200][000001560D5EA640 49] Android_PowerVR_GM9xxx_Vulkan, [000001560E5E3000][000001560D5EE7C0 49] Android_TegraK1, [000001560E5AD700][000001560D5F2940 49] Android_Unknown_Vulkan, [000001560E5E3700][000001560D5F6AC0 49] Lumin, [000001560E5AC200][000001560D5FAC40 49] Lumin_Desktop, [000001560E5E2200][000001560D5FEDC0 49] HoloLens, 
[2022.05.22-06.09.54:135][  0]LogMeshReduction: Using QuadricMeshReduction for automatic static mesh reduction
[2022.05.22-06.09.54:135][  0]LogMeshReduction: Using SimplygonMeshReduction for automatic skeletal mesh reduction
[2022.05.22-06.09.54:135][  0]LogMeshReduction: Using ProxyLODMeshReduction for automatic mesh merging
[2022.05.22-06.09.54:135][  0]LogMeshReduction: No distributed automatic mesh merging module available
[2022.05.22-06.09.54:136][  0]LogMeshMerging: No distributed automatic mesh merging module available
[2022.05.22-06.09.54:290][  0]LogNetVersion: EscapeRoom 1.0.0, NetCL: 17155196, EngineNetVer: 17, GameNetVer: 0 (Checksum: 2292534145)
[2022.05.22-06.09.57:500][  0]LogTexture: Default maximum texture size for cubemaps generated from long-lat sources has been changed from 512 to unlimited. In order to preserve old behaiour for '/Engine/MapTemplates/Sky/DaylightAmbientCubemap.DaylightAmbientCubemap', its maximum texture size has been explicitly set to 512.
[2022.05.22-06.09.57:832][  0]LogHMD: PokeAHoleMaterial loaded successfully
[2022.05.22-06.09.57:851][  0]LogUObjectArray: 17178 objects as part of root set at end of initial load.
[2022.05.22-06.09.57:851][  0]LogUObjectAllocator: 4302048 out of 0 bytes used by permanent object pool.
[2022.05.22-06.09.57:851][  0]LogUObjectArray: CloseDisregardForGC: 0/0 objects in disregard for GC pool
[2022.05.22-06.09.58:956][  0]LogNiagaraDebuggerClient: Niagara Debugger Client Initialized | Session: 497490DC4469CF70E3778EA83D8084D6 | Instance: EF883018429B84F944EE0B8CEEA6522C (DESKTOP-KEQHGKA-6200).
[2022.05.22-06.09.59:660][  0]LogPython: Using Python 3.7.7
[2022.05.22-06.10.01:072][  0]LogUdpMessaging: Initializing bridge on interface 0.0.0.0:0 to multicast group 230.0.0.1:6666.
[2022.05.22-06.10.01:089][  0]LogTcpMessaging: Initializing TcpMessaging bridge
[2022.05.22-06.10.02:184][  0]SourceControl: 소스 컨트롤이 꺼졌습니다.
[2022.05.22-06.10.02:184][  0]SourceControl: 소스 컨트롤이 꺼졌습니다.
[2022.05.22-06.10.02:208][  0]SourceControl: 소스 컨트롤이 꺼졌습니다.
[2022.05.22-06.10.02:224][  0]SourceControl: 소스 컨트롤이 꺼졌습니다.
[2022.05.22-06.10.02:248][  0]SourceControl: 소스 컨트롤이 꺼졌습니다.
[2022.05.22-06.10.02:258][  0]LogUProjectInfo: Found projects:
[2022.05.22-06.10.03:209][  0]LogOpenImageDenoise: OIDN starting up
[2022.05.22-06.10.03:265][  0]LogAndroidPermission: UAndroidPermissionCallbackProxy::GetInstance
[2022.05.22-06.10.03:355][  0]LogAudioCaptureCore: Display: No Audio Capture implementations found. Audio input will be silent.
[2022.05.22-06.10.03:356][  0]LogAudioCaptureCore: Display: No Audio Capture implementations found. Audio input will be silent.
[2022.05.22-06.10.04:730][  0]LogOcInput: OculusInput pre-init called
[2022.05.22-06.10.05:660][  0]LogCollectionManager: Loaded 0 collections in 0.003372 seconds
[2022.05.22-06.10.05:935][  0]LogFileCache: Scanning file cache for directory 'C:/Users/SW/Desktop/EscapeRoom/Saved/Collections/' took 0.00s
[2022.05.22-06.10.05:935][  0]LogFileCache: Scanning file cache for directory 'C:/Users/SW/Desktop/EscapeRoom/Content/Developers/SW/Collections/' took 0.00s
[2022.05.22-06.10.05:935][  0]LogFileCache: Scanning file cache for directory 'C:/Users/SW/Desktop/EscapeRoom/Content/Collections/' took 0.00s
[2022.05.22-06.10.05:935][  0]LogEngine: Initializing Engine...
[2022.05.22-06.10.05:954][  0]LogHMD: Failed to enumerate extensions. Please check that you have a valid OpenXR runtime installed.
[2022.05.22-06.10.05:955][  0]LogHMD: Failed to initialize OpenVR with code 110
[2022.05.22-06.10.05:955][  0]LogMagicLeap: Warning: VR disabled because ZI is not enabled.  To enable, in the editor, Edit -> Project Settings -> Plugins -> Magic Leap Plugin -> Enable Zero Iteration
[2022.05.22-06.10.05:962][  0]LogStats: UGameplayTagsManager::InitializeManager -  0.002 s
[2022.05.22-06.10.06:765][  0]LogInit: Initializing FReadOnlyCVARCache
[2022.05.22-06.10.06:819][  0]LogAIModule: Creating AISystem for world Untitled
[2022.05.22-06.10.06:827][  0]LogAudio: Display: Initializing Audio Device Manager...
[2022.05.22-06.10.06:842][  0]LogAudio: Display: Loading Default Audio Settings Objects...
[2022.05.22-06.10.06:857][  0]LogAudio: Display: No default SoundConcurrencyObject specified (or failed to load).
[2022.05.22-06.10.06:860][  0]LogAudio: Display: Audio Device Manager Initialized
[2022.05.22-06.10.06:860][  0]LogAudio: Display: Creating Audio Device:                 Id: 1, Scope: Shared, Realtime: True
[2022.05.22-06.10.06:861][  0]LogAudioMixer: Display: Audio Mixer Platform Settings:
[2022.05.22-06.10.06:861][  0]LogAudioMixer: Display: 	Sample Rate:						  48000
[2022.05.22-06.10.06:861][  0]LogAudioMixer: Display: 	Callback Buffer Frame Size Requested: 1024
[2022.05.22-06.10.06:861][  0]LogAudioMixer: Display: 	Callback Buffer Frame Size To Use:	  1024
[2022.05.22-06.10.06:861][  0]LogAudioMixer: Display: 	Number of buffers to queue:			  2
[2022.05.22-06.10.06:861][  0]LogAudioMixer: Display: 	Max Channels (voices):				  32
[2022.05.22-06.10.06:861][  0]LogAudioMixer: Display: 	Number of Async Source Workers:		  0
[2022.05.22-06.10.06:861][  0]LogAudio: Display: AudioDevice MaxSources: 32
[2022.05.22-06.10.06:864][  0]LogAudio: Display: Audio Spatialization Plugin: None (built-in).
[2022.05.22-06.10.06:864][  0]LogAudio: Display: Audio Reverb Plugin: None (built-in).
[2022.05.22-06.10.06:864][  0]LogAudio: Display: Audio Occlusion Plugin: None (built-in).
[2022.05.22-06.10.06:864][  0]LogAudioMixer: Display: Initializing audio mixer.
[2022.05.22-06.10.06:921][  0]LogAudioMixer: Display: 0: FrontLeft
[2022.05.22-06.10.06:921][  0]LogAudioMixer: Display: 1: FrontRight
[2022.05.22-06.10.07:244][  0]LogAudioMixer: Display: Using Audio Device 스피커(Realtek(R) Audio)
[2022.05.22-06.10.07:247][  0]LogAudioMixer: Display: Initializing Sound Submixes...
[2022.05.22-06.10.07:311][  0]LogAudioMixer: Display: Creating Master Submix 'MasterSubmixDefault'
[2022.05.22-06.10.07:312][  0]LogAudioMixer: Display: Creating Master Submix 'MasterReverbSubmixDefault'
[2022.05.22-06.10.07:315][  0]LogAudioMixer: Display: Creating Master Submix 'MasterEQSubmixDefault'
[2022.05.22-06.10.07:316][  0]LogAudioMixer: FMixerPlatformXAudio2::StartAudioStream() called
[2022.05.22-06.10.07:316][  0]LogAudioMixer: Display: Output buffers initialized: Frames=1024, Channels=2, Samples=2048
[2022.05.22-06.10.07:318][  0]LogAudioMixer: Display: Starting AudioMixerPlatformInterface::RunInternal()
[2022.05.22-06.10.07:318][  0]LogAudioMixer: Display: FMixerPlatformXAudio2::SubmitBuffer() called for the first time
[2022.05.22-06.10.07:319][  0]LogInit: FAudioDevice initialized.
[2022.05.22-06.10.07:321][  0]LogAudio: Display: Audio Device (ID: 1) registered with world 'Untitled'.
[2022.05.22-06.10.07:321][  0]LogNetVersion: Set ProjectVersion to 1.0.0.0. Version Checksum will be recalculated on next use.
[2022.05.22-06.10.07:403][  0]LogDerivedDataCache: Saved boot cache 0.08s 96MB C:/Users/SW/AppData/Local/UnrealEngine/4.27/DerivedDataCache/Boot.ddc.
[2022.05.22-06.10.07:403][  0]LogInit: Texture streaming: Enabled
[2022.05.22-06.10.07:432][  0]LogAnalytics: Display: [UEEditor.Rocket.Release] APIServer = https://datarouter.ol.epicgames.com/. AppVersion = 4.27.2-18319896+++UE4+Release-4.27
[2022.05.22-06.10.07:440][  0]LogEngineSessionManager: EngineSessionManager initialized
[2022.05.22-06.10.07:441][  0]LogEditorSessionSummary: Verbose: Initializing EditorSessionSummaryWriter for editor session tracking
[2022.05.22-06.10.07:444][  0]LogEditorSessionSummary: EditorSessionSummaryWriter initialized
[2022.05.22-06.10.07:530][  0]LogInit: Transaction tracking system initialized
[2022.05.22-06.10.07:640][  0]BlueprintLog: New page: 에디터 로드
[2022.05.22-06.10.07:950][  0]LocalizationService: 현지화 서비스가 비활성화되었습니다.
[2022.05.22-06.10.08:034][  0]TimingProfiler: Initialize
[2022.05.22-06.10.08:037][  0]TimingProfiler: OnSessionChanged
[2022.05.22-06.10.08:037][  0]LoadingProfiler: Initialize
[2022.05.22-06.10.08:037][  0]LoadingProfiler: OnSessionChanged
[2022.05.22-06.10.08:038][  0]NetworkingProfiler: Initialize
[2022.05.22-06.10.08:038][  0]NetworkingProfiler: OnSessionChanged
[2022.05.22-06.10.08:038][  0]MemoryProfiler: Initialize
[2022.05.22-06.10.08:039][  0]MemoryProfiler: OnSessionChanged
[2022.05.22-06.10.08:694][  0]LogCook: Display: CookSettings for Memory: MemoryMaxUsedVirtual 0MiB, MemoryMaxUsedPhysical 16384MiB, MemoryMinFreeVirtual 0MiB, MemoryMinFreePhysical 1024MiB
[2022.05.22-06.10.08:694][  0]LogCook: Display: Mobile HDR setting 1
[2022.05.22-06.10.08:784][  0]LogFileCache: Scanning file cache for directory 'C:/Users/SW/Desktop/EscapeRoom/Content/' took 0.02s
[2022.05.22-06.10.09:975][  0]LogInit: Display: Engine is initialized. Leaving FEngineLoop::Init()
[2022.05.22-06.10.09:982][  0]SourceControl: 소스 컨트롤이 꺼졌습니다.
[2022.05.22-06.10.09:982][  0]LogUnrealEdMisc: Loading editor; pre map load, took 37.652
[2022.05.22-06.10.09:983][  0]Cmd: MAP LOAD FILE="../../../../../../Users/SW/Desktop/EscapeRoom/Content/FirstPersonBP/Maps/FirstPersonExampleMap.umap" TEMPLATE=0 SHOWPROGRESS=1 FEATURELEVEL=3
[2022.05.22-06.10.09:984][  0]LogEditorServer: Warning: Can't find file '../../../../../../Users/SW/Desktop/EscapeRoom/Content/FirstPersonBP/Maps/FirstPersonExampleMap.umap'
[2022.05.22-06.10.09:984][  0]Cmd: MAP CHECKDEP NOCLEARLOG
[2022.05.22-06.10.09:985][  0]MapCheck: 맵 체크 완료: 오류 0 회, 경고 0 회, 소요 시간 0.465ms.
[2022.05.22-06.10.09:985][  0]LogFileHelpers: Loading map 'FirstPersonExampleMap' took 0.002
[2022.05.22-06.10.10:001][  0]LogUnrealEdMisc: Total Editor Startup Time, took 37.670
[2022.05.22-06.10.10:312][  0]LogSlate: Updating window title bar state: overlay mode, drag disabled, window buttons hidden, title bar hidden
[2022.05.22-06.10.10:338][  0]LogSlate: Updating window title bar state: overlay mode, drag disabled, window buttons hidden, title bar hidden
[2022.05.22-06.10.10:361][  0]LogSlate: Updating window title bar state: overlay mode, drag disabled, window buttons hidden, title bar hidden
[2022.05.22-06.10.10:383][  0]LogSlate: Updating window title bar state: overlay mode, drag disabled, window buttons hidden, title bar hidden
[2022.05.22-06.10.10:459][  0]LogNativeClassHierarchy: Verbose: Native class hierarchy populated in 0.0345 seconds. Added 3822 classes and 928 folders.
[2022.05.22-06.10.10:474][  0]LogNativeClassHierarchy: Verbose: Native class hierarchy updated for 'WidgetCarousel' in 0.0010 seconds. Added 0 classes and 0 folders.
[2022.05.22-06.10.10:483][  0]LogPakFile: PakFile PrimaryIndexSize=187
[2022.05.22-06.10.10:483][  0]LogPakFile: PakFile PathHashIndexSize=101
[2022.05.22-06.10.10:483][  0]LogPakFile: PakFile FullDirectoryIndexSize=148
[2022.05.22-06.10.10:483][  0]LogShaderLibrary: Display: ShaderCodeLibraryPakFileMountedCallback: PakFile 'C:/Program Files/Epic Games/UE_4.27/FeaturePacks/FP_FirstPerson.upack' (chunk index -1, root 'root:/') mounted
[2022.05.22-06.10.10:483][  0]LogShaderLibrary: Display: ShaderCodeLibraryPakFileMountedCallback: pending pak file info (ChunkID:-1 Root:root:/ File:C:/Program Files/Epic Games/UE_4.27/FeaturePacks/FP_FirstPerson.upack)
[2022.05.22-06.10.10:484][  0]LogPakFile: OnPakFileMounted2Time == 0.000208
[2022.05.22-06.10.10:489][  0]LogPakFile: PakFile PrimaryIndexSize=189
[2022.05.22-06.10.10:489][  0]LogPakFile: PakFile PathHashIndexSize=101
[2022.05.22-06.10.10:489][  0]LogPakFile: PakFile FullDirectoryIndexSize=152
[2022.05.22-06.10.10:489][  0]LogShaderLibrary: Display: ShaderCodeLibraryPakFileMountedCallback: PakFile 'C:/Program Files/Epic Games/UE_4.27/FeaturePacks/FP_FirstPersonBP.upack' (chunk index -1, root 'root:/') mounted
[2022.05.22-06.10.10:490][  0]LogShaderLibrary: Display: ShaderCodeLibraryPakFileMountedCallback: pending pak file info (ChunkID:-1 Root:root:/ File:C:/Program Files/Epic Games/UE_4.27/FeaturePacks/FP_FirstPersonBP.upack)
[2022.05.22-06.10.10:490][  0]LogPakFile: OnPakFileMounted2Time == 0.000207
[2022.05.22-06.10.10:494][  0]LogPakFile: PakFile PrimaryIndexSize=191
[2022.05.22-06.10.10:494][  0]LogPakFile: PakFile PathHashIndexSize=101
[2022.05.22-06.10.10:494][  0]LogPakFile: PakFile FullDirectoryIndexSize=160
[2022.05.22-06.10.10:494][  0]LogShaderLibrary: Display: ShaderCodeLibraryPakFileMountedCallback: PakFile 'C:/Program Files/Epic Games/UE_4.27/FeaturePacks/MobileStarterContent.upack' (chunk index -1, root 'root:/') mounted
[2022.05.22-06.10.10:494][  0]LogShaderLibrary: Display: ShaderCodeLibraryPakFileMountedCallback: pending pak file info (ChunkID:-1 Root:root:/ File:C:/Program Files/Epic Games/UE_4.27/FeaturePacks/MobileStarterContent.upack)
[2022.05.22-06.10.10:494][  0]LogPakFile: OnPakFileMounted2Time == 0.000156
[2022.05.22-06.10.10:498][  0]LogPakFile: PakFile PrimaryIndexSize=185
[2022.05.22-06.10.10:498][  0]LogPakFile: PakFile PathHashIndexSize=101
[2022.05.22-06.10.10:498][  0]LogPakFile: PakFile FullDirectoryIndexSize=148
[2022.05.22-06.10.10:498][  0]LogShaderLibrary: Display: ShaderCodeLibraryPakFileMountedCallback: PakFile 'C:/Program Files/Epic Games/UE_4.27/FeaturePacks/StarterContent.upack' (chunk index -1, root 'root:/') mounted
[2022.05.22-06.10.10:498][  0]LogShaderLibrary: Display: ShaderCodeLibraryPakFileMountedCallback: pending pak file info (ChunkID:-1 Root:root:/ File:C:/Program Files/Epic Games/UE_4.27/FeaturePacks/StarterContent.upack)
[2022.05.22-06.10.10:498][  0]LogPakFile: OnPakFileMounted2Time == 0.000153
[2022.05.22-06.10.10:501][  0]LogPakFile: PakFile PrimaryIndexSize=190
[2022.05.22-06.10.10:502][  0]LogPakFile: PakFile PathHashIndexSize=101
[2022.05.22-06.10.10:502][  0]LogPakFile: PakFile FullDirectoryIndexSize=154
[2022.05.22-06.10.10:502][  0]LogShaderLibrary: Display: ShaderCodeLibraryPakFileMountedCallback: PakFile 'C:/Program Files/Epic Games/UE_4.27/FeaturePacks/TP_2DSideScroller.upack' (chunk index -1, root 'root:/') mounted
[2022.05.22-06.10.10:502][  0]LogShaderLibrary: Display: ShaderCodeLibraryPakFileMountedCallback: pending pak file info (ChunkID:-1 Root:root:/ File:C:/Program Files/Epic Games/UE_4.27/FeaturePacks/TP_2DSideScroller.upack)
[2022.05.22-06.10.10:502][  0]LogPakFile: OnPakFileMounted2Time == 0.000141
[2022.05.22-06.10.10:505][  0]LogPakFile: PakFile PrimaryIndexSize=192
[2022.05.22-06.10.10:505][  0]LogPakFile: PakFile PathHashIndexSize=101
[2022.05.22-06.10.10:505][  0]LogPakFile: PakFile FullDirectoryIndexSize=158
[2022.05.22-06.10.10:506][  0]LogShaderLibrary: Display: ShaderCodeLibraryPakFileMountedCallback: PakFile 'C:/Program Files/Epic Games/UE_4.27/FeaturePacks/TP_2DSideScrollerBP.upack' (chunk index -1, root 'root:/') mounted
[2022.05.22-06.10.10:506][  0]LogShaderLibrary: Display: ShaderCodeLibraryPakFileMountedCallback: pending pak file info (ChunkID:-1 Root:root:/ File:C:/Program Files/Epic Games/UE_4.27/FeaturePacks/TP_2DSideScrollerBP.upack)
[2022.05.22-06.10.10:506][  0]LogPakFile: OnPakFileMounted2Time == 0.000200
[2022.05.22-06.10.10:510][  0]LogPakFile: PakFile PrimaryIndexSize=182
[2022.05.22-06.10.10:510][  0]LogPakFile: PakFile PathHashIndexSize=101
[2022.05.22-06.10.10:510][  0]LogPakFile: PakFile FullDirectoryIndexSize=138
[2022.05.22-06.10.10:510][  0]LogShaderLibrary: Display: ShaderCodeLibraryPakFileMountedCallback: PakFile 'C:/Program Files/Epic Games/UE_4.27/FeaturePacks/TP_Flying.upack' (chunk index -1, root 'root:/') mounted
[2022.05.22-06.10.10:510][  0]LogShaderLibrary: Display: ShaderCodeLibraryPakFileMountedCallback: pending pak file info (ChunkID:-1 Root:root:/ File:C:/Program Files/Epic Games/UE_4.27/FeaturePacks/TP_Flying.upack)
[2022.05.22-06.10.10:510][  0]LogPakFile: OnPakFileMounted2Time == 0.000146
[2022.05.22-06.10.10:515][  0]LogPakFile: PakFile PrimaryIndexSize=184
[2022.05.22-06.10.10:515][  0]LogPakFile: PakFile PathHashIndexSize=101
[2022.05.22-06.10.10:515][  0]LogPakFile: PakFile FullDirectoryIndexSize=142
[2022.05.22-06.10.10:515][  0]LogShaderLibrary: Display: ShaderCodeLibraryPakFileMountedCallback: PakFile 'C:/Program Files/Epic Games/UE_4.27/FeaturePacks/TP_FlyingBP.upack' (chunk index -1, root 'root:/') mounted
[2022.05.22-06.10.10:515][  0]LogShaderLibrary: Display: ShaderCodeLibraryPakFileMountedCallback: pending pak file info (ChunkID:-1 Root:root:/ File:C:/Program Files/Epic Games/UE_4.27/FeaturePacks/TP_FlyingBP.upack)
[2022.05.22-06.10.10:515][  0]LogPakFile: OnPakFileMounted2Time == 0.000146
[2022.05.22-06.10.10:519][  0]LogPakFile: PakFile PrimaryIndexSize=188
[2022.05.22-06.10.10:519][  0]LogPakFile: PakFile PathHashIndexSize=101
[2022.05.22-06.10.10:519][  0]LogPakFile: PakFile FullDirectoryIndexSize=150
[2022.05.22-06.10.10:519][  0]LogShaderLibrary: Display: ShaderCodeLibraryPakFileMountedCallback: PakFile 'C:/Program Files/Epic Games/UE_4.27/FeaturePacks/TP_HandheldARBP.upack' (chunk index -1, root 'root:/') mounted
[2022.05.22-06.10.10:519][  0]LogShaderLibrary: Display: ShaderCodeLibraryPakFileMountedCallback: pending pak file info (ChunkID:-1 Root:root:/ File:C:/Program Files/Epic Games/UE_4.27/FeaturePacks/TP_HandheldARBP.upack)
[2022.05.22-06.10.10:519][  0]LogPakFile: OnPakFileMounted2Time == 0.000152
[2022.05.22-06.10.10:524][  0]LogPakFile: PakFile PrimaryIndexSize=182
[2022.05.22-06.10.10:524][  0]LogPakFile: PakFile PathHashIndexSize=101
[2022.05.22-06.10.10:524][  0]LogPakFile: PakFile FullDirectoryIndexSize=138
[2022.05.22-06.10.10:524][  0]LogShaderLibrary: Display: ShaderCodeLibraryPakFileMountedCallback: PakFile 'C:/Program Files/Epic Games/UE_4.27/FeaturePacks/TP_Puzzle.upack' (chunk index -1, root 'root:/') mounted
[2022.05.22-06.10.10:525][  0]LogShaderLibrary: Display: ShaderCodeLibraryPakFileMountedCallback: pending pak file info (ChunkID:-1 Root:root:/ File:C:/Program Files/Epic Games/UE_4.27/FeaturePacks/TP_Puzzle.upack)
[2022.05.22-06.10.10:525][  0]LogPakFile: OnPakFileMounted2Time == 0.000204
[2022.05.22-06.10.10:528][  0]LogPakFile: PakFile PrimaryIndexSize=184
[2022.05.22-06.10.10:528][  0]LogPakFile: PakFile PathHashIndexSize=101
[2022.05.22-06.10.10:528][  0]LogPakFile: PakFile FullDirectoryIndexSize=142
[2022.05.22-06.10.10:528][  0]LogShaderLibrary: Display: ShaderCodeLibraryPakFileMountedCallback: PakFile 'C:/Program Files/Epic Games/UE_4.27/FeaturePacks/TP_PuzzleBP.upack' (chunk index -1, root 'root:/') mounted
[2022.05.22-06.10.10:528][  0]LogShaderLibrary: Display: ShaderCodeLibraryPakFileMountedCallback: pending pak file info (ChunkID:-1 Root:root:/ File:C:/Program Files/Epic Games/UE_4.27/FeaturePacks/TP_PuzzleBP.upack)
[2022.05.22-06.10.10:529][  0]LogPakFile: OnPakFileMounted2Time == 0.000178
[2022.05.22-06.10.10:533][  0]LogPakFile: PakFile PrimaryIndexSize=183
[2022.05.22-06.10.10:533][  0]LogPakFile: PakFile PathHashIndexSize=101
[2022.05.22-06.10.10:533][  0]LogPakFile: PakFile FullDirectoryIndexSize=140
[2022.05.22-06.10.10:533][  0]LogShaderLibrary: Display: ShaderCodeLibraryPakFileMountedCallback: PakFile 'C:/Program Files/Epic Games/UE_4.27/FeaturePacks/TP_Rolling.upack' (chunk index -1, root 'root:/') mounted
[2022.05.22-06.10.10:533][  0]LogShaderLibrary: Display: ShaderCodeLibraryPakFileMountedCallback: pending pak file info (ChunkID:-1 Root:root:/ File:C:/Program Files/Epic Games/UE_4.27/FeaturePacks/TP_Rolling.upack)
[2022.05.22-06.10.10:533][  0]LogPakFile: OnPakFileMounted2Time == 0.000239
[2022.05.22-06.10.10:537][  0]LogPakFile: PakFile PrimaryIndexSize=185
[2022.05.22-06.10.10:538][  0]LogPakFile: PakFile PathHashIndexSize=101
[2022.05.22-06.10.10:538][  0]LogPakFile: PakFile FullDirectoryIndexSize=144
[2022.05.22-06.10.10:538][  0]LogShaderLibrary: Display: ShaderCodeLibraryPakFileMountedCallback: PakFile 'C:/Program Files/Epic Games/UE_4.27/FeaturePacks/TP_RollingBP.upack' (chunk index -1, root 'root:/') mounted
[2022.05.22-06.10.10:538][  0]LogShaderLibrary: Display: ShaderCodeLibraryPakFileMountedCallback: pending pak file info (ChunkID:-1 Root:root:/ File:C:/Program Files/Epic Games/UE_4.27/FeaturePacks/TP_RollingBP.upack)
[2022.05.22-06.10.10:538][  0]LogPakFile: OnPakFileMounted2Time == 0.000145
[2022.05.22-06.10.10:541][  0]LogPakFile: PakFile PrimaryIndexSize=188
[2022.05.22-06.10.10:541][  0]LogPakFile: PakFile PathHashIndexSize=101
[2022.05.22-06.10.10:541][  0]LogPakFile: PakFile FullDirectoryIndexSize=150
[2022.05.22-06.10.10:541][  0]LogShaderLibrary: Display: ShaderCodeLibraryPakFileMountedCallback: PakFile 'C:/Program Files/Epic Games/UE_4.27/FeaturePacks/TP_SideScroller.upack' (chunk index -1, root 'root:/') mounted
[2022.05.22-06.10.10:542][  0]LogShaderLibrary: Display: ShaderCodeLibraryPakFileMountedCallback: pending pak file info (ChunkID:-1 Root:root:/ File:C:/Program Files/Epic Games/UE_4.27/FeaturePacks/TP_SideScroller.upack)
[2022.05.22-06.10.10:542][  0]LogPakFile: OnPakFileMounted2Time == 0.000164
[2022.05.22-06.10.10:546][  0]LogPakFile: PakFile PrimaryIndexSize=190
[2022.05.22-06.10.10:546][  0]LogPakFile: PakFile PathHashIndexSize=101
[2022.05.22-06.10.10:546][  0]LogPakFile: PakFile FullDirectoryIndexSize=154
[2022.05.22-06.10.10:546][  0]LogShaderLibrary: Display: ShaderCodeLibraryPakFileMountedCallback: PakFile 'C:/Program Files/Epic Games/UE_4.27/FeaturePacks/TP_SideScrollerBP.upack' (chunk index -1, root 'root:/') mounted
[2022.05.22-06.10.10:546][  0]LogShaderLibrary: Display: ShaderCodeLibraryPakFileMountedCallback: pending pak file info (ChunkID:-1 Root:root:/ File:C:/Program Files/Epic Games/UE_4.27/FeaturePacks/TP_SideScrollerBP.upack)
[2022.05.22-06.10.10:546][  0]LogPakFile: OnPakFileMounted2Time == 0.000148
[2022.05.22-06.10.10:550][  0]LogPakFile: PakFile PrimaryIndexSize=187
[2022.05.22-06.10.10:550][  0]LogPakFile: PakFile PathHashIndexSize=101
[2022.05.22-06.10.10:550][  0]LogPakFile: PakFile FullDirectoryIndexSize=148
[2022.05.22-06.10.10:551][  0]LogShaderLibrary: Display: ShaderCodeLibraryPakFileMountedCallback: PakFile 'C:/Program Files/Epic Games/UE_4.27/FeaturePacks/TP_ThirdPerson.upack' (chunk index -1, root 'root:/') mounted
[2022.05.22-06.10.10:551][  0]LogShaderLibrary: Display: ShaderCodeLibraryPakFileMountedCallback: pending pak file info (ChunkID:-1 Root:root:/ File:C:/Program Files/Epic Games/UE_4.27/FeaturePacks/TP_ThirdPerson.upack)
[2022.05.22-06.10.10:551][  0]LogPakFile: OnPakFileMounted2Time == 0.000158
[2022.05.22-06.10.10:555][  0]LogPakFile: PakFile PrimaryIndexSize=189
[2022.05.22-06.10.10:555][  0]LogPakFile: PakFile PathHashIndexSize=101
[2022.05.22-06.10.10:555][  0]LogPakFile: PakFile FullDirectoryIndexSize=152
[2022.05.22-06.10.10:555][  0]LogShaderLibrary: Display: ShaderCodeLibraryPakFileMountedCallback: PakFile 'C:/Program Files/Epic Games/UE_4.27/FeaturePacks/TP_ThirdPersonBP.upack' (chunk index -1, root 'root:/') mounted
[2022.05.22-06.10.10:555][  0]LogShaderLibrary: Display: ShaderCodeLibraryPakFileMountedCallback: pending pak file info (ChunkID:-1 Root:root:/ File:C:/Program Files/Epic Games/UE_4.27/FeaturePacks/TP_ThirdPersonBP.upack)
[2022.05.22-06.10.10:555][  0]LogPakFile: OnPakFileMounted2Time == 0.000145
[2022.05.22-06.10.10:559][  0]LogPakFile: PakFile PrimaryIndexSize=183
[2022.05.22-06.10.10:559][  0]LogPakFile: PakFile PathHashIndexSize=101
[2022.05.22-06.10.10:559][  0]LogPakFile: PakFile FullDirectoryIndexSize=140
[2022.05.22-06.10.10:559][  0]LogShaderLibrary: Display: ShaderCodeLibraryPakFileMountedCallback: PakFile 'C:/Program Files/Epic Games/UE_4.27/FeaturePacks/TP_TopDown.upack' (chunk index -1, root 'root:/') mounted
[2022.05.22-06.10.10:559][  0]LogShaderLibrary: Display: ShaderCodeLibraryPakFileMountedCallback: pending pak file info (ChunkID:-1 Root:root:/ File:C:/Program Files/Epic Games/UE_4.27/FeaturePacks/TP_TopDown.upack)
[2022.05.22-06.10.10:559][  0]LogPakFile: OnPakFileMounted2Time == 0.000171
[2022.05.22-06.10.10:563][  0]LogPakFile: PakFile PrimaryIndexSize=185
[2022.05.22-06.10.10:563][  0]LogPakFile: PakFile PathHashIndexSize=101
[2022.05.22-06.10.10:563][  0]LogPakFile: PakFile FullDirectoryIndexSize=144
[2022.05.22-06.10.10:563][  0]LogShaderLibrary: Display: ShaderCodeLibraryPakFileMountedCallback: PakFile 'C:/Program Files/Epic Games/UE_4.27/FeaturePacks/TP_TopDownBP.upack' (chunk index -1, root 'root:/') mounted
[2022.05.22-06.10.10:563][  0]LogShaderLibrary: Display: ShaderCodeLibraryPakFileMountedCallback: pending pak file info (ChunkID:-1 Root:root:/ File:C:/Program Files/Epic Games/UE_4.27/FeaturePacks/TP_TopDownBP.upack)
[2022.05.22-06.10.10:563][  0]LogPakFile: OnPakFileMounted2Time == 0.000138
[2022.05.22-06.10.10:567][  0]LogPakFile: PakFile PrimaryIndexSize=185
[2022.05.22-06.10.10:567][  0]LogPakFile: PakFile PathHashIndexSize=101
[2022.05.22-06.10.10:567][  0]LogPakFile: PakFile FullDirectoryIndexSize=144
[2022.05.22-06.10.10:568][  0]LogShaderLibrary: Display: ShaderCodeLibraryPakFileMountedCallback: PakFile 'C:/Program Files/Epic Games/UE_4.27/FeaturePacks/TP_TwinStick.upack' (chunk index -1, root 'root:/') mounted
[2022.05.22-06.10.10:568][  0]LogShaderLibrary: Display: ShaderCodeLibraryPakFileMountedCallback: pending pak file info (ChunkID:-1 Root:root:/ File:C:/Program Files/Epic Games/UE_4.27/FeaturePacks/TP_TwinStick.upack)
[2022.05.22-06.10.10:568][  0]LogPakFile: OnPakFileMounted2Time == 0.000257
[2022.05.22-06.10.10:572][  0]LogPakFile: PakFile PrimaryIndexSize=187
[2022.05.22-06.10.10:572][  0]LogPakFile: PakFile PathHashIndexSize=101
[2022.05.22-06.10.10:572][  0]LogPakFile: PakFile FullDirectoryIndexSize=148
[2022.05.22-06.10.10:572][  0]LogShaderLibrary: Display: ShaderCodeLibraryPakFileMountedCallback: PakFile 'C:/Program Files/Epic Games/UE_4.27/FeaturePacks/TP_TwinStickBP.upack' (chunk index -1, root 'root:/') mounted
[2022.05.22-06.10.10:572][  0]LogShaderLibrary: Display: ShaderCodeLibraryPakFileMountedCallback: pending pak file info (ChunkID:-1 Root:root:/ File:C:/Program Files/Epic Games/UE_4.27/FeaturePacks/TP_TwinStickBP.upack)
[2022.05.22-06.10.10:572][  0]LogPakFile: OnPakFileMounted2Time == 0.000232
[2022.05.22-06.10.10:576][  0]LogPakFile: PakFile PrimaryIndexSize=183
[2022.05.22-06.10.10:577][  0]LogPakFile: PakFile PathHashIndexSize=101
[2022.05.22-06.10.10:577][  0]LogPakFile: PakFile FullDirectoryIndexSize=140
[2022.05.22-06.10.10:577][  0]LogShaderLibrary: Display: ShaderCodeLibraryPakFileMountedCallback: PakFile 'C:/Program Files/Epic Games/UE_4.27/FeaturePacks/TP_Vehicle.upack' (chunk index -1, root 'root:/') mounted
[2022.05.22-06.10.10:577][  0]LogShaderLibrary: Display: ShaderCodeLibraryPakFileMountedCallback: pending pak file info (ChunkID:-1 Root:root:/ File:C:/Program Files/Epic Games/UE_4.27/FeaturePacks/TP_Vehicle.upack)
[2022.05.22-06.10.10:577][  0]LogPakFile: OnPakFileMounted2Time == 0.000142
[2022.05.22-06.10.10:581][  0]LogPakFile: PakFile PrimaryIndexSize=186
[2022.05.22-06.10.10:581][  0]LogPakFile: PakFile PathHashIndexSize=101
[2022.05.22-06.10.10:581][  0]LogPakFile: PakFile FullDirectoryIndexSize=146
[2022.05.22-06.10.10:581][  0]LogShaderLibrary: Display: ShaderCodeLibraryPakFileMountedCallback: PakFile 'C:/Program Files/Epic Games/UE_4.27/FeaturePacks/TP_VehicleAdv.upack' (chunk index -1, root 'root:/') mounted
[2022.05.22-06.10.10:581][  0]LogShaderLibrary: Display: ShaderCodeLibraryPakFileMountedCallback: pending pak file info (ChunkID:-1 Root:root:/ File:C:/Program Files/Epic Games/UE_4.27/FeaturePacks/TP_VehicleAdv.upack)
[2022.05.22-06.10.10:581][  0]LogPakFile: OnPakFileMounted2Time == 0.000161
[2022.05.22-06.10.10:585][  0]LogPakFile: PakFile PrimaryIndexSize=188
[2022.05.22-06.10.10:585][  0]LogPakFile: PakFile PathHashIndexSize=101
[2022.05.22-06.10.10:585][  0]LogPakFile: PakFile FullDirectoryIndexSize=150
[2022.05.22-06.10.10:585][  0]LogShaderLibrary: Display: ShaderCodeLibraryPakFileMountedCallback: PakFile 'C:/Program Files/Epic Games/UE_4.27/FeaturePacks/TP_VehicleAdvBP.upack' (chunk index -1, root 'root:/') mounted
[2022.05.22-06.10.10:586][  0]LogShaderLibrary: Display: ShaderCodeLibraryPakFileMountedCallback: pending pak file info (ChunkID:-1 Root:root:/ File:C:/Program Files/Epic Games/UE_4.27/FeaturePacks/TP_VehicleAdvBP.upack)
[2022.05.22-06.10.10:586][  0]LogPakFile: OnPakFileMounted2Time == 0.000189
[2022.05.22-06.10.10:589][  0]LogPakFile: PakFile PrimaryIndexSize=185
[2022.05.22-06.10.10:589][  0]LogPakFile: PakFile PathHashIndexSize=101
[2022.05.22-06.10.10:590][  0]LogPakFile: PakFile FullDirectoryIndexSize=144
[2022.05.22-06.10.10:590][  0]LogShaderLibrary: Display: ShaderCodeLibraryPakFileMountedCallback: PakFile 'C:/Program Files/Epic Games/UE_4.27/FeaturePacks/TP_VehicleBP.upack' (chunk index -1, root 'root:/') mounted
[2022.05.22-06.10.10:590][  0]LogShaderLibrary: Display: ShaderCodeLibraryPakFileMountedCallback: pending pak file info (ChunkID:-1 Root:root:/ File:C:/Program Files/Epic Games/UE_4.27/FeaturePacks/TP_VehicleBP.upack)
[2022.05.22-06.10.10:590][  0]LogPakFile: OnPakFileMounted2Time == 0.000142
[2022.05.22-06.10.10:594][  0]LogPakFile: PakFile PrimaryIndexSize=192
[2022.05.22-06.10.10:594][  0]LogPakFile: PakFile PathHashIndexSize=101
[2022.05.22-06.10.10:594][  0]LogPakFile: PakFile FullDirectoryIndexSize=158
[2022.05.22-06.10.10:594][  0]LogShaderLibrary: Display: ShaderCodeLibraryPakFileMountedCallback: PakFile 'C:/Program Files/Epic Games/UE_4.27/FeaturePacks/TP_VirtualRealityBP.upack' (chunk index -1, root 'root:/') mounted
[2022.05.22-06.10.10:594][  0]LogShaderLibrary: Display: ShaderCodeLibraryPakFileMountedCallback: pending pak file info (ChunkID:-1 Root:root:/ File:C:/Program Files/Epic Games/UE_4.27/FeaturePacks/TP_VirtualRealityBP.upack)
[2022.05.22-06.10.10:594][  0]LogPakFile: OnPakFileMounted2Time == 0.000248
[2022.05.22-06.10.10:797][  0]LogNativeClassHierarchy: Verbose: Native class hierarchy updated for 'AddContentDialog' in 0.0006 seconds. Added 0 classes and 0 folders.
[2022.05.22-06.10.10:804][  0]LogNativeClassHierarchy: Verbose: Native class hierarchy updated for 'SceneOutliner' in 0.0006 seconds. Added 2 classes and 0 folders.
[2022.05.22-06.10.10:939][  0]LogSlate: Took 0.000852 seconds to synchronously load lazily loaded font '../../../Engine/Content/Slate/Fonts/Roboto-Regular.ttf' (155K)
[2022.05.22-06.10.10:945][  0]LogSlate: Took 0.004940 seconds to synchronously load lazily loaded font '../../../Engine/Content/Editor/Slate/Fonts/NanumGothic.ttf' (4243K)
[2022.05.22-06.10.10:947][  0]LogSlate: Took 0.000771 seconds to synchronously load lazily loaded font '../../../Engine/Content/Editor/Slate/Fonts/FontAwesome.ttf' (139K)
[2022.05.22-06.10.10:955][  0]LogSlate: Took 0.005563 seconds to synchronously load lazily loaded font '../../../Engine/Content/Editor/Slate/Fonts/NanumGothicBold.ttf' (4188K)
[2022.05.22-06.10.10:955][  0]LogSlate: Took 0.000754 seconds to synchronously load lazily loaded font '../../../Engine/Content/Slate/Fonts/Roboto-Bold.ttf' (160K)
[2022.05.22-06.10.11:183][  0]LogRenderer: Reallocating scene render targets to support 1072x564 Format 10 NumSamples 1 (Frame:1).
[2022.05.22-06.10.11:391][  0]LogNativeClassHierarchy: Verbose: Native class hierarchy updated for 'HierarchicalLODOutliner' in 0.0008 seconds. Added 0 classes and 0 folders.
[2022.05.22-06.10.11:391][  0]LogLoad: (Engine Initialization) Total time: 39.06 seconds
[2022.05.22-06.10.11:391][  0]LogLoad: (Engine Initialization) Total Blueprint compile time: 0.00 seconds
[2022.05.22-06.10.11:486][  0]LogContentStreaming: Texture pool size now 1000 MB
[2022.05.22-06.10.11:513][  1]LogAssetRegistry: Asset discovery search completed in 18.4039 seconds
[2022.05.22-06.10.11:523][  1]LogCollectionManager: Fixed up redirectors for 0 collections in 0.000007 seconds (updated 0 objects)
[2022.05.22-06.10.11:579][  2]LogSlate: Took 0.000626 seconds to synchronously load lazily loaded font '../../../Engine/Content/Slate/Fonts/Roboto-Light.ttf' (167K)
[2022.05.22-06.12.42:813][992]LogUObjectHash: Compacting FUObjectHashTables data took   3.89ms
[2022.05.22-06.12.42:833][992]LogSlate: Took 0.000399 seconds to synchronously load lazily loaded font '../../../Engine/Content/Slate/Fonts/Roboto-Light.ttf' (167K)
[2022.05.22-06.12.44:963][992]LogTexture: Default maximum texture size for cubemaps generated from long-lat sources has been changed from 512 to unlimited. In order to preserve old behaiour for '/Engine/MapTemplates/Sky/SunsetAmbientCubemap.SunsetAmbientCubemap', its maximum texture size has been explicitly set to 512.
[2022.05.22-06.12.46:155][992]LogAssetEditorSubsystem: Opening Asset editor for World /Game/EF_FirstFloor/Maps/FirstFloor.FirstFloor
[2022.05.22-06.12.46:156][992]Cmd: MAP LOAD FILE="../../../../../../Users/SW/Desktop/EscapeRoom/Content/EF_FirstFloor/Maps/FirstFloor.umap" TEMPLATE=0 SHOWPROGRESS=1 FEATURELEVEL=3
[2022.05.22-06.12.46:156][992]LightingResults: New page: 라이팅 빌드
[2022.05.22-06.12.46:159][992]LogNativeClassHierarchy: Verbose: Native class hierarchy updated for 'StatsViewer' in 0.0004 seconds. Added 6 classes and 0 folders.
[2022.05.22-06.12.46:159][992]LoadErrors: New page: 맵 로드 중: FirstFloor.umap
[2022.05.22-06.12.46:161][992]LogWorld: UWorld::CleanupWorld for Untitled, bSessionEnded=true, bCleanupResources=true
[2022.05.22-06.12.46:162][992]LogSlate: InvalidateAllWidgets triggered.  All widgets were invalidated
[2022.05.22-06.12.46:163][992]MapCheck: New page: 맵 체크
[2022.05.22-06.12.46:163][992]LightingResults: New page: 라이팅 빌드
[2022.05.22-06.12.46:180][992]LogAudio: Display: Audio Device unregistered from world 'None'.
[2022.05.22-06.12.46:185][992]LogUObjectHash: Compacting FUObjectHashTables data took   1.49ms
[2022.05.22-06.12.46:185][992]LogAudio: Display: Audio Device (ID: 1) registered with world 'FirstFloor'.
[2022.05.22-06.12.46:234][992]LogEditorServer: Finished looking for orphan Actors (0.000 secs)
[2022.05.22-06.12.46:234][992]LogAIModule: Creating AISystem for world FirstFloor
[2022.05.22-06.12.46:254][992]LogUObjectHash: Compacting FUObjectHashTables data took   0.94ms
[2022.05.22-06.12.46:260][992]Cmd: MAP CHECKDEP NOCLEARLOG
[2022.05.22-06.12.46:261][992]MapCheck: 맵 체크 완료: 오류 0 회, 경고 0 회, 소요 시간 0.301ms.
[2022.05.22-06.12.46:261][992]LogFileHelpers: Loading map 'FirstFloor' took 0.105
[2022.05.22-06.12.46:966][996]LogD3D11RHI: Timed out while waiting for GPU to catch up. (0.5 s) (ErrorCode 00000001) (00000000)
[2022.05.22-06.12.55:956][485]LogUObjectHash: Compacting FUObjectHashTables data took   1.10ms
[2022.05.22-06.12.56:679][485]LogAssetEditorSubsystem: Opening Asset editor for World /Game/FirstPerson/Maps/FirstPersonExampleMap.FirstPersonExampleMap
[2022.05.22-06.12.56:679][485]Cmd: MAP LOAD FILE="../../../../../../Users/SW/Desktop/EscapeRoom/Content/FirstPerson/Maps/FirstPersonExampleMap.umap" TEMPLATE=0 SHOWPROGRESS=1 FEATURELEVEL=3
[2022.05.22-06.12.56:679][485]LightingResults: New page: 라이팅 빌드
[2022.05.22-06.12.56:679][485]LoadErrors: New page: 맵 로드 중: FirstPersonExampleMap.umap
[2022.05.22-06.12.56:687][485]LogWorld: UWorld::CleanupWorld for FirstFloor, bSessionEnded=true, bCleanupResources=true
[2022.05.22-06.12.56:687][485]LogSlate: InvalidateAllWidgets triggered.  All widgets were invalidated
[2022.05.22-06.12.56:688][485]MapCheck: New page: 맵 체크
[2022.05.22-06.12.56:688][485]LightingResults: New page: 라이팅 빌드
[2022.05.22-06.12.56:730][485]LogAudio: Display: Audio Device unregistered from world 'None'.
[2022.05.22-06.12.56:759][485]LogUObjectHash: Compacting FUObjectHashTables data took   2.02ms
[2022.05.22-06.12.56:762][485]LogAudio: Display: Audio Device (ID: 1) registered with world 'FirstPersonExampleMap'.
[2022.05.22-06.12.56:890][485]LogEditorServer: Finished looking for orphan Actors (0.000 secs)
[2022.05.22-06.12.56:890][485]LogAIModule: Creating AISystem for world FirstPersonExampleMap
[2022.05.22-06.12.56:963][485]LogUObjectHash: Compacting FUObjectHashTables data took   1.44ms
[2022.05.22-06.12.56:975][485]Cmd: MAP CHECKDEP NOCLEARLOG
[2022.05.22-06.12.56:976][485]MapCheck: 맵 체크 완료: 오류 0 회, 경고 0 회, 소요 시간 0.484ms.
[2022.05.22-06.12.56:976][485]LogFileHelpers: Loading map 'FirstPersonExampleMap' took 0.297
