Log file open, 06/06/22 21:09:04
LogWindows: Failed to load 'aqProf.dll' (GetLastError=126)
LogWindows: File 'aqProf.dll' does not exist
LogWindows: Failed to load 'VtuneApi.dll' (GetLastError=126)
LogWindows: File 'VtuneApi.dll' does not exist
LogWindows: Failed to load 'VtuneApi32e.dll' (GetLastError=126)
LogWindows: File 'VtuneApi32e.dll' does not exist
LogConsoleResponse: Display: Failed to find resolution value strings in scalability ini. Falling back to default.
LogConsoleResponse: Display: Failed to find resolution value strings in scalability ini. Falling back to default.
LogInit: Display: Running engine for game: HorrorEngine
LogPlatformFile: Not using cached read wrapper
LogTaskGraph: Started task graph with 5 named threads and 23 total threads with 3 sets of task threads.
LogStats: Stats thread started at 1.805584
LogICUInternationalization: ICU TimeZone Detection - Raw Offset: +9:00, Platform Override: ''
LogInit: Display: Loading text-based GConfig....
LogPluginManager: Mounting plugin MeshPainting
LogPluginManager: Mounting plugin XGEController
LogPluginManager: Mounting plugin Paper2D
LogPluginManager: Mounting plugin CameraShakePreviewer
LogPluginManager: Mounting plugin GameplayCameras
LogPluginManager: Mounting plugin LiveLink
LogPluginManager: Mounting plugin LightPropagationVolume
LogPluginManager: Mounting plugin AISupport
LogPluginManager: Mounting plugin EnvironmentQueryEditor
LogPluginManager: Mounting plugin OodleNetwork
LogPluginManager: Mounting plugin OodleData
LogPluginManager: Mounting plugin DatasmithContent
LogPluginManager: Mounting plugin AnimationSharing
LogPluginManager: Mounting plugin VariantManagerContent
LogPluginManager: Mounting plugin CLionSourceCodeAccess
LogPluginManager: Mounting plugin CodeLiteSourceCodeAccess
LogPluginManager: Mounting plugin KDevelopSourceCodeAccess
LogPluginManager: Mounting plugin PerforceSourceControl
LogPluginManager: Mounting plugin NullSourceCodeAccess
LogPluginManager: Mounting plugin GitSourceControl
LogPluginManager: Mounting plugin PixWinPlugin
LogPluginManager: Mounting plugin PluginUtils
LogPluginManager: Mounting plugin PlasticSourceControl
LogPluginManager: Mounting plugin RiderSourceCodeAccess
LogPluginManager: Mounting plugin PropertyAccessNode
LogPluginManager: Mounting plugin SubversionSourceControl
LogPluginManager: Mounting plugin TextureFormatOodle
LogPluginManager: Mounting plugin VisualStudioCodeSourceCodeAccess
LogPluginManager: Mounting plugin VisualStudioSourceCodeAccess
LogPluginManager: Mounting plugin UObjectPlugin
LogPluginManager: Mounting plugin XCodeSourceCodeAccess
LogPluginManager: Mounting plugin AssetManagerEditor
LogPluginManager: Mounting plugin CryptoKeys
LogPluginManager: Mounting plugin DataValidation
LogPluginManager: Mounting plugin GameplayTagsEditor
LogPluginManager: Mounting plugin CurveEditorTools
LogPluginManager: Mounting plugin FacialAnimation
LogPluginManager: Mounting plugin GeometryMode
LogPluginManager: Mounting plugin MacGraphicsSwitching
LogPluginManager: Mounting plugin MaterialAnalyzer
LogPluginManager: Mounting plugin PluginBrowser
LogPluginManager: Mounting plugin SpeedTreeImporter
LogPluginManager: Mounting plugin MobileLauncherProfileWizard
LogPluginManager: Mounting plugin LuminPlatformFeatures
LogPluginManager: Mounting plugin Niagara
LogPluginManager: Mounting plugin MagicLeap
LogPluginManager: Mounting plugin MagicLeapLightEstimation
LogPluginManager: Mounting plugin MagicLeapMedia
LogPluginManager: Mounting plugin MagicLeapPassableWorld
LogPluginManager: Mounting plugin MLSDK
LogPluginManager: Mounting plugin TcpMessaging
LogPluginManager: Mounting plugin UdpMessaging
LogPluginManager: Mounting plugin AndroidMedia
LogPluginManager: Mounting plugin AvfMedia
LogPluginManager: Mounting plugin ImgMedia
LogPluginManager: Mounting plugin MediaCompositing
LogPluginManager: Mounting plugin MediaPlayerEditor
LogPluginManager: Mounting plugin WebMMedia
LogPluginManager: Mounting plugin WmfMedia
LogPluginManager: Mounting plugin ActorSequence
LogPluginManager: Mounting plugin LevelSequenceEditor
LogPluginManager: Mounting plugin MatineeToLevelSequence
LogPluginManager: Mounting plugin TemplateSequence
LogPluginManager: Mounting plugin LauncherChunkInstaller
LogPluginManager: Mounting plugin OnlineSubsystem
LogPluginManager: Mounting plugin OnlineSubsystemNull
LogPluginManager: Mounting plugin OnlineSubsystemUtils
LogPluginManager: Mounting plugin AlembicImporter
LogPluginManager: Mounting plugin AutomationUtils
LogPluginManager: Mounting plugin BackChannel
LogPluginManager: Mounting plugin ChaosClothEditor
LogPluginManager: Mounting plugin ChaosCloth
LogPluginManager: Mounting plugin ChaosEditor
LogPluginManager: Mounting plugin ChaosNiagara
LogPluginManager: Mounting plugin CharacterAI
LogPluginManager: Mounting plugin ChaosSolverPlugin
LogPluginManager: Mounting plugin GeometryCache
LogPluginManager: Mounting plugin GeometryCollectionPlugin
LogPluginManager: Mounting plugin ScreenshotTools
LogPluginManager: Mounting plugin GeometryProcessing
LogPluginManager: Mounting plugin MotoSynth
LogPluginManager: Mounting plugin OpenImageDenoise
LogPluginManager: Mounting plugin PlatformCrypto
LogPluginManager: Mounting plugin PlanarCut
LogPluginManager: Mounting plugin PythonScriptPlugin
LogPluginManager: Mounting plugin ProxyLODPlugin
LogPluginManager: Mounting plugin SkeletalReduction
LogPluginManager: Mounting plugin Takes
LogPluginManager: Mounting plugin ActorLayerUtilities
LogPluginManager: Mounting plugin AndroidPermission
LogPluginManager: Mounting plugin AndroidDeviceProfileSelector
LogPluginManager: Mounting plugin AndroidMoviePlayer
LogPluginManager: Mounting plugin ArchVisCharacter
LogPluginManager: Mounting plugin AppleMoviePlayer
LogPluginManager: Mounting plugin AudioCapture
LogPluginManager: Mounting plugin AppleImageUtils
LogPluginManager: Mounting plugin AssetTags
LogPluginManager: Mounting plugin ChunkDownloader
LogPluginManager: Mounting plugin CustomMeshComponent
LogPluginManager: Mounting plugin AudioSynesthesia
LogPluginManager: Mounting plugin EditableMesh
LogPluginManager: Mounting plugin CableComponent
LogPluginManager: Mounting plugin ExampleDeviceProfileSelector
LogPluginManager: Mounting plugin GoogleCloudMessaging
LogPluginManager: Mounting plugin GooglePAD
LogPluginManager: Mounting plugin IOSDeviceProfileSelector
LogPluginManager: Mounting plugin LinuxDeviceProfileSelector
LogPluginManager: Mounting plugin LocationServicesBPLibrary
LogPluginManager: Mounting plugin MobilePatchingUtils
LogPluginManager: Mounting plugin OpenXREyeTracker
LogPluginManager: Mounting plugin OpenXR
LogPluginManager: Mounting plugin OpenXRHandTracking
LogPluginManager: Mounting plugin PostSplashScreen
LogPluginManager: Mounting plugin PhysXVehicles
LogPluginManager: Mounting plugin ProceduralMeshComponent
LogPluginManager: Mounting plugin RuntimePhysXCooking
LogPluginManager: Mounting plugin SignificanceManager
LogPluginManager: Mounting plugin PropertyAccessEditor
LogPluginManager: Mounting plugin SoundFields
LogPluginManager: Mounting plugin Synthesis
LogPluginManager: Mounting plugin WebMMoviePlayer
LogPluginManager: Mounting plugin WindowsMoviePlayer
LogPluginManager: Mounting plugin ContentBrowserAssetDataSource
LogPluginManager: Mounting plugin ContentBrowserFileDataSource
LogPluginManager: Mounting plugin ContentBrowserClassDataSource
LogPluginManager: Mounting plugin OnlineSubsystemGooglePlay
LogPluginManager: Mounting plugin OnlineSubsystemIOS
LogPluginManager: Mounting plugin OculusVR
LogPluginManager: Mounting plugin SteamVR
PixWinPlugin: PIX capture plugin failed to initialize! Check that the process is launched from PIX.
LogInit: Using libcurl 7.55.1-DEV
LogInit:  - built for x86_64-pc-win32
LogInit:  - supports SSL with OpenSSL/1.1.1
LogInit:  - supports HTTP deflate (compression) using libz 1.2.8
LogInit:  - other features:
LogInit:      CURL_VERSION_SSL
LogInit:      CURL_VERSION_LIBZ
LogInit:      CURL_VERSION_IPV6
LogInit:      CURL_VERSION_ASYNCHDNS
LogInit:      CURL_VERSION_LARGEFILE
LogInit:      CURL_VERSION_IDN
LogInit:  CurlRequestOptions (configurable via config and command line):
LogInit:  - bVerifyPeer = true  - Libcurl will verify peer certificate
LogInit:  - bUseHttpProxy = false  - Libcurl will NOT use HTTP proxy
LogInit:  - bDontReuseConnections = false  - Libcurl will reuse connections
LogInit:  - MaxHostConnections = 16  - Libcurl will limit the number of connections to a host
LogInit:  - LocalHostAddr = Default
LogInit:  - BufferSize = 65536
LogOnline: OSS: Creating online subsystem instance for: NULL
LogInit: WinSock: version 1.1 (2.2), MaxSocks=32767, MaxUdp=65467
LogOnline: OSS: TryLoadSubsystemAndSetDefault: Loaded subsystem for module [NULL]
LogOculusPluginWrapper: OculusPlugin initialized successfully
LogHMD: Failed initializing OVRPlugin 1.59.0
LogInit: Build: ++UE4+Release-4.27-CL-18319896
LogInit: Engine Version: 4.27.2-18319896+++UE4+Release-4.27
LogInit: Compatible Engine Version: 4.27.0-17155196+++UE4+Release-4.27
LogInit: Net CL: 17155196
LogInit: OS: Windows 10 (Release 2009) (), CPU: Intel(R) Core(TM) i7-7700HQ CPU @ 2.80GHz, GPU: Intel(R) HD Graphics 630
LogInit: Compiled (64-bit): Nov 30 2021 07:12:08
LogInit: Compiled with Visual C++: 19.24.28315.00
LogInit: Build Configuration: Development
LogInit: Branch Name: ++UE4+Release-4.27
LogInit: Command Line: 
LogInit: Base Directory: C:/Program Files/Epic Games/UE_4.27/Engine/Binaries/Win64/
LogInit: Allocator: TBB
LogInit: Installed Engine Build: 1
LogDevObjectVersion: Number of dev versions registered: 29
LogDevObjectVersion:   Dev-Blueprints (B0D832E4-1F89-4F0D-ACCF-7EB736FD4AA2): 10
LogDevObjectVersion:   Dev-Build (E1C64328-A22C-4D53-A36C-8E866417BD8C): 0
LogDevObjectVersion:   Dev-Core (375EC13C-06E4-48FB-B500-84F0262A717E): 4
LogDevObjectVersion:   Dev-Editor (E4B068ED-F494-42E9-A231-DA0B2E46BB41): 40
LogDevObjectVersion:   Dev-Framework (CFFC743F-43B0-4480-9391-14DF171D2073): 37
LogDevObjectVersion:   Dev-Mobile (B02B49B5-BB20-44E9-A304-32B752E40360): 3
LogDevObjectVersion:   Dev-Networking (A4E4105C-59A1-49B5-A7C5-40C4547EDFEE): 0
LogDevObjectVersion:   Dev-Online (39C831C9-5AE6-47DC-9A44-9C173E1C8E7C): 0
LogDevObjectVersion:   Dev-Physics (78F01B33-EBEA-4F98-B9B4-84EACCB95AA2): 14
LogDevObjectVersion:   Dev-Platform (6631380F-2D4D-43E0-8009-CF276956A95A): 0
LogDevObjectVersion:   Dev-Rendering (12F88B9F-8875-4AFC-A67C-D90C383ABD29): 45
LogDevObjectVersion:   Dev-Sequencer (7B5AE74C-D270-4C10-A958-57980B212A5A): 13
LogDevObjectVersion:   Dev-VR (D7296918-1DD6-4BDD-9DE2-64A83CC13884): 3
LogDevObjectVersion:   Dev-LoadTimes (C2A15278-BFE7-4AFE-6C17-90FF531DF755): 1
LogDevObjectVersion:   Private-Geometry (6EACA3D4-40EC-4CC1-B786-8BED09428FC5): 3
LogDevObjectVersion:   Dev-AnimPhys (29E575DD-E0A3-4627-9D10-D276232CDCEA): 17
LogDevObjectVersion:   Dev-Anim (AF43A65D-7FD3-4947-9873-3E8ED9C1BB05): 15
LogDevObjectVersion:   Dev-ReflectionCapture (6B266CEC-1EC7-4B8F-A30B-E4D90942FC07): 1
LogDevObjectVersion:   Dev-Automation (0DF73D61-A23F-47EA-B727-89E90C41499A): 1
LogDevObjectVersion:   FortniteMain (601D1886-AC64-4F84-AA16-D3DE0DEAC7D6): 47
LogDevObjectVersion:   FortniteRelease (E7086368-6B23-4C58-8439-1B7016265E91): 1
LogDevObjectVersion:   Dev-Enterprise (9DFFBCD6-494F-0158-E221-12823C92A888): 10
LogDevObjectVersion:   Dev-Niagara (F2AED0AC-9AFE-416F-8664-AA7FFA26D6FC): 1
LogDevObjectVersion:   Dev-Destruction (174F1F0B-B4C6-45A5-B13F-2EE8D0FB917D): 10
LogDevObjectVersion:   Dev-Physics-Ext (35F94A83-E258-406C-A318-09F59610247C): 41
LogDevObjectVersion:   Dev-PhysicsMaterial-Chaos (B68FC16E-8B1B-42E2-B453-215C058844FE): 1
LogDevObjectVersion:   Dev-CineCamera (B2E18506-4273-CFC2-A54E-F4BB758BBA07): 1
LogDevObjectVersion:   Dev-VirtualProduction (64F58936-FD1B-42BA-BA96-7289D5D0FA4E): 1
LogDevObjectVersion:   Dev-MediaFramework (6F0ED827-A609-4895-9C91-998D90180EA4): 2
LogInit: Presizing for max 25165824 objects, including 0 objects not considered by GC, pre-allocating 0 bytes for permanent pool.
LogConfig: Applying CVar settings from Section [/Script/Engine.StreamingSettings] File [C:/Users/samsung/Downloads/EscapeRoom/Saved/Config/Windows/Engine.ini]
LogConfig: Setting CVar [[s.MinBulkDataSizeForAsyncLoading:131072]]
LogConfig: Setting CVar [[s.AsyncLoadingThreadEnabled:0]]
LogConfig: Setting CVar [[s.EventDrivenLoaderEnabled:1]]
LogConfig: Setting CVar [[s.WarnIfTimeLimitExceeded:0]]
LogConfig: Setting CVar [[s.TimeLimitExceededMultiplier:1.5]]
LogConfig: Setting CVar [[s.TimeLimitExceededMinTime:0.005]]
LogConfig: Setting CVar [[s.UseBackgroundLevelStreaming:1]]
LogConfig: Setting CVar [[s.PriorityAsyncLoadingExtraTime:15.0]]
LogConfig: Setting CVar [[s.LevelStreamingActorsUpdateTimeLimit:5.0]]
LogConfig: Setting CVar [[s.PriorityLevelStreamingActorsUpdateExtraTime:5.0]]
LogConfig: Setting CVar [[s.LevelStreamingComponentsRegistrationGranularity:10]]
LogConfig: Setting CVar [[s.UnregisterComponentsTimeLimit:1.0]]
LogConfig: Setting CVar [[s.LevelStreamingComponentsUnregistrationGranularity:5]]
LogConfig: Setting CVar [[s.FlushStreamingOnExit:1]]
LogInit: Object subsystem initialized
LogConfig: Setting CVar [[con.DebugEarlyDefault:1]]
LogConfig: Setting CVar [[r.setres:1280x720]]
[2022.06.06-12.09.06:794][  0]LogConfig: Setting CVar [[r.VSync:0]]
[2022.06.06-12.09.06:795][  0]LogConfig: Setting CVar [[r.RHICmdBypass:0]]
[2022.06.06-12.09.06:795][  0]LogConfig: Applying CVar settings from Section [/Script/Engine.RendererSettings] File [C:/Users/samsung/Downloads/EscapeRoom/Saved/Config/Windows/Engine.ini]
[2022.06.06-12.09.06:795][  0]LogConfig: Setting CVar [[r.GPUCrashDebugging:0]]
[2022.06.06-12.09.06:795][  0]LogConfig: Setting CVar [[r.ReflectionCaptureResolution:128]]
[2022.06.06-12.09.06:795][  0]LogConfig: Setting CVar [[r.ReflectionEnvironmentLightmapMixBasedOnRoughness:1]]
[2022.06.06-12.09.06:795][  0]LogConfig: Setting CVar [[r.AllowOcclusionQueries:1]]
[2022.06.06-12.09.06:795][  0]LogConfig: Setting CVar [[r.TextureStreaming:1]]
[2022.06.06-12.09.06:795][  0]LogConfig: Applying CVar settings from Section [/Script/Engine.RendererOverrideSettings] File [C:/Users/samsung/Downloads/EscapeRoom/Saved/Config/Windows/Engine.ini]
[2022.06.06-12.09.06:795][  0]LogConfig: Applying CVar settings from Section [/Script/Engine.StreamingSettings] File [C:/Users/samsung/Downloads/EscapeRoom/Saved/Config/Windows/Engine.ini]
[2022.06.06-12.09.06:795][  0]LogConfig: Setting CVar [[s.MinBulkDataSizeForAsyncLoading:131072]]
[2022.06.06-12.09.06:795][  0]LogConfig: Setting CVar [[s.AsyncLoadingThreadEnabled:0]]
[2022.06.06-12.09.06:795][  0]LogConfig: Setting CVar [[s.EventDrivenLoaderEnabled:1]]
[2022.06.06-12.09.06:795][  0]LogConfig: Setting CVar [[s.WarnIfTimeLimitExceeded:0]]
[2022.06.06-12.09.06:795][  0]LogConfig: Setting CVar [[s.TimeLimitExceededMultiplier:1.5]]
[2022.06.06-12.09.06:795][  0]LogConfig: Setting CVar [[s.TimeLimitExceededMinTime:0.005]]
[2022.06.06-12.09.06:795][  0]LogConfig: Setting CVar [[s.UseBackgroundLevelStreaming:1]]
[2022.06.06-12.09.06:795][  0]LogConfig: Setting CVar [[s.PriorityAsyncLoadingExtraTime:15.0]]
[2022.06.06-12.09.06:795][  0]LogConfig: Setting CVar [[s.LevelStreamingActorsUpdateTimeLimit:5.0]]
[2022.06.06-12.09.06:795][  0]LogConfig: Setting CVar [[s.PriorityLevelStreamingActorsUpdateExtraTime:5.0]]
[2022.06.06-12.09.06:795][  0]LogConfig: Setting CVar [[s.LevelStreamingComponentsRegistrationGranularity:10]]
[2022.06.06-12.09.06:795][  0]LogConfig: Setting CVar [[s.UnregisterComponentsTimeLimit:1.0]]
[2022.06.06-12.09.06:795][  0]LogConfig: Setting CVar [[s.LevelStreamingComponentsUnregistrationGranularity:5]]
[2022.06.06-12.09.06:795][  0]LogConfig: Setting CVar [[s.FlushStreamingOnExit:1]]
[2022.06.06-12.09.06:795][  0]LogConfig: Applying CVar settings from Section [/Script/Engine.GarbageCollectionSettings] File [C:/Users/samsung/Downloads/EscapeRoom/Saved/Config/Windows/Engine.ini]
[2022.06.06-12.09.06:795][  0]LogConfig: Setting CVar [[gc.MaxObjectsNotConsideredByGC:1]]
[2022.06.06-12.09.06:795][  0]LogConfig: Setting CVar [[gc.SizeOfPermanentObjectPool:0]]
[2022.06.06-12.09.06:795][  0]LogConfig: Setting CVar [[gc.FlushStreamingOnGC:0]]
[2022.06.06-12.09.06:795][  0]LogConfig: Setting CVar [[gc.NumRetriesBeforeForcingGC:10]]
[2022.06.06-12.09.06:795][  0]LogConfig: Setting CVar [[gc.AllowParallelGC:1]]
[2022.06.06-12.09.06:795][  0]LogConfig: Setting CVar [[gc.TimeBetweenPurgingPendingKillObjects:61.1]]
[2022.06.06-12.09.06:795][  0]LogConfig: Setting CVar [[gc.MaxObjectsInEditor:25165824]]
[2022.06.06-12.09.06:795][  0]LogConfig: Setting CVar [[gc.IncrementalBeginDestroyEnabled:1]]
[2022.06.06-12.09.06:795][  0]LogConfig: Setting CVar [[gc.CreateGCClusters:1]]
[2022.06.06-12.09.06:795][  0]LogConfig: Setting CVar [[gc.MinGCClusterSize:5]]
[2022.06.06-12.09.06:795][  0]LogConfig: Setting CVar [[gc.ActorClusteringEnabled:0]]
[2022.06.06-12.09.06:795][  0]LogConfig: Setting CVar [[gc.BlueprintClusteringEnabled:0]]
[2022.06.06-12.09.06:795][  0]LogConfig: Setting CVar [[gc.UseDisregardForGCOnDedicatedServers:0]]
[2022.06.06-12.09.06:796][  0]LogConfig: Setting CVar [[gc.MultithreadedDestructionEnabled:1]]
[2022.06.06-12.09.06:796][  0]LogConfig: Applying CVar settings from Section [/Script/Engine.NetworkSettings] File [C:/Users/samsung/Downloads/EscapeRoom/Saved/Config/Windows/Engine.ini]
[2022.06.06-12.09.06:796][  0]LogConfig: Applying CVar settings from Section [/Script/UnrealEd.CookerSettings] File [C:/Users/samsung/Downloads/EscapeRoom/Saved/Config/Windows/Engine.ini]
[2022.06.06-12.09.06:839][  0]LogConfig: Applying CVar settings from Section [ViewDistanceQuality@3] File [C:/Users/samsung/Downloads/EscapeRoom/Saved/Config/Windows/Scalability.ini]
[2022.06.06-12.09.06:840][  0]LogConfig: Setting CVar [[r.SkeletalMeshLODBias:0]]
[2022.06.06-12.09.06:840][  0]LogConfig: Setting CVar [[r.ViewDistanceScale:1.0]]
[2022.06.06-12.09.06:840][  0]LogConfig: Applying CVar settings from Section [AntiAliasingQuality@3] File [C:/Users/samsung/Downloads/EscapeRoom/Saved/Config/Windows/Scalability.ini]
[2022.06.06-12.09.06:840][  0]LogConfig: Setting CVar [[r.PostProcessAAQuality:4]]
[2022.06.06-12.09.06:840][  0]LogConfig: Applying CVar settings from Section [ShadowQuality@3] File [C:/Users/samsung/Downloads/EscapeRoom/Saved/Config/Windows/Scalability.ini]
[2022.06.06-12.09.06:840][  0]LogConfig: Setting CVar [[r.LightFunctionQuality:1]]
[2022.06.06-12.09.06:840][  0]LogConfig: Setting CVar [[r.ShadowQuality:5]]
[2022.06.06-12.09.06:840][  0]LogConfig: Setting CVar [[r.Shadow.CSM.MaxCascades:10]]
[2022.06.06-12.09.06:840][  0]LogConfig: Setting CVar [[r.Shadow.MaxResolution:2048]]
[2022.06.06-12.09.06:840][  0]LogConfig: Setting CVar [[r.Shadow.MaxCSMResolution:2048]]
[2022.06.06-12.09.06:840][  0]LogConfig: Setting CVar [[r.Shadow.RadiusThreshold:0.01]]
[2022.06.06-12.09.06:840][  0]LogConfig: Setting CVar [[r.Shadow.DistanceScale:1.0]]
[2022.06.06-12.09.06:840][  0]LogConfig: Setting CVar [[r.Shadow.CSM.TransitionScale:1.0]]
[2022.06.06-12.09.06:840][  0]LogConfig: Setting CVar [[r.Shadow.PreShadowResolutionFactor:1.0]]
[2022.06.06-12.09.06:840][  0]LogConfig: Setting CVar [[r.DistanceFieldShadowing:1]]
[2022.06.06-12.09.06:840][  0]LogConfig: Setting CVar [[r.DistanceFieldAO:1]]
[2022.06.06-12.09.06:840][  0]LogConfig: Setting CVar [[r.AOQuality:2]]
[2022.06.06-12.09.06:840][  0]LogConfig: Setting CVar [[r.VolumetricFog:1]]
[2022.06.06-12.09.06:840][  0]LogConfig: Setting CVar [[r.VolumetricFog.GridPixelSize:8]]
[2022.06.06-12.09.06:840][  0]LogConfig: Setting CVar [[r.VolumetricFog.GridSizeZ:128]]
[2022.06.06-12.09.06:840][  0]LogConfig: Setting CVar [[r.VolumetricFog.HistoryMissSupersampleCount:4]]
[2022.06.06-12.09.06:840][  0]LogConfig: Setting CVar [[r.LightMaxDrawDistanceScale:1]]
[2022.06.06-12.09.06:840][  0]LogConfig: Setting CVar [[r.CapsuleShadows:1]]
[2022.06.06-12.09.06:840][  0]LogConfig: Applying CVar settings from Section [PostProcessQuality@3] File [C:/Users/samsung/Downloads/EscapeRoom/Saved/Config/Windows/Scalability.ini]
[2022.06.06-12.09.06:840][  0]LogConfig: Setting CVar [[r.MotionBlurQuality:4]]
[2022.06.06-12.09.06:840][  0]LogConfig: Setting CVar [[r.AmbientOcclusionMipLevelFactor:0.4]]
[2022.06.06-12.09.06:840][  0]LogConfig: Setting CVar [[r.AmbientOcclusionMaxQuality:100]]
[2022.06.06-12.09.06:840][  0]LogConfig: Setting CVar [[r.AmbientOcclusionLevels:-1]]
[2022.06.06-12.09.06:840][  0]LogConfig: Setting CVar [[r.AmbientOcclusionRadiusScale:1.0]]
[2022.06.06-12.09.06:840][  0]LogConfig: Setting CVar [[r.DepthOfFieldQuality:2]]
[2022.06.06-12.09.06:840][  0]LogConfig: Setting CVar [[r.RenderTargetPoolMin:400]]
[2022.06.06-12.09.06:840][  0]LogConfig: Setting CVar [[r.LensFlareQuality:2]]
[2022.06.06-12.09.06:840][  0]LogConfig: Setting CVar [[r.SceneColorFringeQuality:1]]
[2022.06.06-12.09.06:840][  0]LogConfig: Setting CVar [[r.EyeAdaptationQuality:2]]
[2022.06.06-12.09.06:840][  0]LogConfig: Setting CVar [[r.BloomQuality:5]]
[2022.06.06-12.09.06:840][  0]LogConfig: Setting CVar [[r.FastBlurThreshold:100]]
[2022.06.06-12.09.06:840][  0]LogConfig: Setting CVar [[r.Upscale.Quality:3]]
[2022.06.06-12.09.06:840][  0]LogConfig: Setting CVar [[r.Tonemapper.GrainQuantization:1]]
[2022.06.06-12.09.06:840][  0]LogConfig: Setting CVar [[r.LightShaftQuality:1]]
[2022.06.06-12.09.06:840][  0]LogConfig: Setting CVar [[r.Filter.SizeScale:1]]
[2022.06.06-12.09.06:840][  0]LogConfig: Setting CVar [[r.Tonemapper.Quality:5]]
[2022.06.06-12.09.06:840][  0]LogConfig: Setting CVar [[r.DOF.Gather.AccumulatorQuality:1        ; higher gathering accumulator quality]]
[2022.06.06-12.09.06:840][  0]LogConfig: Setting CVar [[r.DOF.Gather.PostfilterMethod:1          ; Median3x3 postfilering method]]
[2022.06.06-12.09.06:840][  0]LogConfig: Setting CVar [[r.DOF.Gather.EnableBokehSettings:0       ; no bokeh simulation when gathering]]
[2022.06.06-12.09.06:840][  0]LogConfig: Setting CVar [[r.DOF.Gather.RingCount:4                 ; medium number of samples when gathering]]
[2022.06.06-12.09.06:841][  0]LogConfig: Setting CVar [[r.DOF.Scatter.ForegroundCompositing:1    ; additive foreground scattering]]
[2022.06.06-12.09.06:841][  0]LogConfig: Setting CVar [[r.DOF.Scatter.BackgroundCompositing:2    ; additive background scattering]]
[2022.06.06-12.09.06:841][  0]LogConfig: Setting CVar [[r.DOF.Scatter.EnableBokehSettings:1      ; bokeh simulation when scattering]]
[2022.06.06-12.09.06:841][  0]LogConfig: Setting CVar [[r.DOF.Scatter.MaxSpriteRatio:0.1         ; only a maximum of 10% of scattered bokeh]]
[2022.06.06-12.09.06:841][  0]LogConfig: Setting CVar [[r.DOF.Recombine.Quality:1                ; cheap slight out of focus]]
[2022.06.06-12.09.06:841][  0]LogConfig: Setting CVar [[r.DOF.Recombine.EnableBokehSettings:0    ; no bokeh simulation on slight out of focus]]
[2022.06.06-12.09.06:841][  0]LogConfig: Setting CVar [[r.DOF.TemporalAAQuality:1                ; more stable temporal accumulation]]
[2022.06.06-12.09.06:841][  0]LogConfig: Setting CVar [[r.DOF.Kernel.MaxForegroundRadius:0.025]]
[2022.06.06-12.09.06:841][  0]LogConfig: Setting CVar [[r.DOF.Kernel.MaxBackgroundRadius:0.025]]
[2022.06.06-12.09.06:841][  0]LogConfig: Applying CVar settings from Section [TextureQuality@3] File [C:/Users/samsung/Downloads/EscapeRoom/Saved/Config/Windows/Scalability.ini]
[2022.06.06-12.09.06:841][  0]LogConfig: Setting CVar [[r.Streaming.MipBias:0]]
[2022.06.06-12.09.06:841][  0]LogConfig: Setting CVar [[r.Streaming.AmortizeCPUToGPUCopy:0]]
[2022.06.06-12.09.06:841][  0]LogConfig: Setting CVar [[r.Streaming.MaxNumTexturesToStreamPerFrame:0]]
[2022.06.06-12.09.06:841][  0]LogConfig: Setting CVar [[r.Streaming.Boost:1]]
[2022.06.06-12.09.06:841][  0]LogConfig: Setting CVar [[r.MaxAnisotropy:8]]
[2022.06.06-12.09.06:841][  0]LogConfig: Setting CVar [[r.VT.MaxAnisotropy:8]]
[2022.06.06-12.09.06:841][  0]LogConfig: Setting CVar [[r.Streaming.LimitPoolSizeToVRAM:0]]
[2022.06.06-12.09.06:841][  0]LogConfig: Setting CVar [[r.Streaming.PoolSize:1000]]
[2022.06.06-12.09.06:841][  0]LogConfig: Setting CVar [[r.Streaming.MaxEffectiveScreenSize:0]]
[2022.06.06-12.09.06:841][  0]LogConfig: Applying CVar settings from Section [EffectsQuality@3] File [C:/Users/samsung/Downloads/EscapeRoom/Saved/Config/Windows/Scalability.ini]
[2022.06.06-12.09.06:841][  0]LogConfig: Setting CVar [[r.TranslucencyLightingVolumeDim:64]]
[2022.06.06-12.09.06:841][  0]LogConfig: Setting CVar [[r.RefractionQuality:2]]
[2022.06.06-12.09.06:841][  0]LogConfig: Setting CVar [[r.SSR.Quality:3]]
[2022.06.06-12.09.06:842][  0]LogConfig: Setting CVar [[r.SSR.HalfResSceneColor:0]]
[2022.06.06-12.09.06:842][  0]LogConfig: Setting CVar [[r.SceneColorFormat:4]]
[2022.06.06-12.09.06:842][  0]LogConfig: Setting CVar [[r.DetailMode:2]]
[2022.06.06-12.09.06:842][  0]LogConfig: Setting CVar [[r.TranslucencyVolumeBlur:1]]
[2022.06.06-12.09.06:842][  0]LogConfig: Setting CVar [[r.MaterialQualityLevel:1 ; High quality]]
[2022.06.06-12.09.06:842][  0]LogConfig: Setting CVar [[r.AnisotropicMaterials:1]]
[2022.06.06-12.09.06:842][  0]LogConfig: Setting CVar [[r.SSS.Scale:1]]
[2022.06.06-12.09.06:842][  0]LogConfig: Setting CVar [[r.SSS.SampleSet:2]]
[2022.06.06-12.09.06:842][  0]LogConfig: Setting CVar [[r.SSS.Quality:1]]
[2022.06.06-12.09.06:842][  0]LogConfig: Setting CVar [[r.SSS.HalfRes:0]]
[2022.06.06-12.09.06:842][  0]LogConfig: Setting CVar [[r.SSGI.Quality:3]]
[2022.06.06-12.09.06:842][  0]LogConfig: Setting CVar [[r.EmitterSpawnRateScale:1.0]]
[2022.06.06-12.09.06:842][  0]LogConfig: Setting CVar [[r.ParticleLightQuality:2]]
[2022.06.06-12.09.06:842][  0]LogConfig: Setting CVar [[r.SkyAtmosphere.AerialPerspectiveLUT.FastApplyOnOpaque:1 ; Always have FastSkyLUT 1 in this case to avoid wrong sky]]
[2022.06.06-12.09.06:842][  0]LogConfig: Setting CVar [[r.SkyAtmosphere.AerialPerspectiveLUT.SampleCountMaxPerSlice:4]]
[2022.06.06-12.09.06:842][  0]LogConfig: Setting CVar [[r.SkyAtmosphere.AerialPerspectiveLUT.DepthResolution:16.0]]
[2022.06.06-12.09.06:842][  0]LogConfig: Setting CVar [[r.SkyAtmosphere.FastSkyLUT:1]]
[2022.06.06-12.09.06:842][  0]LogConfig: Setting CVar [[r.SkyAtmosphere.FastSkyLUT.SampleCountMin:4.0]]
[2022.06.06-12.09.06:842][  0]LogConfig: Setting CVar [[r.SkyAtmosphere.FastSkyLUT.SampleCountMax:128.0]]
[2022.06.06-12.09.06:842][  0]LogConfig: Setting CVar [[r.SkyAtmosphere.SampleCountMin:4.0]]
[2022.06.06-12.09.06:842][  0]LogConfig: Setting CVar [[r.SkyAtmosphere.SampleCountMax:128.0]]
[2022.06.06-12.09.06:842][  0]LogConfig: Setting CVar [[r.SkyAtmosphere.TransmittanceLUT.UseSmallFormat:0]]
[2022.06.06-12.09.06:842][  0]LogConfig: Setting CVar [[r.SkyAtmosphere.TransmittanceLUT.SampleCount:10.0]]
[2022.06.06-12.09.06:843][  0]LogConfig: Setting CVar [[r.SkyAtmosphere.MultiScatteringLUT.SampleCount:15.0]]
[2022.06.06-12.09.06:843][  0]LogConfig: Setting CVar [[r.SkyLight.RealTimeReflectionCapture:1]]
[2022.06.06-12.09.06:843][  0]LogConfig: Applying CVar settings from Section [FoliageQuality@3] File [C:/Users/samsung/Downloads/EscapeRoom/Saved/Config/Windows/Scalability.ini]
[2022.06.06-12.09.06:843][  0]LogConfig: Setting CVar [[foliage.DensityScale:1.0]]
[2022.06.06-12.09.06:843][  0]LogConfig: Setting CVar [[grass.DensityScale:1.0]]
[2022.06.06-12.09.06:843][  0]LogConfig: Applying CVar settings from Section [ShadingQuality@3] File [C:/Users/samsung/Downloads/EscapeRoom/Saved/Config/Windows/Scalability.ini]
[2022.06.06-12.09.06:843][  0]LogConfig: Setting CVar [[r.HairStrands.SkyLighting.IntegrationType:2]]
[2022.06.06-12.09.06:843][  0]LogConfig: Setting CVar [[r.HairStrands.SkyAO.SampleCount:4]]
[2022.06.06-12.09.06:843][  0]LogConfig: Setting CVar [[r.HairStrands.Visibility.MSAA.SamplePerPixel:4]]
[2022.06.06-12.09.06:844][  0]LogInit: Selected Device Profile: [Windows]
[2022.06.06-12.09.06:844][  0]LogInit: Applying CVar settings loaded from the selected device profile: [Windows]
[2022.06.06-12.09.06:845][  0]LogHAL: Display: Platform has ~ 16 GB [17090203648 / 17179869184 / 16], which maps to Larger [LargestMinGB=32, LargerMinGB=12, DefaultMinGB=8, SmallerMinGB=6, SmallestMinGB=0)
[2022.06.06-12.09.06:845][  0]LogInit: Going up to parent DeviceProfile []
[2022.06.06-12.09.06:845][  0]LogConfig: Applying CVar settings from Section [ViewDistanceQuality@3] File [C:/Users/samsung/Downloads/EscapeRoom/Saved/Config/Windows/Scalability.ini]
[2022.06.06-12.09.06:845][  0]LogConfig: Setting CVar [[r.SkeletalMeshLODBias:0]]
[2022.06.06-12.09.06:845][  0]LogConfig: Setting CVar [[r.ViewDistanceScale:1.0]]
[2022.06.06-12.09.06:845][  0]LogConfig: Applying CVar settings from Section [AntiAliasingQuality@3] File [C:/Users/samsung/Downloads/EscapeRoom/Saved/Config/Windows/Scalability.ini]
[2022.06.06-12.09.06:845][  0]LogConfig: Setting CVar [[r.PostProcessAAQuality:4]]
[2022.06.06-12.09.06:845][  0]LogConfig: Applying CVar settings from Section [ShadowQuality@3] File [C:/Users/samsung/Downloads/EscapeRoom/Saved/Config/Windows/Scalability.ini]
[2022.06.06-12.09.06:845][  0]LogConfig: Setting CVar [[r.LightFunctionQuality:1]]
[2022.06.06-12.09.06:845][  0]LogConfig: Setting CVar [[r.ShadowQuality:5]]
[2022.06.06-12.09.06:845][  0]LogConfig: Setting CVar [[r.Shadow.CSM.MaxCascades:10]]
[2022.06.06-12.09.06:845][  0]LogConfig: Setting CVar [[r.Shadow.MaxResolution:2048]]
[2022.06.06-12.09.06:845][  0]LogConfig: Setting CVar [[r.Shadow.MaxCSMResolution:2048]]
[2022.06.06-12.09.06:845][  0]LogConfig: Setting CVar [[r.Shadow.RadiusThreshold:0.01]]
[2022.06.06-12.09.06:845][  0]LogConfig: Setting CVar [[r.Shadow.DistanceScale:1.0]]
[2022.06.06-12.09.06:845][  0]LogConfig: Setting CVar [[r.Shadow.CSM.TransitionScale:1.0]]
[2022.06.06-12.09.06:845][  0]LogConfig: Setting CVar [[r.Shadow.PreShadowResolutionFactor:1.0]]
[2022.06.06-12.09.06:845][  0]LogConfig: Setting CVar [[r.DistanceFieldShadowing:1]]
[2022.06.06-12.09.06:845][  0]LogConfig: Setting CVar [[r.DistanceFieldAO:1]]
[2022.06.06-12.09.06:845][  0]LogConfig: Setting CVar [[r.AOQuality:2]]
[2022.06.06-12.09.06:845][  0]LogConfig: Setting CVar [[r.VolumetricFog:1]]
[2022.06.06-12.09.06:845][  0]LogConfig: Setting CVar [[r.VolumetricFog.GridPixelSize:8]]
[2022.06.06-12.09.06:845][  0]LogConfig: Setting CVar [[r.VolumetricFog.GridSizeZ:128]]
[2022.06.06-12.09.06:845][  0]LogConfig: Setting CVar [[r.VolumetricFog.HistoryMissSupersampleCount:4]]
[2022.06.06-12.09.06:845][  0]LogConfig: Setting CVar [[r.LightMaxDrawDistanceScale:1]]
[2022.06.06-12.09.06:845][  0]LogConfig: Setting CVar [[r.CapsuleShadows:1]]
[2022.06.06-12.09.06:845][  0]LogConfig: Applying CVar settings from Section [PostProcessQuality@3] File [C:/Users/samsung/Downloads/EscapeRoom/Saved/Config/Windows/Scalability.ini]
[2022.06.06-12.09.06:845][  0]LogConfig: Setting CVar [[r.MotionBlurQuality:4]]
[2022.06.06-12.09.06:845][  0]LogConfig: Setting CVar [[r.AmbientOcclusionMipLevelFactor:0.4]]
[2022.06.06-12.09.06:845][  0]LogConfig: Setting CVar [[r.AmbientOcclusionMaxQuality:100]]
[2022.06.06-12.09.06:845][  0]LogConfig: Setting CVar [[r.AmbientOcclusionLevels:-1]]
[2022.06.06-12.09.06:846][  0]LogConfig: Setting CVar [[r.AmbientOcclusionRadiusScale:1.0]]
[2022.06.06-12.09.06:846][  0]LogConfig: Setting CVar [[r.DepthOfFieldQuality:2]]
[2022.06.06-12.09.06:846][  0]LogConfig: Setting CVar [[r.RenderTargetPoolMin:400]]
[2022.06.06-12.09.06:846][  0]LogConfig: Setting CVar [[r.LensFlareQuality:2]]
[2022.06.06-12.09.06:846][  0]LogConfig: Setting CVar [[r.SceneColorFringeQuality:1]]
[2022.06.06-12.09.06:846][  0]LogConfig: Setting CVar [[r.EyeAdaptationQuality:2]]
[2022.06.06-12.09.06:846][  0]LogConfig: Setting CVar [[r.BloomQuality:5]]
[2022.06.06-12.09.06:846][  0]LogConfig: Setting CVar [[r.FastBlurThreshold:100]]
[2022.06.06-12.09.06:846][  0]LogConfig: Setting CVar [[r.Upscale.Quality:3]]
[2022.06.06-12.09.06:846][  0]LogConfig: Setting CVar [[r.Tonemapper.GrainQuantization:1]]
[2022.06.06-12.09.06:846][  0]LogConfig: Setting CVar [[r.LightShaftQuality:1]]
[2022.06.06-12.09.06:846][  0]LogConfig: Setting CVar [[r.Filter.SizeScale:1]]
[2022.06.06-12.09.06:846][  0]LogConfig: Setting CVar [[r.Tonemapper.Quality:5]]
[2022.06.06-12.09.06:846][  0]LogConfig: Setting CVar [[r.DOF.Gather.AccumulatorQuality:1        ; higher gathering accumulator quality]]
[2022.06.06-12.09.06:846][  0]LogConfig: Setting CVar [[r.DOF.Gather.PostfilterMethod:1          ; Median3x3 postfilering method]]
[2022.06.06-12.09.06:846][  0]LogConfig: Setting CVar [[r.DOF.Gather.EnableBokehSettings:0       ; no bokeh simulation when gathering]]
[2022.06.06-12.09.06:846][  0]LogConfig: Setting CVar [[r.DOF.Gather.RingCount:4                 ; medium number of samples when gathering]]
[2022.06.06-12.09.06:846][  0]LogConfig: Setting CVar [[r.DOF.Scatter.ForegroundCompositing:1    ; additive foreground scattering]]
[2022.06.06-12.09.06:846][  0]LogConfig: Setting CVar [[r.DOF.Scatter.BackgroundCompositing:2    ; additive background scattering]]
[2022.06.06-12.09.06:846][  0]LogConfig: Setting CVar [[r.DOF.Scatter.EnableBokehSettings:1      ; bokeh simulation when scattering]]
[2022.06.06-12.09.06:846][  0]LogConfig: Setting CVar [[r.DOF.Scatter.MaxSpriteRatio:0.1         ; only a maximum of 10% of scattered bokeh]]
[2022.06.06-12.09.06:846][  0]LogConfig: Setting CVar [[r.DOF.Recombine.Quality:1                ; cheap slight out of focus]]
[2022.06.06-12.09.06:846][  0]LogConfig: Setting CVar [[r.DOF.Recombine.EnableBokehSettings:0    ; no bokeh simulation on slight out of focus]]
[2022.06.06-12.09.06:846][  0]LogConfig: Setting CVar [[r.DOF.TemporalAAQuality:1                ; more stable temporal accumulation]]
[2022.06.06-12.09.06:846][  0]LogConfig: Setting CVar [[r.DOF.Kernel.MaxForegroundRadius:0.025]]
[2022.06.06-12.09.06:846][  0]LogConfig: Setting CVar [[r.DOF.Kernel.MaxBackgroundRadius:0.025]]
[2022.06.06-12.09.06:846][  0]LogConfig: Applying CVar settings from Section [TextureQuality@3] File [C:/Users/samsung/Downloads/EscapeRoom/Saved/Config/Windows/Scalability.ini]
[2022.06.06-12.09.06:846][  0]LogConfig: Setting CVar [[r.Streaming.MipBias:0]]
[2022.06.06-12.09.06:846][  0]LogConfig: Setting CVar [[r.Streaming.AmortizeCPUToGPUCopy:0]]
[2022.06.06-12.09.06:846][  0]LogConfig: Setting CVar [[r.Streaming.MaxNumTexturesToStreamPerFrame:0]]
[2022.06.06-12.09.06:846][  0]LogConfig: Setting CVar [[r.Streaming.Boost:1]]
[2022.06.06-12.09.06:846][  0]LogConfig: Setting CVar [[r.MaxAnisotropy:8]]
[2022.06.06-12.09.06:846][  0]LogConfig: Setting CVar [[r.VT.MaxAnisotropy:8]]
[2022.06.06-12.09.06:846][  0]LogConfig: Setting CVar [[r.Streaming.LimitPoolSizeToVRAM:0]]
[2022.06.06-12.09.06:846][  0]LogConfig: Setting CVar [[r.Streaming.PoolSize:1000]]
[2022.06.06-12.09.06:846][  0]LogConfig: Setting CVar [[r.Streaming.MaxEffectiveScreenSize:0]]
[2022.06.06-12.09.06:846][  0]LogConfig: Applying CVar settings from Section [EffectsQuality@3] File [C:/Users/samsung/Downloads/EscapeRoom/Saved/Config/Windows/Scalability.ini]
[2022.06.06-12.09.06:846][  0]LogConfig: Setting CVar [[r.TranslucencyLightingVolumeDim:64]]
[2022.06.06-12.09.06:846][  0]LogConfig: Setting CVar [[r.RefractionQuality:2]]
[2022.06.06-12.09.06:846][  0]LogConfig: Setting CVar [[r.SSR.Quality:3]]
[2022.06.06-12.09.06:846][  0]LogConfig: Setting CVar [[r.SSR.HalfResSceneColor:0]]
[2022.06.06-12.09.06:846][  0]LogConfig: Setting CVar [[r.SceneColorFormat:4]]
[2022.06.06-12.09.06:846][  0]LogConfig: Setting CVar [[r.DetailMode:2]]
[2022.06.06-12.09.06:846][  0]LogConfig: Setting CVar [[r.TranslucencyVolumeBlur:1]]
[2022.06.06-12.09.06:846][  0]LogConfig: Setting CVar [[r.MaterialQualityLevel:1 ; High quality]]
[2022.06.06-12.09.06:846][  0]LogConfig: Setting CVar [[r.AnisotropicMaterials:1]]
[2022.06.06-12.09.06:846][  0]LogConfig: Setting CVar [[r.SSS.Scale:1]]
[2022.06.06-12.09.06:846][  0]LogConfig: Setting CVar [[r.SSS.SampleSet:2]]
[2022.06.06-12.09.06:846][  0]LogConfig: Setting CVar [[r.SSS.Quality:1]]
[2022.06.06-12.09.06:846][  0]LogConfig: Setting CVar [[r.SSS.HalfRes:0]]
[2022.06.06-12.09.06:846][  0]LogConfig: Setting CVar [[r.SSGI.Quality:3]]
[2022.06.06-12.09.06:846][  0]LogConfig: Setting CVar [[r.EmitterSpawnRateScale:1.0]]
[2022.06.06-12.09.06:846][  0]LogConfig: Setting CVar [[r.ParticleLightQuality:2]]
[2022.06.06-12.09.06:846][  0]LogConfig: Setting CVar [[r.SkyAtmosphere.AerialPerspectiveLUT.FastApplyOnOpaque:1 ; Always have FastSkyLUT 1 in this case to avoid wrong sky]]
[2022.06.06-12.09.06:846][  0]LogConfig: Setting CVar [[r.SkyAtmosphere.AerialPerspectiveLUT.SampleCountMaxPerSlice:4]]
[2022.06.06-12.09.06:846][  0]LogConfig: Setting CVar [[r.SkyAtmosphere.AerialPerspectiveLUT.DepthResolution:16.0]]
[2022.06.06-12.09.06:846][  0]LogConfig: Setting CVar [[r.SkyAtmosphere.FastSkyLUT:1]]
[2022.06.06-12.09.06:846][  0]LogConfig: Setting CVar [[r.SkyAtmosphere.FastSkyLUT.SampleCountMin:4.0]]
[2022.06.06-12.09.06:846][  0]LogConfig: Setting CVar [[r.SkyAtmosphere.FastSkyLUT.SampleCountMax:128.0]]
[2022.06.06-12.09.06:847][  0]LogConfig: Setting CVar [[r.SkyAtmosphere.SampleCountMin:4.0]]
[2022.06.06-12.09.06:847][  0]LogConfig: Setting CVar [[r.SkyAtmosphere.SampleCountMax:128.0]]
[2022.06.06-12.09.06:847][  0]LogConfig: Setting CVar [[r.SkyAtmosphere.TransmittanceLUT.UseSmallFormat:0]]
[2022.06.06-12.09.06:847][  0]LogConfig: Setting CVar [[r.SkyAtmosphere.TransmittanceLUT.SampleCount:10.0]]
[2022.06.06-12.09.06:847][  0]LogConfig: Setting CVar [[r.SkyAtmosphere.MultiScatteringLUT.SampleCount:15.0]]
[2022.06.06-12.09.06:847][  0]LogConfig: Setting CVar [[r.SkyLight.RealTimeReflectionCapture:1]]
[2022.06.06-12.09.06:847][  0]LogConfig: Applying CVar settings from Section [FoliageQuality@3] File [C:/Users/samsung/Downloads/EscapeRoom/Saved/Config/Windows/Scalability.ini]
[2022.06.06-12.09.06:847][  0]LogConfig: Setting CVar [[foliage.DensityScale:1.0]]
[2022.06.06-12.09.06:847][  0]LogConfig: Setting CVar [[grass.DensityScale:1.0]]
[2022.06.06-12.09.06:847][  0]LogConfig: Applying CVar settings from Section [ShadingQuality@3] File [C:/Users/samsung/Downloads/EscapeRoom/Saved/Config/Windows/Scalability.ini]
[2022.06.06-12.09.06:847][  0]LogConfig: Setting CVar [[r.HairStrands.SkyLighting.IntegrationType:2]]
[2022.06.06-12.09.06:847][  0]LogConfig: Setting CVar [[r.HairStrands.SkyAO.SampleCount:4]]
[2022.06.06-12.09.06:847][  0]LogConfig: Setting CVar [[r.HairStrands.Visibility.MSAA.SamplePerPixel:4]]
[2022.06.06-12.09.06:847][  0]LogConfig: Applying CVar settings from Section [Startup] File [../../../Engine/Config/ConsoleVariables.ini]
[2022.06.06-12.09.06:848][  0]LogConfig: Setting CVar [[net.UseAdaptiveNetUpdateFrequency:0]]
[2022.06.06-12.09.06:848][  0]LogConfig: Setting CVar [[p.chaos.AllowCreatePhysxBodies:1]]
[2022.06.06-12.09.06:848][  0]LogConfig: Setting CVar [[fx.SkipVectorVMBackendOptimizations:1]]
[2022.06.06-12.09.06:848][  0]LogConfig: Applying CVar settings from Section [ConsoleVariables] File [C:/Users/samsung/Downloads/EscapeRoom/Saved/Config/Windows/Engine.ini]
[2022.06.06-12.09.06:848][  0]LogConfig: Applying CVar settings from Section [ConsoleVariables] File [C:/Users/samsung/Downloads/EscapeRoom/Saved/Config/Windows/Editor.ini]
[2022.06.06-12.09.06:849][  0]LogInit: Computer: DESKTOP-748RNOG
[2022.06.06-12.09.06:849][  0]LogInit: User: samsung
[2022.06.06-12.09.06:849][  0]LogInit: CPU Page size=4096, Cores=4
[2022.06.06-12.09.06:849][  0]LogInit: High frequency timer resolution =10.000000 MHz
[2022.06.06-12.09.06:849][  0]LogMemory: Memory total: Physical=15.9GB (16GB approx)
[2022.06.06-12.09.06:849][  0]LogMemory: Platform Memory Stats for Windows
[2022.06.06-12.09.06:849][  0]LogMemory: Process Physical Memory: 146.39 MB used, 146.39 MB peak
[2022.06.06-12.09.06:849][  0]LogMemory: Process Virtual Memory: 124.61 MB used, 124.61 MB peak
[2022.06.06-12.09.06:849][  0]LogMemory: Physical Memory: 8471.80 MB used,  7826.68 MB free, 16298.49 MB total
[2022.06.06-12.09.06:849][  0]LogMemory: Virtual Memory: 134212832.00 MB used,  4896.27 MB free, 134217728.00 MB total
[2022.06.06-12.09.06:867][  0]LogWindows: WindowsPlatformFeatures enabled
[2022.06.06-12.09.07:195][  0]LogInit: Physics initialised using underlying interface: PhysX
[2022.06.06-12.09.07:198][  0]LogInit: Using OS detected language (ko-KR).
[2022.06.06-12.09.07:198][  0]LogInit: Using OS detected locale (ko-KR).
[2022.06.06-12.09.07:211][  0]LogTextLocalizationManager: No specific localization for 'ko-KR' exists, so the 'ko' localization will be used.
[2022.06.06-12.09.07:543][  0]LogInit: Setting process to per monitor DPI aware
[2022.06.06-12.09.07:637][  0]LogWindowsTextInputMethodSystem: Display: IME system deactivated.
[2022.06.06-12.09.07:769][  0]LogSlate: New Slate User Created.  User Index 0, Is Virtual User: 0
[2022.06.06-12.09.07:769][  0]LogSlate: Slate User Registered.  User Index 0, Is Virtual User: 0
[2022.06.06-12.09.11:483][  0]LogD3D11RHI: Loaded GFSDK_Aftermath_Lib.x64.dll
[2022.06.06-12.09.11:582][  0]LogHMD: Failed to initialize OpenVR with code 110
[2022.06.06-12.09.11:582][  0]LogD3D11RHI: D3D11 min allowed feature level: 11_0
[2022.06.06-12.09.11:582][  0]LogD3D11RHI: D3D11 max allowed feature level: 11_0
[2022.06.06-12.09.11:582][  0]LogD3D11RHI: D3D11 adapters:
[2022.06.06-12.09.13:133][  0]LogD3D11RHI:    0. 'NVIDIA GeForce GTX 1050' (Feature Level 11_0)
[2022.06.06-12.09.13:133][  0]LogD3D11RHI:       4021/0/8149 MB DedicatedVideo/DedicatedSystem/SharedSystem, Outputs:1, VendorId:0x10de
[2022.06.06-12.09.13:181][  0]LogD3D11RHI:    1. 'Intel(R) HD Graphics 630' (Feature Level 11_0)
[2022.06.06-12.09.13:181][  0]LogD3D11RHI:       128/0/8149 MB DedicatedVideo/DedicatedSystem/SharedSystem, Outputs:0, VendorId:0x8086
[2022.06.06-12.09.13:195][  0]LogD3D11RHI:    2. 'Microsoft Basic Render Driver' (Feature Level 11_0)
[2022.06.06-12.09.13:195][  0]LogD3D11RHI:       0/0/8149 MB DedicatedVideo/DedicatedSystem/SharedSystem, Outputs:0, VendorId:0x1414
[2022.06.06-12.09.13:195][  0]LogD3D11RHI: Chosen D3D11 Adapter:
[2022.06.06-12.09.13:195][  0]LogD3D11RHI:     Description : NVIDIA GeForce GTX 1050
[2022.06.06-12.09.13:195][  0]LogD3D11RHI:     VendorId    : 10de
[2022.06.06-12.09.13:196][  0]LogD3D11RHI:     DeviceId    : 1c8d
[2022.06.06-12.09.13:196][  0]LogD3D11RHI:     SubSysId    : c790144d
[2022.06.06-12.09.13:196][  0]LogD3D11RHI:     Revision    : 00a1
[2022.06.06-12.09.13:196][  0]LogD3D11RHI:     DedicatedVideoMemory : 4216324096 bytes
[2022.06.06-12.09.13:196][  0]LogD3D11RHI:     DedicatedSystemMemory : 0 bytes
[2022.06.06-12.09.13:196][  0]LogD3D11RHI:     SharedSystemMemory : 8545101824 bytes
[2022.06.06-12.09.13:196][  0]LogD3D11RHI:     AdapterLuid : 0 55841
[2022.06.06-12.09.13:203][  0]LogD3D11RHI: Creating new Direct3DDevice
[2022.06.06-12.09.13:204][  0]LogD3D11RHI:     GPU DeviceId: 0x1c8d (for the marketing name, search the web for "GPU Device Id")
[2022.06.06-12.09.13:204][  0]LogWindows: EnumDisplayDevices:
[2022.06.06-12.09.13:204][  0]LogWindows:    0. 'Intel(R) HD Graphics 630' (P:1 D:1)
[2022.06.06-12.09.13:205][  0]LogWindows:    1. 'Intel(R) HD Graphics 630' (P:0 D:0)
[2022.06.06-12.09.13:207][  0]LogWindows:    2. 'Intel(R) HD Graphics 630' (P:0 D:0)
[2022.06.06-12.09.13:208][  0]LogWindows: DebugString: PrimaryIsNotTheChoosenAdapter PrimaryIsNotTheChoosenAdapter PrimaryIsNotTheChoosenAdapter FoundDriverCount:0 
[2022.06.06-12.09.13:209][  0]LogD3D11RHI:     Adapter Name: NVIDIA GeForce GTX 1050
[2022.06.06-12.09.13:209][  0]LogD3D11RHI:   Driver Version: Unknown (internal:Unknown, unified:Unknown)
[2022.06.06-12.09.13:209][  0]LogD3D11RHI:      Driver Date: Unknown
[2022.06.06-12.09.13:210][  0]LogRHI: Texture pool is 2814 MB (70% of 4021 MB)
[2022.06.06-12.09.13:210][  0]LogD3D11RHI: Creating D3DDevice using adapter:
[2022.06.06-12.09.13:210][  0]LogD3D11RHI:     Description : NVIDIA GeForce GTX 1050
[2022.06.06-12.09.13:210][  0]LogD3D11RHI:     VendorId    : 10de
[2022.06.06-12.09.13:210][  0]LogD3D11RHI:     DeviceId    : 1c8d
[2022.06.06-12.09.13:210][  0]LogD3D11RHI:     SubSysId    : c790144d
[2022.06.06-12.09.13:210][  0]LogD3D11RHI:     Revision    : 00a1
[2022.06.06-12.09.13:210][  0]LogD3D11RHI:     DedicatedVideoMemory : 4216324096 bytes
[2022.06.06-12.09.13:210][  0]LogD3D11RHI:     DedicatedSystemMemory : 0 bytes
[2022.06.06-12.09.13:210][  0]LogD3D11RHI:     SharedSystemMemory : 8545101824 bytes
[2022.06.06-12.09.13:210][  0]LogD3D11RHI:     AdapterLuid : 0 55841
[2022.06.06-12.09.13:320][  0]LogD3D11RHI: RHI has support for 64 bit atomics
[2022.06.06-12.09.13:321][  0]LogD3D11RHI: Async texture creation enabled
[2022.06.06-12.09.13:321][  0]LogD3D11RHI: Array index from any shader is supported
[2022.06.06-12.09.13:384][  0]LogD3D11RHI: GPU Timing Frequency: 1000.000000 (Debug: 2 1)
[2022.06.06-12.09.13:561][  0]LogRHI: GeForceNow SDK initialized: 1
[2022.06.06-12.09.14:817][  0]LogTargetPlatformManager: Display: Loaded TargetPlatform 'AllDesktop'
[2022.06.06-12.09.14:857][  0]LogTargetPlatformManager: Display: Loaded TargetPlatform 'Android'
[2022.06.06-12.09.14:857][  0]LogTargetPlatformManager: Display: Loaded TargetPlatform 'Android_ASTC'
[2022.06.06-12.09.14:857][  0]LogTargetPlatformManager: Display: Loaded TargetPlatform 'Android_DXT'
[2022.06.06-12.09.14:857][  0]LogTargetPlatformManager: Display: Loaded TargetPlatform 'Android_ETC2'
[2022.06.06-12.09.14:857][  0]LogTargetPlatformManager: Display: Loaded TargetPlatform 'AndroidClient'
[2022.06.06-12.09.14:857][  0]LogTargetPlatformManager: Display: Loaded TargetPlatform 'Android_ASTCClient'
[2022.06.06-12.09.14:857][  0]LogTargetPlatformManager: Display: Loaded TargetPlatform 'Android_DXTClient'
[2022.06.06-12.09.14:857][  0]LogTargetPlatformManager: Display: Loaded TargetPlatform 'Android_ETC2Client'
[2022.06.06-12.09.14:857][  0]LogTargetPlatformManager: Display: Loaded TargetPlatform 'Android_Multi'
[2022.06.06-12.09.14:857][  0]LogTargetPlatformManager: Display: Loaded TargetPlatform 'Android_MultiClient'
[2022.06.06-12.09.14:899][  0]LogTargetPlatformManager: Display: Loaded TargetPlatform 'IOSClient'
[2022.06.06-12.09.14:899][  0]LogTargetPlatformManager: Display: Loaded TargetPlatform 'IOS'
[2022.06.06-12.09.14:921][  0]LogTargetPlatformManager: Display: Loaded TargetPlatform 'Linux'
[2022.06.06-12.09.14:932][  0]LogTargetPlatformManager: Display: Loaded TargetPlatform 'LinuxNoEditor'
[2022.06.06-12.09.14:944][  0]LogTargetPlatformManager: Display: Loaded TargetPlatform 'LinuxClient'
[2022.06.06-12.09.14:952][  0]LogTargetPlatformManager: Display: Loaded TargetPlatform 'LinuxServer'
[2022.06.06-12.09.14:977][  0]LogTargetPlatformManager: Display: Loaded TargetPlatform 'LinuxAArch64NoEditor'
[2022.06.06-12.09.14:987][  0]LogTargetPlatformManager: Display: Loaded TargetPlatform 'LinuxAArch64Client'
[2022.06.06-12.09.15:003][  0]LogTargetPlatformManager: Display: Loaded TargetPlatform 'LinuxAArch64Server'
[2022.06.06-12.09.15:051][  0]LogTargetPlatformManager: Display: Loaded TargetPlatform 'Lumin'
[2022.06.06-12.09.15:051][  0]LogTargetPlatformManager: Display: Loaded TargetPlatform 'LuminClient'
[2022.06.06-12.09.15:070][  0]LogTargetPlatformManager: Display: Loaded TargetPlatform 'MacNoEditor'
[2022.06.06-12.09.15:081][  0]LogTargetPlatformManager: Display: Loaded TargetPlatform 'Mac'
[2022.06.06-12.09.15:090][  0]LogTargetPlatformManager: Display: Loaded TargetPlatform 'MacClient'
[2022.06.06-12.09.15:100][  0]LogTargetPlatformManager: Display: Loaded TargetPlatform 'MacServer'
[2022.06.06-12.09.15:120][  0]LogTargetPlatformManager: Display: Loaded TargetPlatform 'TVOSClient'
[2022.06.06-12.09.15:120][  0]LogTargetPlatformManager: Display: Loaded TargetPlatform 'TVOS'
[2022.06.06-12.09.15:145][  0]LogTargetPlatformManager: Display: Loaded TargetPlatform 'WindowsNoEditor'
[2022.06.06-12.09.15:154][  0]LogTargetPlatformManager: Display: Loaded TargetPlatform 'Windows'
[2022.06.06-12.09.15:166][  0]LogTargetPlatformManager: Display: Loaded TargetPlatform 'WindowsClient'
[2022.06.06-12.09.15:179][  0]LogTargetPlatformManager: Display: Loaded TargetPlatform 'WindowsServer'
[2022.06.06-12.09.15:179][  0]LogTargetPlatformManager: Display: Building Assets For Windows
[2022.06.06-12.09.15:265][  0]LogAudioDebug: Display: Lib vorbis DLL was dynamically loaded.
[2022.06.06-12.09.15:733][  0]LogTextureFormatOodle: Display: Oodle Texture 2.9.0 init RDO Off
[2022.06.06-12.09.16:048][  0]LogRendererCore: Ray tracing is disabled. Reason: r.RayTracing=0.
[2022.06.06-12.09.16:051][  0]LogShaderCompilers: Guid format shader working directory is -4 characters bigger than the processId version (../../../../../../Users/samsung/Downloads/EscapeRoom/Intermediate/Shaders/WorkingDirectory/2388/).
[2022.06.06-12.09.16:052][  0]LogShaderCompilers: Cleaned the shader compiler working directory 'C:/Users/samsung/AppData/Local/Temp/UnrealShaderWorkingDir/BE39057D43BBF4C89AECE3BE57B604D5/'.
[2022.06.06-12.09.16:053][  0]LogXGEController: Cannot use XGE Controller as Incredibuild is not installed on this machine.
[2022.06.06-12.09.16:053][  0]LogShaderCompilers: Cannot use XGE Shader Compiler as Incredibuild is not installed on this machine.
[2022.06.06-12.09.16:053][  0]LogShaderCompilers: Display: Using Local Shader Compiler.
[2022.06.06-12.09.20:789][  0]LogDerivedDataCache: Display: Max Cache Size: 512 MB
[2022.06.06-12.09.21:055][  0]LogDerivedDataCache: Loaded boot cache 0.26s 94MB C:/Users/samsung/AppData/Local/UnrealEngine/4.27/DerivedDataCache/Boot.ddc.
[2022.06.06-12.09.21:055][  0]LogDerivedDataCache: Display: Loaded Boot cache: C:/Users/samsung/AppData/Local/UnrealEngine/4.27/DerivedDataCache/Boot.ddc
[2022.06.06-12.09.21:055][  0]LogDerivedDataCache: FDerivedDataBackendGraph:  Pak pak cache file ../../../../../../Users/samsung/Downloads/EscapeRoom/DerivedDataCache/DDC.ddp not found, will not use a pak cache.
[2022.06.06-12.09.21:055][  0]LogDerivedDataCache: Unable to find inner node Pak for hierarchical cache Hierarchy.
[2022.06.06-12.09.21:056][  0]LogDerivedDataCache: FDerivedDataBackendGraph:  CompressedPak pak cache file ../../../../../../Users/samsung/Downloads/EscapeRoom/DerivedDataCache/Compressed.ddp not found, will not use a pak cache.
[2022.06.06-12.09.21:056][  0]LogDerivedDataCache: Unable to find inner node CompressedPak for hierarchical cache Hierarchy.
[2022.06.06-12.09.21:101][  0]LogDerivedDataCache: Display: Pak cache opened for reading ../../../Engine/DerivedDataCache/Compressed.ddp.
[2022.06.06-12.09.21:101][  0]LogDerivedDataCache: FDerivedDataBackendGraph:  EnterprisePak pak cache file ../../../Enterprise/DerivedDataCache/Compressed.ddp not found, will not use a pak cache.
[2022.06.06-12.09.21:101][  0]LogDerivedDataCache: Unable to find inner node EnterprisePak for hierarchical cache Hierarchy.
[2022.06.06-12.09.21:134][  0]LogDerivedDataCache: Speed tests for C:/Users/samsung/AppData/Local/UnrealEngine/Common/DerivedDataCache took 0.03 seconds
[2022.06.06-12.09.21:134][  0]LogDerivedDataCache: Display: Performance to C:/Users/samsung/AppData/Local/UnrealEngine/Common/DerivedDataCache: Latency=0.18ms. RandomReadSpeed=60.50MBs, RandomWriteSpeed=63.23MBs. Assigned SpeedClass 'Local'
[2022.06.06-12.09.21:135][  0]LogDerivedDataCache: Using Local data cache path C:/Users/samsung/AppData/Local/UnrealEngine/Common/DerivedDataCache: Writable
[2022.06.06-12.09.21:135][  0]LogDerivedDataCache: Shared data cache path not found in *engine.ini, will not use an Shared cache.
[2022.06.06-12.09.21:135][  0]LogDerivedDataCache: Unable to find inner node Shared for hierarchical cache Hierarchy.
[2022.06.06-12.09.21:214][  0]LogSlate: Using FreeType 2.10.0
[2022.06.06-12.09.21:235][  0]LogSlate: SlateFontServices - WITH_FREETYPE: 1, WITH_HARFBUZZ: 1
[2022.06.06-12.09.21:318][  0]LogAssetRegistry: FAssetRegistry took 0.0134 seconds to start up
[2022.06.06-12.09.22:232][  0]LogInit: Selected Device Profile: [Windows]
[2022.06.06-12.09.22:233][  0]LogInit: Active device profile: [000001FF72D84900][000001FF71383200 49] Windows
[2022.06.06-12.09.22:233][  0]LogInit: Profiles: [000001FF72D84900][000001FF71383200 49] Windows, [000001FF72D53800][000001FF7138B380 49] WindowsNoEditor, [000001FF72D87500][000001FF7366D500 49] WindowsServer, [000001FF72D50E00][000001FF73671680 49] WindowsClient, [000001FF72D87800][000001FF73675800 49] IOS, [000001FF72D52800][000001FF73679980 49] iPadAir, [000001FF72D86000][000001FF7367DB00 49] iPadAir2, [000001FF72D00A00][000001FF73684240 49] IPadPro, [000001FF72D00B00][000001FF73680280 49] iPadAir3, [000001FF72D51900][000001FF73688400 49] iPadAir4, [000001FF72D03400][000001FF7368C580 49] iPadMini2, [000001FF72D52A00][000001FF73690700 49] iPadMini3, [000001FF72D01700][000001FF73694880 49] iPadMini4, [000001FF72D85100][000001FF713869C0 49] iPadMini5, [000001FF72D28300][000001FF7369CC00 49] iPhone6, [000001FF72D28400][000001FF73698C40 49] iPodTouch6, [000001FF72CDFF00][000001FF736A8EC0 49] iPhone7, [000001FF72CDFE00][000001FF736A0F00 49] iPodTouch7, [000001FF72D52000][000001FF736AD080 49] iPhone5S, [000001FF72CDDA00][000001FF736B1200 49] iPhone6Plus, [000001FF72D28200][000001FF736B5380 49] iPhone6S, [000001FF72CDC600][000001FF736B9500 49] iPhone6SPlus, [000001FF72D2A900][000001FF736BD680 49] iPhone7Plus, [000001FF72CDF100][000001FF736C1800 49] iPhoneSE, [000001FF72D2A200][000001FF736C5980 49] iPhone8, [000001FF72CDFB00][000001FF736C9B00 49] iPhone8Plus, [000001FF72D28A00][000001FF736CC100 49] iPhoneX, [000001FF72CDD400][000001FF736D0280 49] iPhoneXS, [000001FF72D2B900][000001FF736D4400 49] iPhoneXSMax, [000001FF72CDC900][000001FF736D8580 49] iPhoneXR, [000001FF72D2AF00][000001FF736DC700 49] iPhone11, [000001FF72CDD300][000001FF736E0880 49] iPhone11Pro, [000001FF72D29000][000001FF736E4A00 49] iPhone11ProMax, [000001FF72CDEA00][000001FF736A4B40 49] iPhoneSE2, [000001FF72D29400][000001FF736E8C80 49] iPhone12Mini, [000001FF72CDE400][000001FF736ECDC0 49] iPhone12, [000001FF72D28D00][000001FF736F0F00 49] iPhone12Pro, [000001FF72CDEB00][000001FF736F9080 49] iPhone12ProMax, [000001FF72D2B000][000001FF736FD200 49] iPadPro105, [000001FF72CDC700][000001FF73701380 49] iPadPro129, [000001FF72D2A800][000001FF73705500 49] iPadPro97, [000001FF72CDE600][000001FF73709680 49] iPadPro2_129, [000001FF72D2BC00][000001FF7370D800 49] iPad5, [000001FF72CDE200][000001FF73711980 49] iPad6, [000001FF72D28F00][000001FF73715B00 49] iPad7, [000001FF72CDED00][000001FF73718100 49] iPad8, [000001FF72D29100][000001FF7371C280 49] iPadPro11, [000001FF72CDD600][000001FF73720400 49] iPadPro2_11, [000001FF72D2B400][000001FF73724580 49] iPadPro3_129, [000001FF72CDE800][000001FF73728700 49] iPadPro4_129, [000001FF72D2BA00][000001FF7372C880 49] AppleTV, [000001FF72CDE100][000001FF73730A00 49] AppleTV4K, [000001FF72D29F00][000001FF73734B80 49] TVOS, [000001FF72CDF400][000001FF73738D00 49] Mac, [000001FF72D2B800][000001FF736F4E40 49] MacClient, [000001FF72CDDE00][000001FF7373CF80 49] MacNoEditor, [000001FF72D2BF00][000001FF737410C0 49] MacServer, [000001FF72CDF500][000001FF73749240 49] Linux, [000001FF72D28C00][000001FF7374D3C0 49] LinuxAArch64, [000001FF72CDEF00][000001FF73751540 49] LinuxNoEditor, [000001FF72D28B00][000001FF737556C0 49] LinuxAArch64NoEditor, [000001FF72CDF700][000001FF73759840 49] LinuxClient, [000001FF72D29A00][000001FF7375D9C0 49] LinuxAArch64Client, [000001FF72CDD000][000001FF73761B40 49] LinuxServer, [000001FF72D2A500][000001FF73764140 49] LinuxAArch64Server, [000001FF72CDD900][000001FF737682C0 49] Android, [000001FF72D29300][000001FF7376C440 49] Android_Low, [000001FF72CDE700][000001FF737705C0 49] Android_Mid, [000001FF72D2AB00][000001FF73774740 49] Android_High, [000001FF72CDF800][000001FF737788C0 49] Android_Default, [000001FF72D29600][000001FF7377CA40 49] Android_Adreno4xx, [000001FF72CDD500][000001FF73780BC0 49] Android_Adreno5xx_Low, [000001FF72D03600][000001FF73784D40 49] Android_Adreno5xx, [000001FF72D51800][000001FF73788EC0 49] Android_Adreno6xx, [000001FF72D01200][000001FF73745000 49] Android_Adreno6xx_Vulkan, [000001FF72D53C00][000001FF7378D140 49] Android_Mali_T6xx, [000001FF72D01100][000001FF73791280 49] Android_Mali_T7xx, [000001FF72D51600][000001FF737953C0 49] Android_Mali_T8xx, [000001FF72D01E00][000001FF7379D540 49] Android_Mali_G71, [000001FF72D50500][000001FF737B16C0 49] Android_Mali_G72, [000001FF72D00800][000001FF737B5840 49] Android_Mali_G72_Vulkan, [000001FF72D51300][000001FF737B99C0 49] Android_Mali_G76, [000001FF72D00100][000001FF737BDB40 49] Android_Mali_G76_Vulkan, [000001FF72D51F00][000001FF737C0140 49] Android_Mali_G77, [000001FF72D01000][000001FF737C42C0 49] Android_Mali_G77_Vulkan, [000001FF72D50A00][000001FF737C8440 49] Android_Mali_G78, [000001FF72D02C00][000001FF737CC5C0 49] Android_Mali_G78_Vulkan, [000001FF72D53600][000001FF737D0740 49] Android_Mali_G710, [000001FF72D02A00][000001FF737D48C0 49] Android_Mali_G710_Vulkan, [000001FF72D53F00][000001FF737D8A40 49] Android_Vulkan_SM5, [000001FF72D03B00][000001FF737DCBC0 49] Android_PowerVR_G6xxx, [000001FF72D53B00][000001FF737E0D40 49] Android_PowerVR_GT7xxx, [000001FF72D03900][000001FF737E4EC0 49] Android_PowerVR_GE8xxx, [000001FF72D50C00][000001FF737E9040 49] Android_PowerVR_GM9xxx, [000001FF72D02700][000001FF73799180 49] Android_PowerVR_GM9xxx_Vulkan, [000001FF72D52700][000001FF737ED2C0 49] Android_TegraK1, [000001FF72D00900][000001FF737F1400 49] Android_Unknown_Vulkan, [000001FF72D51D00][000001FF737F5540 49] Lumin, [000001FF72D00500][000001FF737FD6C0 49] Lumin_Desktop, [000001FF72D53300][000001FF73801840 49] HoloLens, 
[2022.06.06-12.09.22:876][  0]LogMeshReduction: Using QuadricMeshReduction for automatic static mesh reduction
[2022.06.06-12.09.22:876][  0]LogMeshReduction: Using SimplygonMeshReduction for automatic skeletal mesh reduction
[2022.06.06-12.09.22:876][  0]LogMeshReduction: Using ProxyLODMeshReduction for automatic mesh merging
[2022.06.06-12.09.22:876][  0]LogMeshReduction: No distributed automatic mesh merging module available
[2022.06.06-12.09.22:876][  0]LogMeshMerging: No distributed automatic mesh merging module available
[2022.06.06-12.09.22:984][  0]LogNetVersion: HorrorEngine 1.0.0, NetCL: 17155196, EngineNetVer: 17, GameNetVer: 0 (Checksum: 1306834812)
[2022.06.06-12.09.24:892][  0]LogTexture: Default maximum texture size for cubemaps generated from long-lat sources has been changed from 512 to unlimited. In order to preserve old behaiour for '/Engine/MapTemplates/Sky/DaylightAmbientCubemap.DaylightAmbientCubemap', its maximum texture size has been explicitly set to 512.
[2022.06.06-12.09.25:100][  0]LogHMD: PokeAHoleMaterial loaded successfully
[2022.06.06-12.09.25:118][  0]LogUObjectArray: 17178 objects as part of root set at end of initial load.
[2022.06.06-12.09.25:118][  0]LogUObjectAllocator: 4302048 out of 0 bytes used by permanent object pool.
[2022.06.06-12.09.25:118][  0]LogUObjectArray: CloseDisregardForGC: 0/0 objects in disregard for GC pool
[2022.06.06-12.09.25:887][  0]LogAssetRegistry: Error: Package ../../../../../../Users/samsung/Downloads/EscapeRoom/Content/HorrorEngine/Maps/EscapeRoom_BuiltData.uasset has malformed tag
[2022.06.06-12.09.26:835][  0]LogNiagaraDebuggerClient: Niagara Debugger Client Initialized | Session: D1AB213A445FBC954959988576352486 | Instance: 5A77E71041152A39D60C0CAF96AB8C80 (DESKTOP-748RNOG-2388).
[2022.06.06-12.09.27:489][  0]LogTcpMessaging: Initializing TcpMessaging bridge
[2022.06.06-12.09.27:511][  0]LogUdpMessaging: Initializing bridge on interface 0.0.0.0:0 to multicast group 230.0.0.1:6666.
[2022.06.06-12.09.27:607][  0]LogPython: Using Python 3.7.7
[2022.06.06-12.09.28:987][  0]LogLinker: Warning: '{FileName}': 파일을 찾을 수 없습니다. 로드에 실패했습니다.
[2022.06.06-12.09.28:988][  0]LogLinker: Warning: '{FileName}': 파일을 찾을 수 없습니다. 로드에 실패했습니다.
[2022.06.06-12.09.28:988][  0]LogUObjectGlobals: Warning: 'Class /Game/FirstPersonBP/FirstPersonOverview.FirstPersonOverview_C' 오브젝트를 찾는 데 실패했습니다.
[2022.06.06-12.09.29:477][  0]SourceControl: 소스 컨트롤이 꺼졌습니다.
[2022.06.06-12.09.29:477][  0]SourceControl: 소스 컨트롤이 꺼졌습니다.
[2022.06.06-12.09.29:488][  0]SourceControl: 소스 컨트롤이 꺼졌습니다.
[2022.06.06-12.09.29:518][  0]SourceControl: 소스 컨트롤이 꺼졌습니다.
[2022.06.06-12.09.29:554][  0]SourceControl: 소스 컨트롤이 꺼졌습니다.
[2022.06.06-12.09.29:563][  0]LogUProjectInfo: Found projects:
[2022.06.06-12.09.30:498][  0]LogOpenImageDenoise: OIDN starting up
[2022.06.06-12.09.30:552][  0]LogAndroidPermission: UAndroidPermissionCallbackProxy::GetInstance
[2022.06.06-12.09.30:585][  0]LogAudioCaptureCore: Display: No Audio Capture implementations found. Audio input will be silent.
[2022.06.06-12.09.30:585][  0]LogAudioCaptureCore: Display: No Audio Capture implementations found. Audio input will be silent.
[2022.06.06-12.09.30:939][  0]LogCollectionManager: Loaded 0 collections in 0.003215 seconds
[2022.06.06-12.09.31:009][  0]LogFileCache: Scanning file cache for directory 'C:/Users/samsung/Downloads/EscapeRoom/Saved/Collections/' took 0.00s
[2022.06.06-12.09.31:009][  0]LogFileCache: Scanning file cache for directory 'C:/Users/samsung/Downloads/EscapeRoom/Content/Developers/samsung/Collections/' took 0.00s
[2022.06.06-12.09.31:009][  0]LogFileCache: Scanning file cache for directory 'C:/Users/samsung/Downloads/EscapeRoom/Content/Collections/' took 0.00s
[2022.06.06-12.09.31:009][  0]LogOcInput: OculusInput pre-init called
[2022.06.06-12.09.31:564][  0]LogEngine: Initializing Engine...
[2022.06.06-12.09.31:650][  0]LogHMD: Failed to enumerate extensions. Please check that you have a valid OpenXR runtime installed.
[2022.06.06-12.09.31:650][  0]LogHMD: Failed to initialize OpenVR with code 110
[2022.06.06-12.09.31:650][  0]LogMagicLeap: Warning: VR disabled because ZI is not enabled.  To enable, in the editor, Edit -> Project Settings -> Plugins -> Magic Leap Plugin -> Enable Zero Iteration
[2022.06.06-12.09.31:656][  0]LogStats: UGameplayTagsManager::InitializeManager -  0.001 s
[2022.06.06-12.09.31:870][  0]LogInit: Initializing FReadOnlyCVARCache
[2022.06.06-12.09.31:976][  0]LogAIModule: Creating AISystem for world Untitled
[2022.06.06-12.09.31:992][  0]LogAudio: Display: Initializing Audio Device Manager...
[2022.06.06-12.09.32:001][  0]LogAudio: Display: Loading Default Audio Settings Objects...
[2022.06.06-12.09.32:002][  0]LogAudio: Display: No default SoundConcurrencyObject specified (or failed to load).
[2022.06.06-12.09.32:005][  0]LogAudio: Display: Audio Device Manager Initialized
[2022.06.06-12.09.32:006][  0]LogAudio: Display: Creating Audio Device:                 Id: 1, Scope: Shared, Realtime: True
[2022.06.06-12.09.32:009][  0]LogAudioMixer: Display: Audio Mixer Platform Settings:
[2022.06.06-12.09.32:009][  0]LogAudioMixer: Display: 	Sample Rate:						  48000
[2022.06.06-12.09.32:009][  0]LogAudioMixer: Display: 	Callback Buffer Frame Size Requested: 1024
[2022.06.06-12.09.32:009][  0]LogAudioMixer: Display: 	Callback Buffer Frame Size To Use:	  1024
[2022.06.06-12.09.32:009][  0]LogAudioMixer: Display: 	Number of buffers to queue:			  2
[2022.06.06-12.09.32:009][  0]LogAudioMixer: Display: 	Max Channels (voices):				  32
[2022.06.06-12.09.32:009][  0]LogAudioMixer: Display: 	Number of Async Source Workers:		  0
[2022.06.06-12.09.32:009][  0]LogAudio: Display: AudioDevice MaxSources: 32
[2022.06.06-12.09.32:011][  0]LogAudio: Display: Audio Spatialization Plugin: None (built-in).
[2022.06.06-12.09.32:011][  0]LogAudio: Display: Audio Reverb Plugin: None (built-in).
[2022.06.06-12.09.32:011][  0]LogAudio: Display: Audio Occlusion Plugin: None (built-in).
[2022.06.06-12.09.32:011][  0]LogAudioMixer: Display: Initializing audio mixer.
[2022.06.06-12.09.32:082][  0]LogAudioMixer: Display: 0: FrontLeft
[2022.06.06-12.09.32:082][  0]LogAudioMixer: Display: 1: FrontRight
[2022.06.06-12.09.32:165][  0]LogAudioMixer: Display: Using Audio Device 헤드폰(Realtek(R) Audio)
[2022.06.06-12.09.32:169][  0]LogAudioMixer: Display: Initializing Sound Submixes...
[2022.06.06-12.09.32:175][  0]LogAudioMixer: Display: Creating Master Submix 'MasterSubmixDefault'
[2022.06.06-12.09.32:176][  0]LogAudioMixer: Display: Creating Master Submix 'MasterReverbSubmixDefault'
[2022.06.06-12.09.32:180][  0]LogAudioMixer: Display: Creating Master Submix 'MasterEQSubmixDefault'
[2022.06.06-12.09.32:182][  0]LogAudioMixer: FMixerPlatformXAudio2::StartAudioStream() called
[2022.06.06-12.09.32:182][  0]LogAudioMixer: Display: Output buffers initialized: Frames=1024, Channels=2, Samples=2048
[2022.06.06-12.09.32:183][  0]LogAudioMixer: Display: Starting AudioMixerPlatformInterface::RunInternal()
[2022.06.06-12.09.32:183][  0]LogAudioMixer: Display: FMixerPlatformXAudio2::SubmitBuffer() called for the first time
[2022.06.06-12.09.32:183][  0]LogInit: FAudioDevice initialized.
[2022.06.06-12.09.32:186][  0]LogAudio: Display: Audio Device (ID: 1) registered with world 'Untitled'.
[2022.06.06-12.09.32:186][  0]LogNetVersion: Set ProjectVersion to 2. Version Checksum will be recalculated on next use.
[2022.06.06-12.09.32:409][  0]LogDerivedDataCache: Saved boot cache 0.22s 94MB C:/Users/samsung/AppData/Local/UnrealEngine/4.27/DerivedDataCache/Boot.ddc.
[2022.06.06-12.09.32:410][  0]LogInit: Texture streaming: Enabled
[2022.06.06-12.09.32:444][  0]LogAnalytics: Display: [UEEditor.Rocket.Release] APIServer = https://datarouter.ol.epicgames.com/. AppVersion = 4.27.2-18319896+++UE4+Release-4.27
[2022.06.06-12.09.32:458][  0]LogEngineSessionManager: EngineSessionManager initialized
[2022.06.06-12.09.32:458][  0]LogEditorSessionSummary: Verbose: Initializing EditorSessionSummaryWriter for editor session tracking
[2022.06.06-12.09.32:468][  0]LogEditorSessionSummary: EditorSessionSummaryWriter initialized
[2022.06.06-12.09.32:544][  0]LogInit: Transaction tracking system initialized
[2022.06.06-12.09.32:628][  0]BlueprintLog: New page: 에디터 로드
[2022.06.06-12.09.32:870][  0]LocalizationService: 현지화 서비스가 비활성화되었습니다.
[2022.06.06-12.09.32:970][  0]TimingProfiler: Initialize
[2022.06.06-12.09.32:972][  0]TimingProfiler: OnSessionChanged
[2022.06.06-12.09.32:973][  0]LoadingProfiler: Initialize
[2022.06.06-12.09.32:973][  0]LoadingProfiler: OnSessionChanged
[2022.06.06-12.09.32:974][  0]NetworkingProfiler: Initialize
[2022.06.06-12.09.32:974][  0]NetworkingProfiler: OnSessionChanged
[2022.06.06-12.09.32:974][  0]MemoryProfiler: Initialize
[2022.06.06-12.09.32:974][  0]MemoryProfiler: OnSessionChanged
[2022.06.06-12.09.33:309][  0]LogSlate: Took 0.024629 seconds to synchronously load lazily loaded font '../../../Engine/Content/Editor/Slate/Fonts/NanumGothic.ttf' (4243K)
[2022.06.06-12.09.33:316][  0]LogSlate: Took 0.007285 seconds to synchronously load lazily loaded font '../../../Engine/Content/Slate/Fonts/Roboto-Regular.ttf' (155K)
[2022.06.06-12.10.40:670][  0]LogSlate: Window '드라이브 공간 부족 경고' being destroyed
[2022.06.06-12.10.40:675][  0]LogWindowsTextInputMethodSystem: Display: IME system activated using TSF (Microsoft 입력기).
[2022.06.06-12.10.40:683][  0]Message dialog closed, result: Ok, title: 드라이브 공간 부족 경고, text: 해당 드라이브의 용량이 부족합니다.
파일 저장 및 로딩 중에 데이터가 유실되거나 크래시가 발생하는 문제를 예방하기 위해서 용량을 확보하시기를 추천드립니다.

  2,366 MB 여유 		 C:/Program Files/Epic Games/UE_4.27/Engine/Binaries/Win64/
 				 기본 엔진 디렉토리 

  2,366 MB 여유 		 C:/Users/samsung/Downloads/EscapeRoom/
 				 프로젝트 디렉토리 

[2022.06.06-12.10.40:990][  0]LogCook: Display: CookSettings for Memory: MemoryMaxUsedVirtual 0MiB, MemoryMaxUsedPhysical 16384MiB, MemoryMinFreeVirtual 0MiB, MemoryMinFreePhysical 1024MiB
[2022.06.06-12.10.40:991][  0]LogCook: Display: Mobile HDR setting 1
[2022.06.06-12.10.41:563][  0]LogFileCache: Scanning file cache for directory 'C:/Users/samsung/Downloads/EscapeRoom/Content/' took 0.06s
[2022.06.06-12.10.41:978][  0]LogInit: Display: Engine is initialized. Leaving FEngineLoop::Init()
[2022.06.06-12.10.41:995][  0]SourceControl: 소스 컨트롤이 꺼졌습니다.
[2022.06.06-12.10.41:996][  0]LogUnrealEdMisc: Loading editor; pre map load, took 102.306
[2022.06.06-12.10.41:998][  0]Cmd: MAP LOAD FILE="../../../../../../Users/samsung/Downloads/EscapeRoom/Content/HorrorEngine/Maps/Overview.umap" TEMPLATE=0 SHOWPROGRESS=1 FEATURELEVEL=3
[2022.06.06-12.10.42:001][  0]LightingResults: New page: 라이팅 빌드
[2022.06.06-12.10.42:007][  0]LogWorld: UWorld::CleanupWorld for Untitled, bSessionEnded=true, bCleanupResources=true
[2022.06.06-12.10.42:008][  0]LogSlate: InvalidateAllWidgets triggered.  All widgets were invalidated
[2022.06.06-12.10.42:009][  0]MapCheck: New page: 맵 체크
[2022.06.06-12.10.42:009][  0]LightingResults: New page: 라이팅 빌드
[2022.06.06-12.10.42:019][  0]LogAudio: Display: Audio Device unregistered from world 'None'.
[2022.06.06-12.10.42:026][  0]LogUObjectHash: Compacting FUObjectHashTables data took   0.91ms
[2022.06.06-12.10.42:824][  0]LogLinker: Warning: Unable to load PhysicsSerializer with outer InstancedStaticMeshComponent /Game/HorrorEngine/Blueprints/UsableAssets/DoorsAndFurnitures/LadderAdvanced.LadderAdvanced_C:LadderBottom_GEN_VARIABLE because its class does not exist
[2022.06.06-12.10.42:824][  0]LogLinker: Warning: Unable to load PhysicsSerializer with outer InstancedStaticMeshComponent /Game/HorrorEngine/Blueprints/UsableAssets/DoorsAndFurnitures/LadderAdvanced.LadderAdvanced_C:LadderConnect_GEN_VARIABLE because its class does not exist
[2022.06.06-12.10.42:824][  0]LogLinker: Warning: Unable to load PhysicsSerializer with outer InstancedStaticMeshComponent /Game/HorrorEngine/Blueprints/UsableAssets/DoorsAndFurnitures/LadderAdvanced.LadderAdvanced_C:LadderMiddle_GEN_VARIABLE because its class does not exist
[2022.06.06-12.10.42:824][  0]LogLinker: Warning: Unable to load PhysicsSerializer with outer InstancedStaticMeshComponent /Game/HorrorEngine/Blueprints/UsableAssets/DoorsAndFurnitures/LadderAdvanced.LadderAdvanced_C:LadderTop_GEN_VARIABLE because its class does not exist
[2022.06.06-12.10.44:725][  0]LogBlueprint: Warning: [AssetLog] C:\Users\samsung\Downloads\EscapeRoom\Content\HorrorEngine\HorrorEngine.uasset: [Compiler] 기본값이 아닌  Method  입력 핀이  PostProcessSettings 의 멤버 설정  노드에 더 이상 존재하지 않습니다. 노드를 새로고치거나 핀을 기본값으로 리셋시켜 제거하세요.
[2022.06.06-12.10.50:416][  0]LogLinker: Warning: '{FileName}': 파일을 찾을 수 없습니다. 로드에 실패했습니다.
[2022.06.06-12.10.50:417][  0]LogLinker: Warning: '{FileName}': 파일을 찾을 수 없습니다. 로드에 실패했습니다.
[2022.06.06-12.10.50:417][  0]LogUObjectGlobals: Warning: 'Object /Game/HorrorEngine/Blueprints/Structures/HorrorEvent/HorrorEventFix.HorrorEventFix' 오브젝트를 찾는 데 실패했습니다.
[2022.06.06-12.10.52:985][  0]LogLinker: Warning: '{FileName}': 파일을 찾을 수 없습니다. 로드에 실패했습니다.
[2022.06.06-12.10.52:985][  0]LogLinker: Warning: '{FileName}': 파일을 찾을 수 없습니다. 로드에 실패했습니다.
[2022.06.06-12.10.52:985][  0]LogUObjectGlobals: Warning: 'Object /Game/HorrorEngine/Blueprints/Structures/HorrorEvent/HorrorEventsMasterFix.HorrorEventsMasterFix' 오브젝트를 찾는 데 실패했습니다.
[2022.06.06-12.10.57:243][  0]LogAudio: Display: Audio Device (ID: 1) registered with world 'Overview'.
[2022.06.06-12.10.57:244][  0]LogAIModule: Creating AISystem for world Overview
[2022.06.06-12.10.57:741][  0]Warning:  External 이 아닌 Texture2D 샘플러에 적용되었습니다. 일부 플랫폼에서 작동할 수는 있지만, 이식 가능하지 않습니다. 샘플러 유형을 External 로 변경하세요. 파라미터 'Texture' (슬롯 0), 머티리얼 'HE_TvGlow')
[2022.06.06-12.10.57:741][  0]Warning:  External 이 아닌 Texture2D 샘플러에 적용되었습니다. 일부 플랫폼에서 작동할 수는 있지만, 이식 가능하지 않습니다. 샘플러 유형을 External 로 변경하세요. 파라미터 'Texture' (슬롯 0), 머티리얼 'HE_TvGlow')
[2022.06.06-12.10.57:741][  0]Warning:  External 이 아닌 Texture2D 샘플러에 적용되었습니다. 일부 플랫폼에서 작동할 수는 있지만, 이식 가능하지 않습니다. 샘플러 유형을 External 로 변경하세요. 파라미터 'Texture' (슬롯 0), 머티리얼 'HE_TvGlow')
[2022.06.06-12.10.57:741][  0]Warning:  External 이 아닌 Texture2D 샘플러에 적용되었습니다. 일부 플랫폼에서 작동할 수는 있지만, 이식 가능하지 않습니다. 샘플러 유형을 External 로 변경하세요. 파라미터 'Texture' (슬롯 0), 머티리얼 'HE_VhsGlow')
[2022.06.06-12.10.57:741][  0]Warning:  External 이 아닌 Texture2D 샘플러에 적용되었습니다. 일부 플랫폼에서 작동할 수는 있지만, 이식 가능하지 않습니다. 샘플러 유형을 External 로 변경하세요. 파라미터 'Texture' (슬롯 0), 머티리얼 'HE_VhsGlow')
[2022.06.06-12.10.57:741][  0]Warning:  External 이 아닌 Texture2D 샘플러에 적용되었습니다. 일부 플랫폼에서 작동할 수는 있지만, 이식 가능하지 않습니다. 샘플러 유형을 External 로 변경하세요. 파라미터 'Texture' (슬롯 0), 머티리얼 'HE_VhsGlow')
[2022.06.06-12.10.57:741][  0]LogEditorServer: Finished looking for orphan Actors (0.000 secs)
[2022.06.06-12.10.57:872][  0]LogUObjectHash: Compacting FUObjectHashTables data took   4.09ms
[2022.06.06-12.10.57:878][  0]Cmd: MAP CHECKDEP NOCLEARLOG
[2022.06.06-12.10.57:879][  0]MapCheck: 맵 체크 완료: 오류 0 회, 경고 0 회, 소요 시간 0.9ms.
[2022.06.06-12.10.57:879][  0]LogFileHelpers: Loading map 'Overview' took 15.882
[2022.06.06-12.10.57:904][  0]LogUnrealEdMisc: Total Editor Startup Time, took 118.213
[2022.06.06-12.10.57:990][  0]LogWindowsTextInputMethodSystem: Display: IME system activated using TSF (Microsoft 입력기).
[2022.06.06-12.10.58:125][  0]LogSlate: Updating window title bar state: overlay mode, drag disabled, window buttons hidden, title bar hidden
[2022.06.06-12.10.58:137][  0]LogSlate: Updating window title bar state: overlay mode, drag disabled, window buttons hidden, title bar hidden
[2022.06.06-12.10.58:143][  0]LogSlate: Updating window title bar state: overlay mode, drag disabled, window buttons hidden, title bar hidden
[2022.06.06-12.10.58:154][  0]LogSlate: Updating window title bar state: overlay mode, drag disabled, window buttons hidden, title bar hidden
[2022.06.06-12.10.58:203][  0]LogNativeClassHierarchy: Verbose: Native class hierarchy populated in 0.0133 seconds. Added 3822 classes and 928 folders.
[2022.06.06-12.10.58:214][  0]LogNativeClassHierarchy: Verbose: Native class hierarchy updated for 'WidgetCarousel' in 0.0004 seconds. Added 0 classes and 0 folders.
[2022.06.06-12.10.58:227][  0]LogPakFile: PakFile PrimaryIndexSize=187
[2022.06.06-12.10.58:227][  0]LogPakFile: PakFile PathHashIndexSize=101
[2022.06.06-12.10.58:227][  0]LogPakFile: PakFile FullDirectoryIndexSize=148
[2022.06.06-12.10.58:227][  0]LogShaderLibrary: Display: ShaderCodeLibraryPakFileMountedCallback: PakFile 'C:/Program Files/Epic Games/UE_4.27/FeaturePacks/FP_FirstPerson.upack' (chunk index -1, root 'root:/') mounted
[2022.06.06-12.10.58:227][  0]LogShaderLibrary: Display: ShaderCodeLibraryPakFileMountedCallback: pending pak file info (ChunkID:-1 Root:root:/ File:C:/Program Files/Epic Games/UE_4.27/FeaturePacks/FP_FirstPerson.upack)
[2022.06.06-12.10.58:227][  0]LogPakFile: OnPakFileMounted2Time == 0.000147
[2022.06.06-12.10.58:239][  0]LogPakFile: PakFile PrimaryIndexSize=189
[2022.06.06-12.10.58:239][  0]LogPakFile: PakFile PathHashIndexSize=101
[2022.06.06-12.10.58:239][  0]LogPakFile: PakFile FullDirectoryIndexSize=152
[2022.06.06-12.10.58:239][  0]LogShaderLibrary: Display: ShaderCodeLibraryPakFileMountedCallback: PakFile 'C:/Program Files/Epic Games/UE_4.27/FeaturePacks/FP_FirstPersonBP.upack' (chunk index -1, root 'root:/') mounted
[2022.06.06-12.10.58:239][  0]LogShaderLibrary: Display: ShaderCodeLibraryPakFileMountedCallback: pending pak file info (ChunkID:-1 Root:root:/ File:C:/Program Files/Epic Games/UE_4.27/FeaturePacks/FP_FirstPersonBP.upack)
[2022.06.06-12.10.58:239][  0]LogPakFile: OnPakFileMounted2Time == 0.000084
[2022.06.06-12.10.58:248][  0]LogPakFile: PakFile PrimaryIndexSize=191
[2022.06.06-12.10.58:248][  0]LogPakFile: PakFile PathHashIndexSize=101
[2022.06.06-12.10.58:248][  0]LogPakFile: PakFile FullDirectoryIndexSize=160
[2022.06.06-12.10.58:248][  0]LogShaderLibrary: Display: ShaderCodeLibraryPakFileMountedCallback: PakFile 'C:/Program Files/Epic Games/UE_4.27/FeaturePacks/MobileStarterContent.upack' (chunk index -1, root 'root:/') mounted
[2022.06.06-12.10.58:248][  0]LogShaderLibrary: Display: ShaderCodeLibraryPakFileMountedCallback: pending pak file info (ChunkID:-1 Root:root:/ File:C:/Program Files/Epic Games/UE_4.27/FeaturePacks/MobileStarterContent.upack)
[2022.06.06-12.10.58:248][  0]LogPakFile: OnPakFileMounted2Time == 0.000046
[2022.06.06-12.10.58:255][  0]LogPakFile: PakFile PrimaryIndexSize=185
[2022.06.06-12.10.58:255][  0]LogPakFile: PakFile PathHashIndexSize=101
[2022.06.06-12.10.58:255][  0]LogPakFile: PakFile FullDirectoryIndexSize=148
[2022.06.06-12.10.58:255][  0]LogShaderLibrary: Display: ShaderCodeLibraryPakFileMountedCallback: PakFile 'C:/Program Files/Epic Games/UE_4.27/FeaturePacks/StarterContent.upack' (chunk index -1, root 'root:/') mounted
[2022.06.06-12.10.58:255][  0]LogShaderLibrary: Display: ShaderCodeLibraryPakFileMountedCallback: pending pak file info (ChunkID:-1 Root:root:/ File:C:/Program Files/Epic Games/UE_4.27/FeaturePacks/StarterContent.upack)
[2022.06.06-12.10.58:255][  0]LogPakFile: OnPakFileMounted2Time == 0.000111
[2022.06.06-12.10.58:264][  0]LogPakFile: PakFile PrimaryIndexSize=190
[2022.06.06-12.10.58:264][  0]LogPakFile: PakFile PathHashIndexSize=101
[2022.06.06-12.10.58:264][  0]LogPakFile: PakFile FullDirectoryIndexSize=154
[2022.06.06-12.10.58:265][  0]LogShaderLibrary: Display: ShaderCodeLibraryPakFileMountedCallback: PakFile 'C:/Program Files/Epic Games/UE_4.27/FeaturePacks/TP_2DSideScroller.upack' (chunk index -1, root 'root:/') mounted
[2022.06.06-12.10.58:265][  0]LogShaderLibrary: Display: ShaderCodeLibraryPakFileMountedCallback: pending pak file info (ChunkID:-1 Root:root:/ File:C:/Program Files/Epic Games/UE_4.27/FeaturePacks/TP_2DSideScroller.upack)
[2022.06.06-12.10.58:265][  0]LogPakFile: OnPakFileMounted2Time == 0.000094
[2022.06.06-12.10.58:271][  0]LogPakFile: PakFile PrimaryIndexSize=192
[2022.06.06-12.10.58:271][  0]LogPakFile: PakFile PathHashIndexSize=101
[2022.06.06-12.10.58:271][  0]LogPakFile: PakFile FullDirectoryIndexSize=158
[2022.06.06-12.10.58:271][  0]LogShaderLibrary: Display: ShaderCodeLibraryPakFileMountedCallback: PakFile 'C:/Program Files/Epic Games/UE_4.27/FeaturePacks/TP_2DSideScrollerBP.upack' (chunk index -1, root 'root:/') mounted
[2022.06.06-12.10.58:271][  0]LogShaderLibrary: Display: ShaderCodeLibraryPakFileMountedCallback: pending pak file info (ChunkID:-1 Root:root:/ File:C:/Program Files/Epic Games/UE_4.27/FeaturePacks/TP_2DSideScrollerBP.upack)
[2022.06.06-12.10.58:271][  0]LogPakFile: OnPakFileMounted2Time == 0.000103
[2022.06.06-12.10.58:280][  0]LogPakFile: PakFile PrimaryIndexSize=182
[2022.06.06-12.10.58:280][  0]LogPakFile: PakFile PathHashIndexSize=101
[2022.06.06-12.10.58:280][  0]LogPakFile: PakFile FullDirectoryIndexSize=138
[2022.06.06-12.10.58:280][  0]LogShaderLibrary: Display: ShaderCodeLibraryPakFileMountedCallback: PakFile 'C:/Program Files/Epic Games/UE_4.27/FeaturePacks/TP_Flying.upack' (chunk index -1, root 'root:/') mounted
[2022.06.06-12.10.58:280][  0]LogShaderLibrary: Display: ShaderCodeLibraryPakFileMountedCallback: pending pak file info (ChunkID:-1 Root:root:/ File:C:/Program Files/Epic Games/UE_4.27/FeaturePacks/TP_Flying.upack)
[2022.06.06-12.10.58:280][  0]LogPakFile: OnPakFileMounted2Time == 0.000054
[2022.06.06-12.10.58:289][  0]LogPakFile: PakFile PrimaryIndexSize=184
[2022.06.06-12.10.58:290][  0]LogPakFile: PakFile PathHashIndexSize=101
[2022.06.06-12.10.58:290][  0]LogPakFile: PakFile FullDirectoryIndexSize=142
[2022.06.06-12.10.58:290][  0]LogShaderLibrary: Display: ShaderCodeLibraryPakFileMountedCallback: PakFile 'C:/Program Files/Epic Games/UE_4.27/FeaturePacks/TP_FlyingBP.upack' (chunk index -1, root 'root:/') mounted
[2022.06.06-12.10.58:290][  0]LogShaderLibrary: Display: ShaderCodeLibraryPakFileMountedCallback: pending pak file info (ChunkID:-1 Root:root:/ File:C:/Program Files/Epic Games/UE_4.27/FeaturePacks/TP_FlyingBP.upack)
[2022.06.06-12.10.58:290][  0]LogPakFile: OnPakFileMounted2Time == 0.000045
[2022.06.06-12.10.58:299][  0]LogPakFile: PakFile PrimaryIndexSize=188
[2022.06.06-12.10.58:299][  0]LogPakFile: PakFile PathHashIndexSize=101
[2022.06.06-12.10.58:299][  0]LogPakFile: PakFile FullDirectoryIndexSize=150
[2022.06.06-12.10.58:299][  0]LogShaderLibrary: Display: ShaderCodeLibraryPakFileMountedCallback: PakFile 'C:/Program Files/Epic Games/UE_4.27/FeaturePacks/TP_HandheldARBP.upack' (chunk index -1, root 'root:/') mounted
[2022.06.06-12.10.58:299][  0]LogShaderLibrary: Display: ShaderCodeLibraryPakFileMountedCallback: pending pak file info (ChunkID:-1 Root:root:/ File:C:/Program Files/Epic Games/UE_4.27/FeaturePacks/TP_HandheldARBP.upack)
[2022.06.06-12.10.58:299][  0]LogPakFile: OnPakFileMounted2Time == 0.000045
[2022.06.06-12.10.58:308][  0]LogPakFile: PakFile PrimaryIndexSize=182
[2022.06.06-12.10.58:308][  0]LogPakFile: PakFile PathHashIndexSize=101
[2022.06.06-12.10.58:308][  0]LogPakFile: PakFile FullDirectoryIndexSize=138
[2022.06.06-12.10.58:308][  0]LogShaderLibrary: Display: ShaderCodeLibraryPakFileMountedCallback: PakFile 'C:/Program Files/Epic Games/UE_4.27/FeaturePacks/TP_Puzzle.upack' (chunk index -1, root 'root:/') mounted
[2022.06.06-12.10.58:308][  0]LogShaderLibrary: Display: ShaderCodeLibraryPakFileMountedCallback: pending pak file info (ChunkID:-1 Root:root:/ File:C:/Program Files/Epic Games/UE_4.27/FeaturePacks/TP_Puzzle.upack)
[2022.06.06-12.10.58:308][  0]LogPakFile: OnPakFileMounted2Time == 0.000045
[2022.06.06-12.10.58:317][  0]LogPakFile: PakFile PrimaryIndexSize=184
[2022.06.06-12.10.58:317][  0]LogPakFile: PakFile PathHashIndexSize=101
[2022.06.06-12.10.58:317][  0]LogPakFile: PakFile FullDirectoryIndexSize=142
[2022.06.06-12.10.58:317][  0]LogShaderLibrary: Display: ShaderCodeLibraryPakFileMountedCallback: PakFile 'C:/Program Files/Epic Games/UE_4.27/FeaturePacks/TP_PuzzleBP.upack' (chunk index -1, root 'root:/') mounted
[2022.06.06-12.10.58:317][  0]LogShaderLibrary: Display: ShaderCodeLibraryPakFileMountedCallback: pending pak file info (ChunkID:-1 Root:root:/ File:C:/Program Files/Epic Games/UE_4.27/FeaturePacks/TP_PuzzleBP.upack)
[2022.06.06-12.10.58:317][  0]LogPakFile: OnPakFileMounted2Time == 0.000065
[2022.06.06-12.10.58:325][  0]LogPakFile: PakFile PrimaryIndexSize=183
[2022.06.06-12.10.58:325][  0]LogPakFile: PakFile PathHashIndexSize=101
[2022.06.06-12.10.58:325][  0]LogPakFile: PakFile FullDirectoryIndexSize=140
[2022.06.06-12.10.58:325][  0]LogShaderLibrary: Display: ShaderCodeLibraryPakFileMountedCallback: PakFile 'C:/Program Files/Epic Games/UE_4.27/FeaturePacks/TP_Rolling.upack' (chunk index -1, root 'root:/') mounted
[2022.06.06-12.10.58:325][  0]LogShaderLibrary: Display: ShaderCodeLibraryPakFileMountedCallback: pending pak file info (ChunkID:-1 Root:root:/ File:C:/Program Files/Epic Games/UE_4.27/FeaturePacks/TP_Rolling.upack)
[2022.06.06-12.10.58:325][  0]LogPakFile: OnPakFileMounted2Time == 0.000097
[2022.06.06-12.10.58:334][  0]LogPakFile: PakFile PrimaryIndexSize=185
[2022.06.06-12.10.58:334][  0]LogPakFile: PakFile PathHashIndexSize=101
[2022.06.06-12.10.58:334][  0]LogPakFile: PakFile FullDirectoryIndexSize=144
[2022.06.06-12.10.58:334][  0]LogShaderLibrary: Display: ShaderCodeLibraryPakFileMountedCallback: PakFile 'C:/Program Files/Epic Games/UE_4.27/FeaturePacks/TP_RollingBP.upack' (chunk index -1, root 'root:/') mounted
[2022.06.06-12.10.58:334][  0]LogShaderLibrary: Display: ShaderCodeLibraryPakFileMountedCallback: pending pak file info (ChunkID:-1 Root:root:/ File:C:/Program Files/Epic Games/UE_4.27/FeaturePacks/TP_RollingBP.upack)
[2022.06.06-12.10.58:334][  0]LogPakFile: OnPakFileMounted2Time == 0.000048
[2022.06.06-12.10.58:341][  0]LogPakFile: PakFile PrimaryIndexSize=188
[2022.06.06-12.10.58:341][  0]LogPakFile: PakFile PathHashIndexSize=101
[2022.06.06-12.10.58:341][  0]LogPakFile: PakFile FullDirectoryIndexSize=150
[2022.06.06-12.10.58:341][  0]LogShaderLibrary: Display: ShaderCodeLibraryPakFileMountedCallback: PakFile 'C:/Program Files/Epic Games/UE_4.27/FeaturePacks/TP_SideScroller.upack' (chunk index -1, root 'root:/') mounted
[2022.06.06-12.10.58:341][  0]LogShaderLibrary: Display: ShaderCodeLibraryPakFileMountedCallback: pending pak file info (ChunkID:-1 Root:root:/ File:C:/Program Files/Epic Games/UE_4.27/FeaturePacks/TP_SideScroller.upack)
[2022.06.06-12.10.58:342][  0]LogPakFile: OnPakFileMounted2Time == 0.000092
[2022.06.06-12.10.58:350][  0]LogPakFile: PakFile PrimaryIndexSize=190
[2022.06.06-12.10.58:350][  0]LogPakFile: PakFile PathHashIndexSize=101
[2022.06.06-12.10.58:350][  0]LogPakFile: PakFile FullDirectoryIndexSize=154
[2022.06.06-12.10.58:350][  0]LogShaderLibrary: Display: ShaderCodeLibraryPakFileMountedCallback: PakFile 'C:/Program Files/Epic Games/UE_4.27/FeaturePacks/TP_SideScrollerBP.upack' (chunk index -1, root 'root:/') mounted
[2022.06.06-12.10.58:350][  0]LogShaderLibrary: Display: ShaderCodeLibraryPakFileMountedCallback: pending pak file info (ChunkID:-1 Root:root:/ File:C:/Program Files/Epic Games/UE_4.27/FeaturePacks/TP_SideScrollerBP.upack)
[2022.06.06-12.10.58:350][  0]LogPakFile: OnPakFileMounted2Time == 0.000048
[2022.06.06-12.10.58:358][  0]LogPakFile: PakFile PrimaryIndexSize=187
[2022.06.06-12.10.58:358][  0]LogPakFile: PakFile PathHashIndexSize=101
[2022.06.06-12.10.58:358][  0]LogPakFile: PakFile FullDirectoryIndexSize=148
[2022.06.06-12.10.58:358][  0]LogShaderLibrary: Display: ShaderCodeLibraryPakFileMountedCallback: PakFile 'C:/Program Files/Epic Games/UE_4.27/FeaturePacks/TP_ThirdPerson.upack' (chunk index -1, root 'root:/') mounted
[2022.06.06-12.10.58:358][  0]LogShaderLibrary: Display: ShaderCodeLibraryPakFileMountedCallback: pending pak file info (ChunkID:-1 Root:root:/ File:C:/Program Files/Epic Games/UE_4.27/FeaturePacks/TP_ThirdPerson.upack)
[2022.06.06-12.10.58:358][  0]LogPakFile: OnPakFileMounted2Time == 0.000046
[2022.06.06-12.10.58:367][  0]LogPakFile: PakFile PrimaryIndexSize=189
[2022.06.06-12.10.58:367][  0]LogPakFile: PakFile PathHashIndexSize=101
[2022.06.06-12.10.58:367][  0]LogPakFile: PakFile FullDirectoryIndexSize=152
[2022.06.06-12.10.58:367][  0]LogShaderLibrary: Display: ShaderCodeLibraryPakFileMountedCallback: PakFile 'C:/Program Files/Epic Games/UE_4.27/FeaturePacks/TP_ThirdPersonBP.upack' (chunk index -1, root 'root:/') mounted
[2022.06.06-12.10.58:367][  0]LogShaderLibrary: Display: ShaderCodeLibraryPakFileMountedCallback: pending pak file info (ChunkID:-1 Root:root:/ File:C:/Program Files/Epic Games/UE_4.27/FeaturePacks/TP_ThirdPersonBP.upack)
[2022.06.06-12.10.58:367][  0]LogPakFile: OnPakFileMounted2Time == 0.000102
[2022.06.06-12.10.58:374][  0]LogPakFile: PakFile PrimaryIndexSize=183
[2022.06.06-12.10.58:374][  0]LogPakFile: PakFile PathHashIndexSize=101
[2022.06.06-12.10.58:374][  0]LogPakFile: PakFile FullDirectoryIndexSize=140
[2022.06.06-12.10.58:374][  0]LogShaderLibrary: Display: ShaderCodeLibraryPakFileMountedCallback: PakFile 'C:/Program Files/Epic Games/UE_4.27/FeaturePacks/TP_TopDown.upack' (chunk index -1, root 'root:/') mounted
[2022.06.06-12.10.58:374][  0]LogShaderLibrary: Display: ShaderCodeLibraryPakFileMountedCallback: pending pak file info (ChunkID:-1 Root:root:/ File:C:/Program Files/Epic Games/UE_4.27/FeaturePacks/TP_TopDown.upack)
[2022.06.06-12.10.58:374][  0]LogPakFile: OnPakFileMounted2Time == 0.000093
[2022.06.06-12.10.58:384][  0]LogPakFile: PakFile PrimaryIndexSize=185
[2022.06.06-12.10.58:384][  0]LogPakFile: PakFile PathHashIndexSize=101
[2022.06.06-12.10.58:384][  0]LogPakFile: PakFile FullDirectoryIndexSize=144
[2022.06.06-12.10.58:384][  0]LogShaderLibrary: Display: ShaderCodeLibraryPakFileMountedCallback: PakFile 'C:/Program Files/Epic Games/UE_4.27/FeaturePacks/TP_TopDownBP.upack' (chunk index -1, root 'root:/') mounted
[2022.06.06-12.10.58:384][  0]LogShaderLibrary: Display: ShaderCodeLibraryPakFileMountedCallback: pending pak file info (ChunkID:-1 Root:root:/ File:C:/Program Files/Epic Games/UE_4.27/FeaturePacks/TP_TopDownBP.upack)
[2022.06.06-12.10.58:384][  0]LogPakFile: OnPakFileMounted2Time == 0.000048
[2022.06.06-12.10.58:396][  0]LogPakFile: PakFile PrimaryIndexSize=185
[2022.06.06-12.10.58:396][  0]LogPakFile: PakFile PathHashIndexSize=101
[2022.06.06-12.10.58:396][  0]LogPakFile: PakFile FullDirectoryIndexSize=144
[2022.06.06-12.10.58:397][  0]LogShaderLibrary: Display: ShaderCodeLibraryPakFileMountedCallback: PakFile 'C:/Program Files/Epic Games/UE_4.27/FeaturePacks/TP_TwinStick.upack' (chunk index -1, root 'root:/') mounted
[2022.06.06-12.10.58:397][  0]LogShaderLibrary: Display: ShaderCodeLibraryPakFileMountedCallback: pending pak file info (ChunkID:-1 Root:root:/ File:C:/Program Files/Epic Games/UE_4.27/FeaturePacks/TP_TwinStick.upack)
[2022.06.06-12.10.58:397][  0]LogPakFile: OnPakFileMounted2Time == 0.000118
[2022.06.06-12.10.58:405][  0]LogPakFile: PakFile PrimaryIndexSize=187
[2022.06.06-12.10.58:405][  0]LogPakFile: PakFile PathHashIndexSize=101
[2022.06.06-12.10.58:405][  0]LogPakFile: PakFile FullDirectoryIndexSize=148
[2022.06.06-12.10.58:405][  0]LogShaderLibrary: Display: ShaderCodeLibraryPakFileMountedCallback: PakFile 'C:/Program Files/Epic Games/UE_4.27/FeaturePacks/TP_TwinStickBP.upack' (chunk index -1, root 'root:/') mounted
[2022.06.06-12.10.58:405][  0]LogShaderLibrary: Display: ShaderCodeLibraryPakFileMountedCallback: pending pak file info (ChunkID:-1 Root:root:/ File:C:/Program Files/Epic Games/UE_4.27/FeaturePacks/TP_TwinStickBP.upack)
[2022.06.06-12.10.58:405][  0]LogPakFile: OnPakFileMounted2Time == 0.000046
[2022.06.06-12.10.58:412][  0]LogPakFile: PakFile PrimaryIndexSize=183
[2022.06.06-12.10.58:412][  0]LogPakFile: PakFile PathHashIndexSize=101
[2022.06.06-12.10.58:412][  0]LogPakFile: PakFile FullDirectoryIndexSize=140
[2022.06.06-12.10.58:412][  0]LogShaderLibrary: Display: ShaderCodeLibraryPakFileMountedCallback: PakFile 'C:/Program Files/Epic Games/UE_4.27/FeaturePacks/TP_Vehicle.upack' (chunk index -1, root 'root:/') mounted
[2022.06.06-12.10.58:412][  0]LogShaderLibrary: Display: ShaderCodeLibraryPakFileMountedCallback: pending pak file info (ChunkID:-1 Root:root:/ File:C:/Program Files/Epic Games/UE_4.27/FeaturePacks/TP_Vehicle.upack)
[2022.06.06-12.10.58:412][  0]LogPakFile: OnPakFileMounted2Time == 0.000056
[2022.06.06-12.10.58:420][  0]LogPakFile: PakFile PrimaryIndexSize=186
[2022.06.06-12.10.58:420][  0]LogPakFile: PakFile PathHashIndexSize=101
[2022.06.06-12.10.58:420][  0]LogPakFile: PakFile FullDirectoryIndexSize=146
[2022.06.06-12.10.58:420][  0]LogShaderLibrary: Display: ShaderCodeLibraryPakFileMountedCallback: PakFile 'C:/Program Files/Epic Games/UE_4.27/FeaturePacks/TP_VehicleAdv.upack' (chunk index -1, root 'root:/') mounted
[2022.06.06-12.10.58:421][  0]LogShaderLibrary: Display: ShaderCodeLibraryPakFileMountedCallback: pending pak file info (ChunkID:-1 Root:root:/ File:C:/Program Files/Epic Games/UE_4.27/FeaturePacks/TP_VehicleAdv.upack)
[2022.06.06-12.10.58:421][  0]LogPakFile: OnPakFileMounted2Time == 0.000087
[2022.06.06-12.10.58:427][  0]LogPakFile: PakFile PrimaryIndexSize=188
[2022.06.06-12.10.58:427][  0]LogPakFile: PakFile PathHashIndexSize=101
[2022.06.06-12.10.58:427][  0]LogPakFile: PakFile FullDirectoryIndexSize=150
[2022.06.06-12.10.58:427][  0]LogShaderLibrary: Display: ShaderCodeLibraryPakFileMountedCallback: PakFile 'C:/Program Files/Epic Games/UE_4.27/FeaturePacks/TP_VehicleAdvBP.upack' (chunk index -1, root 'root:/') mounted
[2022.06.06-12.10.58:427][  0]LogShaderLibrary: Display: ShaderCodeLibraryPakFileMountedCallback: pending pak file info (ChunkID:-1 Root:root:/ File:C:/Program Files/Epic Games/UE_4.27/FeaturePacks/TP_VehicleAdvBP.upack)
[2022.06.06-12.10.58:427][  0]LogPakFile: OnPakFileMounted2Time == 0.000050
[2022.06.06-12.10.58:435][  0]LogPakFile: PakFile PrimaryIndexSize=185
[2022.06.06-12.10.58:435][  0]LogPakFile: PakFile PathHashIndexSize=101
[2022.06.06-12.10.58:435][  0]LogPakFile: PakFile FullDirectoryIndexSize=144
[2022.06.06-12.10.58:435][  0]LogShaderLibrary: Display: ShaderCodeLibraryPakFileMountedCallback: PakFile 'C:/Program Files/Epic Games/UE_4.27/FeaturePacks/TP_VehicleBP.upack' (chunk index -1, root 'root:/') mounted
[2022.06.06-12.10.58:435][  0]LogShaderLibrary: Display: ShaderCodeLibraryPakFileMountedCallback: pending pak file info (ChunkID:-1 Root:root:/ File:C:/Program Files/Epic Games/UE_4.27/FeaturePacks/TP_VehicleBP.upack)
[2022.06.06-12.10.58:435][  0]LogPakFile: OnPakFileMounted2Time == 0.000048
[2022.06.06-12.10.58:442][  0]LogPakFile: PakFile PrimaryIndexSize=192
[2022.06.06-12.10.58:442][  0]LogPakFile: PakFile PathHashIndexSize=101
[2022.06.06-12.10.58:442][  0]LogPakFile: PakFile FullDirectoryIndexSize=158
[2022.06.06-12.10.58:442][  0]LogShaderLibrary: Display: ShaderCodeLibraryPakFileMountedCallback: PakFile 'C:/Program Files/Epic Games/UE_4.27/FeaturePacks/TP_VirtualRealityBP.upack' (chunk index -1, root 'root:/') mounted
[2022.06.06-12.10.58:442][  0]LogShaderLibrary: Display: ShaderCodeLibraryPakFileMountedCallback: pending pak file info (ChunkID:-1 Root:root:/ File:C:/Program Files/Epic Games/UE_4.27/FeaturePacks/TP_VirtualRealityBP.upack)
[2022.06.06-12.10.58:442][  0]LogPakFile: OnPakFileMounted2Time == 0.000048
[2022.06.06-12.10.58:821][  0]LogNativeClassHierarchy: Verbose: Native class hierarchy updated for 'AddContentDialog' in 0.0003 seconds. Added 0 classes and 0 folders.
[2022.06.06-12.10.58:825][  0]LogNativeClassHierarchy: Verbose: Native class hierarchy updated for 'SceneOutliner' in 0.0003 seconds. Added 2 classes and 0 folders.
[2022.06.06-12.10.58:938][  0]LogSlate: Took 0.009538 seconds to synchronously load lazily loaded font '../../../Engine/Content/Editor/Slate/Fonts/FontAwesome.ttf' (139K)
[2022.06.06-12.10.58:957][  0]LogSlate: Took 0.017955 seconds to synchronously load lazily loaded font '../../../Engine/Content/Editor/Slate/Fonts/NanumGothicBold.ttf' (4188K)
[2022.06.06-12.10.58:965][  0]LogSlate: Took 0.007789 seconds to synchronously load lazily loaded font '../../../Engine/Content/Slate/Fonts/Roboto-Bold.ttf' (160K)
[2022.06.06-12.10.59:084][  0]LogRenderer: Reallocating scene render targets to support 256x256 Format 10 NumSamples 1 (Frame:1).
[2022.06.06-12.10.59:177][  0]LogRenderer: Reallocating scene render targets to support 1136x488 Format 10 NumSamples 1 (Frame:1).
[2022.06.06-12.10.59:742][  0]LogSlate: Took 0.006665 seconds to synchronously load lazily loaded font '../../../Engine/Content/Slate/Fonts/Roboto-Light.ttf' (167K)
[2022.06.06-12.10.59:860][  0]LogNativeClassHierarchy: Verbose: Native class hierarchy updated for 'HierarchicalLODOutliner' in 0.0003 seconds. Added 0 classes and 0 folders.
[2022.06.06-12.10.59:860][  0]LogLoad: (Engine Initialization) Total time: 120.17 seconds
[2022.06.06-12.10.59:860][  0]LogLoad: (Engine Initialization) Total Blueprint compile time: 0.00 seconds
[2022.06.06-12.10.59:941][  0]LogNavigationDirtyArea: Warning: Skipping dirty area creation because of empty bounds (object: InstancedStaticMeshComponent /Game/HorrorEngine/Maps/Overview.Overview:PersistentLevel.LadderAdvanced_359.LadderConnect)
[2022.06.06-12.10.59:941][  0]LogNavigationDirtyArea: Warning: Skipping dirty area creation because of empty bounds (object: InstancedStaticMeshComponent /Game/HorrorEngine/Maps/Overview.Overview:PersistentLevel.LadderAdvanced3_512.LadderConnect)
[2022.06.06-12.10.59:944][  0]LogContentStreaming: Texture pool size now 1000 MB
[2022.06.06-12.11.00:001][  1]LogAssetRegistry: Asset discovery search completed in 98.6841 seconds
[2022.06.06-12.11.00:011][  1]LogCollectionManager: Fixed up redirectors for 0 collections in 0.000021 seconds (updated 0 objects)
[2022.06.06-12.11.02:791][ 79]LogD3D11RHI: Error: Result failed 
 at D:/Build/++UE4/Sync/Engine/Source/Runtime/Windows/D3D11RHI/Private/D3D11Query.cpp:360 
 with error DXGI_ERROR_DEVICE_REMOVED DXGI_ERROR_DEVICE_HUNG
[2022.06.06-12.11.02:791][ 79]LogD3D11RHI: [Aftermath] GDynamicRHI=000001FF4E6D4740, GDX11NVAfterMathEnabled=0, Result=0xFFFFFFFF, bDeviceActive=0
[2022.06.06-12.11.02:791][ 79]LogWindows: Windows GetLastError: 작업을 완료했습니다. (0)
[2022.06.06-12.11.05:836][ 79]LogWindows: FPlatformMisc::RequestExit(0)
[2022.06.06-12.11.05:836][ 79]LogWindows: FPlatformMisc::RequestExitWithStatus(0, 0)
[2022.06.06-12.11.05:836][ 79]LogCore: Engine exit requested (reason: Win RequestExit)
[2022.06.06-12.11.05:836][ 79]LogWindows: FPlatformMisc::RequestExit(1)
[2022.06.06-12.11.05:836][ 79]LogWindows: FPlatformMisc::RequestExitWithStatus(1, 3)
[2022.06.06-12.11.05:836][ 79]LogCore: Engine exit requested (reason: Win RequestExit; note: exit was already requested)
[2022.06.06-12.11.05:841][ 79]Log file closed, 06/06/22 21:11:05
